<?xml version="1.0" encoding="UTF-8"?>
<!-- Generated by org.testng.reporters.JUnitReportReporter -->
<testsuite hostname="DESKTOP-LSM8SKP" failures="0" tests="7" name="mobile.tests.Onboarding.signin_test" time="356.813" errors="0" timestamp="2024-11-11T20:08:40 IST" skipped="0">
  <testcase classname="mobile.tests.Onboarding.signin_test" name="Verify_that_the_user_open_the_installed_app_OB_001" time="55.967">
    <system-out>
      <![CDATA[verify Get_started is displayed
<h1 style="color:green;font-size:15px;">Test Passed</h1> 
verify welcome_to_level_supermind is displayed
<h1 style="color:green;font-size:15px;">Test Passed</h1> 
verify learn_from_experts is displayed
<h1 style="color:green;font-size:15px;">Test Passed</h1> 
verify meditation is displayed
<h1 style="color:green;font-size:15px;">Test Passed</h1> 
verify workouts is displayed
<h1 style="color:green;font-size:15px;">Test Passed</h1> 
verify sleep is displayed
<h1 style="color:green;font-size:15px;">Test Passed</h1> 
verify sign_in is displayed
<h1 style="color:green;font-size:15px;">Test Passed</h1> ]]>
    </system-out>
  </testcase> <!-- Verify_that_the_user_open_the_installed_app_OB_001 -->
  <testcase classname="mobile.tests.Onboarding.signin_test" name="Verify_that_the_user_Sign_in_with_invalid_Email_OB_005" time="40.442">
    <system-out>
      <![CDATA[Click on sign_in
Click on email
Click on enter_email_id]]>
    </system-out>
  </testcase> <!-- Verify_that_the_user_Sign_in_with_invalid_Email_OB_005 -->
  <testcase classname="mobile.tests.Onboarding.signin_test" name="Verify_that_the_user_tap_on_the_Get_Started_button_OB_002" time="27.519">
    <system-out>
      <![CDATA[Click on Get_started
verify sign_in_page is displayed
<h1 style="color:green;font-size:15px;">Test Passed</h1> ]]>
    </system-out>
  </testcase> <!-- Verify_that_the_user_tap_on_the_Get_Started_button_OB_002 -->
  <testcase classname="mobile.tests.Onboarding.signin_test" name="Verify_that_the_user_tap_on_the_Sign_In_button_OB_003" time="33.058">
    <system-out>
      <![CDATA[Click on sign_in
verify sign_in_page is displayed
<h1 style="color:green;font-size:15px;">Test Passed</h1> ]]>
    </system-out>
  </testcase> <!-- Verify_that_the_user_tap_on_the_Sign_In_button_OB_003 -->
  <testcase classname="mobile.tests.Onboarding.signin_test" name="Verify_that_the_user_Sign_with_valid_Phone_number_OB_006" time="91.341">
    <system-out>
      <![CDATA[Click on sign_in
Click on enter_mobile_no
verify right_arrow is enable
<h1 style="color:green;font-size:15px;">Test Passed</h1> 
Click on right_arrow
Click on enter_the_code_text_box
verify right_arrow is enable
<h1 style="color:green;font-size:15px;">Test Passed</h1> 
Click on right_arrow]]>
    </system-out>
  </testcase> <!-- Verify_that_the_user_Sign_with_valid_Phone_number_OB_006 -->
  <testcase classname="mobile.tests.Onboarding.signin_test" name="Verify_that_the_user_Sign_with_invalid_Phone_number_OB_007" time="40.484">
    <system-out>
      <![CDATA[Click on sign_in
Click on enter_mobile_no]]>
    </system-out>
  </testcase> <!-- Verify_that_the_user_Sign_with_invalid_Phone_number_OB_007 -->
  <testcase classname="mobile.tests.Onboarding.signin_test" name="Verify_that_the_user_Sign_in_with_valid_Email_OB_004" time="68.002">
    <system-out>
      <![CDATA[Click on sign_in
Click on email
Click on enter_email_id
verify right_arrow is enable
<h1 style="color:green;font-size:15px;">Test Passed</h1> 
Click on right_arrow
Click on enter_the_code_text_box
verify right_arrow is enable
<h1 style="color:green;font-size:15px;">Test Passed</h1> 
Click on right_arrow
verify customise_your_experience is displayed
<h1 style="color:green;font-size:15px;">Test Passed</h1> ]]>
    </system-out>
  </testcase> <!-- Verify_that_the_user_Sign_in_with_valid_Email_OB_004 -->
  <system-out>
    <![CDATA[verify Get_started is displayed
<h1 style="color:green;font-size:15px;">Test Passed</h1> 
verify welcome_to_level_supermind is displayed
<h1 style="color:green;font-size:15px;">Test Passed</h1> 
verify learn_from_experts is displayed
<h1 style="color:green;font-size:15px;">Test Passed</h1> 
verify meditation is displayed
<h1 style="color:green;font-size:15px;">Test Passed</h1> 
verify workouts is displayed
<h1 style="color:green;font-size:15px;">Test Passed</h1> 
verify sleep is displayed
<h1 style="color:green;font-size:15px;">Test Passed</h1> 
verify sign_in is displayed
<h1 style="color:green;font-size:15px;">Test Passed</h1> 
Click on Get_started
verify sign_in_page is displayed
<h1 style="color:green;font-size:15px;">Test Passed</h1> 
Click on sign_in
verify sign_in_page is displayed
<h1 style="color:green;font-size:15px;">Test Passed</h1> 
Click on sign_in
Click on email
Click on enter_email_id
verify right_arrow is enable
<h1 style="color:green;font-size:15px;">Test Passed</h1> 
Click on right_arrow
Click on enter_the_code_text_box
verify right_arrow is enable
<h1 style="color:green;font-size:15px;">Test Passed</h1> 
Click on right_arrow
verify customise_your_experience is displayed
<h1 style="color:green;font-size:15px;">Test Passed</h1> 
Click on sign_in
Click on email
Click on enter_email_id
Click on sign_in
Click on enter_mobile_no
verify right_arrow is enable
<h1 style="color:green;font-size:15px;">Test Passed</h1> 
Click on right_arrow
Click on enter_the_code_text_box
verify right_arrow is enable
<h1 style="color:green;font-size:15px;">Test Passed</h1> 
Click on right_arrow
Click on sign_in
Click on enter_mobile_no]]>
  </system-out>
</testsuite> <!-- mobile.tests.Onboarding.signin_test -->
