<?xml version="1.0" encoding="UTF-8"?>
<!-- Generated by org.testng.reporters.JUnitReportReporter -->
<testsuite hostname="DESKTOP-LSM8SKP" failures="0" tests="3" name="mobile.tests.Payment.Payment_Test" time="297.978" errors="0" timestamp="2024-11-11T20:18:37 IST" skipped="0">
  <testcase classname="mobile.tests.Payment.Payment_Test" name="Verify_that_the_user_tap_on_hamburger_icon_on_Today_PYT_001" time="87.300">
    <system-out>
      <![CDATA[Click on sign_in
verify phone is displayed
<h1 style="color:green;font-size:15px;">Test Passed</h1> 
verify email is displayed
<h1 style="color:green;font-size:15px;">Test Passed</h1> 
Click on enter_mobile_no
verify right_arrow is enable
<h1 style="color:green;font-size:15px;">Test Passed</h1> 
Click on right_arrow
Click on enter_the_code_text_box
verify right_arrow is enable
<h1 style="color:green;font-size:15px;">Test Passed</h1> 
Click on right_arrow
Click on hamburger
Click on Settings]]>
    </system-out>
  </testcase> <!-- Verify_that_the_user_tap_on_hamburger_icon_on_Today_PYT_001 -->
  <testcase classname="mobile.tests.Payment.Payment_Test" name="Verify_that_the_user_tap_on_the_Manage_Subscription_PYT_002" time="82.693">
    <system-out>
      <![CDATA[Click on sign_in
verify phone is displayed
<h1 style="color:green;font-size:15px;">Test Passed</h1> 
verify email is displayed
<h1 style="color:green;font-size:15px;">Test Passed</h1> 
Click on enter_mobile_no
verify right_arrow is enable
<h1 style="color:green;font-size:15px;">Test Passed</h1> 
Click on right_arrow
Click on enter_the_code_text_box
verify right_arrow is enable
<h1 style="color:green;font-size:15px;">Test Passed</h1> 
Click on right_arrow
Click on hamburger
Click on Manage_subscription]]>
    </system-out>
  </testcase> <!-- Verify_that_the_user_tap_on_the_Manage_Subscription_PYT_002 -->
  <testcase classname="mobile.tests.Payment.Payment_Test" name="Verify_that_the_user_tap_on_the_Show_all_plans_PYT_003_and_PYT_004" time="127.985">
    <system-out>
      <![CDATA[Click on sign_in
verify phone is displayed
<h1 style="color:green;font-size:15px;">Test Passed</h1> 
verify email is displayed
<h1 style="color:green;font-size:15px;">Test Passed</h1> 
Click on enter_mobile_no
verify right_arrow is enable
<h1 style="color:green;font-size:15px;">Test Passed</h1> 
Click on right_arrow
Click on enter_the_code_text_box
verify right_arrow is enable
<h1 style="color:green;font-size:15px;">Test Passed</h1> 
Click on right_arrow
Click on hamburger
Click on Manage_subscription
verify Explore_all_plans is displayed
<h1 style="color:green;font-size:15px;">Test Passed</h1> 
Click on Explore_all_plans
verify select_your_plan is displayed
<h1 style="color:green;font-size:15px;">Test Passed</h1> 
verify one_four_nine_months is displayed
<h1 style="color:green;font-size:15px;">Test Passed</h1> 
verify one_nine_nine_months is displayed
<h1 style="color:green;font-size:15px;">Test Passed</h1> 
verify two_nine_nine_months is displayed
<h1 style="color:green;font-size:15px;">Test Passed</h1> 
verify see_benefits is displayed
<h1 style="color:green;font-size:15px;">Test Passed</h1> ]]>
    </system-out>
  </testcase> <!-- Verify_that_the_user_tap_on_the_Show_all_plans_PYT_003_and_PYT_004 -->
  <system-out>
    <![CDATA[Click on sign_in
verify phone is displayed
<h1 style="color:green;font-size:15px;">Test Passed</h1> 
verify email is displayed
<h1 style="color:green;font-size:15px;">Test Passed</h1> 
Click on enter_mobile_no
verify right_arrow is enable
<h1 style="color:green;font-size:15px;">Test Passed</h1> 
Click on right_arrow
Click on enter_the_code_text_box
verify right_arrow is enable
<h1 style="color:green;font-size:15px;">Test Passed</h1> 
Click on right_arrow
Click on hamburger
Click on Settings
Click on sign_in
verify phone is displayed
<h1 style="color:green;font-size:15px;">Test Passed</h1> 
verify email is displayed
<h1 style="color:green;font-size:15px;">Test Passed</h1> 
Click on enter_mobile_no
verify right_arrow is enable
<h1 style="color:green;font-size:15px;">Test Passed</h1> 
Click on right_arrow
Click on enter_the_code_text_box
verify right_arrow is enable
<h1 style="color:green;font-size:15px;">Test Passed</h1> 
Click on right_arrow
Click on hamburger
Click on Manage_subscription
Click on sign_in
verify phone is displayed
<h1 style="color:green;font-size:15px;">Test Passed</h1> 
verify email is displayed
<h1 style="color:green;font-size:15px;">Test Passed</h1> 
Click on enter_mobile_no
verify right_arrow is enable
<h1 style="color:green;font-size:15px;">Test Passed</h1> 
Click on right_arrow
Click on enter_the_code_text_box
verify right_arrow is enable
<h1 style="color:green;font-size:15px;">Test Passed</h1> 
Click on right_arrow
Click on hamburger
Click on Manage_subscription
verify Explore_all_plans is displayed
<h1 style="color:green;font-size:15px;">Test Passed</h1> 
Click on Explore_all_plans
verify select_your_plan is displayed
<h1 style="color:green;font-size:15px;">Test Passed</h1> 
verify one_four_nine_months is displayed
<h1 style="color:green;font-size:15px;">Test Passed</h1> 
verify one_nine_nine_months is displayed
<h1 style="color:green;font-size:15px;">Test Passed</h1> 
verify two_nine_nine_months is displayed
<h1 style="color:green;font-size:15px;">Test Passed</h1> 
verify see_benefits is displayed
<h1 style="color:green;font-size:15px;">Test Passed</h1> ]]>
  </system-out>
</testsuite> <!-- mobile.tests.Payment.Payment_Test -->
