<?xml version="1.0" encoding="UTF-8"?>
<!-- Generated by org.testng.reporters.JUnitReportReporter -->
<testsuite hostname="DESKTOP-LSM8SKP" failures="0" tests="40" name="mobile.tests.Sleep_Playlist.Sleep_Playlist_Test" time="6531.127" errors="6" timestamp="2024-11-08T03:41:49 IST" skipped="0">
  <testcase classname="mobile.tests.Sleep_Playlist.Sleep_Playlist_Test" name="To_verify_when_the_user_taps_on_the_Close_icon_on_the_bottom_sheet_SLP_PL_043" time="183.785">
    <system-out>
      <![CDATA[Click on sign_in
verify phone is displayed
<h1 style="color:green;font-size:15px;">Test Passed</h1> 
verify email is displayed
<h1 style="color:green;font-size:15px;">Test Passed</h1> 
Click on enter_mobile_no
verify right_arrow is enable
<h1 style="color:green;font-size:15px;">Test Passed</h1> 
Click on right_arrow
Click on enter_the_code_text_box
verify right_arrow is enable
<h1 style="color:green;font-size:15px;">Test Passed</h1> 
Click on right_arrow
Click on sleep_tab_button
verify sleep_tab_button is enable
<h1 style="color:green;font-size:15px;">Test Passed</h1> 
verify playlist_name is enable
<h1 style="color:green;font-size:15px;">Test Passed</h1> 
Click on create
Click on ancient_wisdom_drop_down
verify go_to_playlist is displayed
<h1 style="color:green;font-size:15px;">Test Passed</h1> 
Click on go_to_playlist
Click on more_vert_icon_playlist
Click on close_button_golden_values_of_life]]>
    </system-out>
  </testcase> <!-- To_verify_when_the_user_taps_on_the_Close_icon_on_the_bottom_sheet_SLP_PL_043 -->
  <testcase classname="mobile.tests.Sleep_Playlist.Sleep_Playlist_Test" name="To_verify_when_the_user_taps_on_the_plus_Add_to_this_Playlist_option_on_the_bottom_sheet_SLP_PL_027" time="211.694">
    <error message="An element could not be located on the page using the given search parameters.
For documentation on this error, please visit: https://www.selenium.dev/documentation/webdriver/troubleshooting/errors#no-such-element-exception
Build info: version: &#039;4.18.1&#039;, revision: &#039;b1d3319b48&#039;
System info: os.name: &#039;Windows 11&#039;, os.arch: &#039;amd64&#039;, os.version: &#039;10.0&#039;, java.version: &#039;21.0.2&#039;
Driver info: io.appium.java_client.android.AndroidDriver
Command: [f3af70a1-f9d5-45aa-bb45-9f086b13c37a, findElement {using=xpath, value=//android.widget.TextView[@text=&quot;Add items&quot;]}]
Capabilities {appium:app: C:\Users\Harshal\Desktop\LS..., appium:appPackage: level.game, appium:appiumPlatform: Android, appium:automationName: UiAutomator2, appium:databaseEnabled: false, appium:desired: {app: C:\Users\Harshal\Desktop\LS..., appiumPlatform: Android, automationName: UiAutomator2, deviceName: ce051715b2392a1203, noReset: false, platformName: ANDROID, platformVersion: 9, projectName: LSM Mobile App}, appium:deviceApiLevel: 28, appium:deviceManufacturer: samsung, appium:deviceModel: SM-G950F, appium:deviceName: ce051715b2392a1203, appium:deviceScreenDensity: 480, appium:deviceScreenSize: 1080x2220, appium:deviceUDID: ce051715b2392a1203, appium:javascriptEnabled: true, appium:locationContextEnabled: false, appium:networkConnectionEnabled: true, appium:noReset: false, appium:pixelRatio: 3, appium:platformVersion: 9, appium:projectName: LSM Mobile App, appium:statBarHeight: 72, appium:takesScreenshot: true, appium:viewportRect: {height: 2148, left: 0, top: 72, width: 1080}, appium:warnings: {}, appium:webStorageEnabled: false, platformName: ANDROID}
Session ID: f3af70a1-f9d5-45aa-bb45-9f086b13c37a" type="org.openqa.selenium.NoSuchElementException">
      <![CDATA[org.openqa.selenium.NoSuchElementException: An element could not be located on the page using the given search parameters.
For documentation on this error, please visit: https://www.selenium.dev/documentation/webdriver/troubleshooting/errors#no-such-element-exception
Build info: version: '4.18.1', revision: 'b1d3319b48'
System info: os.name: 'Windows 11', os.arch: 'amd64', os.version: '10.0', java.version: '21.0.2'
Driver info: io.appium.java_client.android.AndroidDriver
Command: [f3af70a1-f9d5-45aa-bb45-9f086b13c37a, findElement {using=xpath, value=//android.widget.TextView[@text="Add items"]}]
Capabilities {appium:app: C:\Users\Harshal\Desktop\LS..., appium:appPackage: level.game, appium:appiumPlatform: Android, appium:automationName: UiAutomator2, appium:databaseEnabled: false, appium:desired: {app: C:\Users\Harshal\Desktop\LS..., appiumPlatform: Android, automationName: UiAutomator2, deviceName: ce051715b2392a1203, noReset: false, platformName: ANDROID, platformVersion: 9, projectName: LSM Mobile App}, appium:deviceApiLevel: 28, appium:deviceManufacturer: samsung, appium:deviceModel: SM-G950F, appium:deviceName: ce051715b2392a1203, appium:deviceScreenDensity: 480, appium:deviceScreenSize: 1080x2220, appium:deviceUDID: ce051715b2392a1203, appium:javascriptEnabled: true, appium:locationContextEnabled: false, appium:networkConnectionEnabled: true, appium:noReset: false, appium:pixelRatio: 3, appium:platformVersion: 9, appium:projectName: LSM Mobile App, appium:statBarHeight: 72, appium:takesScreenshot: true, appium:viewportRect: {height: 2148, left: 0, top: 72, width: 1080}, appium:warnings: {}, appium:webStorageEnabled: false, platformName: ANDROID}
Session ID: f3af70a1-f9d5-45aa-bb45-9f086b13c37a
at java.base/jdk.internal.reflect.DirectConstructorHandleAccessor.newInstance(DirectConstructorHandleAccessor.java:62)
at java.base/java.lang.reflect.Constructor.newInstanceWithCaller(Constructor.java:502)
at java.base/java.lang.reflect.Constructor.newInstance(Constructor.java:486)
at org.openqa.selenium.remote.ErrorCodec.decode(ErrorCodec.java:167)
at org.openqa.selenium.remote.codec.w3c.W3CHttpResponseCodec.decode(W3CHttpResponseCodec.java:138)
at org.openqa.selenium.remote.codec.w3c.W3CHttpResponseCodec.decode(W3CHttpResponseCodec.java:50)
at org.openqa.selenium.remote.HttpCommandExecutor.execute(HttpCommandExecutor.java:190)
at io.appium.java_client.remote.AppiumCommandExecutor.execute(AppiumCommandExecutor.java:237)
at org.openqa.selenium.remote.RemoteWebDriver.execute(RemoteWebDriver.java:519)
at org.openqa.selenium.remote.ElementLocation$ElementFinder$2.findElement(ElementLocation.java:165)
at org.openqa.selenium.remote.ElementLocation.findElement(ElementLocation.java:59)
at org.openqa.selenium.remote.RemoteWebDriver.findElement(RemoteWebDriver.java:356)
at org.openqa.selenium.remote.RemoteWebDriver.findElement(RemoteWebDriver.java:350)
at io.unity.performaction.autoweb.Element.get_element_from_value(Element.java:45)
at io.unity.performaction.autoweb.Element.find(Element.java:84)
at io.unity.performaction.autoweb.Wait.wait_until_element_is_visible(Wait.java:33)
at mobile.object_repository.sleep_playlist.Sleep_Playlist_Page.verify_and_click_on_add_items_button(Sleep_Playlist_Page.java:502)
at mobile.tests.Sleep_Playlist.Sleep_Playlist_Test.To_verify_when_the_user_taps_on_the_plus_Add_to_this_Playlist_option_on_the_bottom_sheet_SLP_PL_027(Sleep_Playlist_Test.java:783)
at java.base/jdk.internal.reflect.DirectMethodHandleAccessor.invoke(DirectMethodHandleAccessor.java:103)
at java.base/java.lang.reflect.Method.invoke(Method.java:580)
at org.testng.internal.invokers.MethodInvocationHelper.invokeMethod(MethodInvocationHelper.java:139)
at org.testng.internal.invokers.TestInvoker.invokeMethod(TestInvoker.java:664)
at org.testng.internal.invokers.TestInvoker.invokeTestMethod(TestInvoker.java:227)
at org.testng.internal.invokers.MethodRunner.runInSequence(MethodRunner.java:50)
at org.testng.internal.invokers.TestInvoker$MethodInvocationAgent.invoke(TestInvoker.java:957)
at org.testng.internal.invokers.TestInvoker.invokeTestMethods(TestInvoker.java:200)
at org.testng.internal.invokers.TestMethodWorker.invokeTestMethods(TestMethodWorker.java:148)
at org.testng.internal.invokers.TestMethodWorker.run(TestMethodWorker.java:128)
at java.base/java.util.ArrayList.forEach(ArrayList.java:1596)
at org.testng.TestRunner.privateRun(TestRunner.java:848)
at org.testng.TestRunner.run(TestRunner.java:621)
at org.testng.SuiteRunner.runTest(SuiteRunner.java:443)
at org.testng.SuiteRunner.runSequentially(SuiteRunner.java:437)
at org.testng.SuiteRunner.privateRun(SuiteRunner.java:397)
at org.testng.SuiteRunner.run(SuiteRunner.java:336)
at org.testng.SuiteRunnerWorker.runSuite(SuiteRunnerWorker.java:52)
at org.testng.SuiteRunnerWorker.run(SuiteRunnerWorker.java:95)
at org.testng.TestNG.runSuitesSequentially(TestNG.java:1280)
at org.testng.TestNG.runSuitesLocally(TestNG.java:1200)
at org.testng.TestNG.runSuites(TestNG.java:1114)
at org.testng.TestNG.run(TestNG.java:1082)
at io.unity.framework.runner.TestRunner.start(TestRunner.java:69)
at runner.Runner.main(Runner.java:10)
]]>
    </error>
    <system-out>
      <![CDATA[Click on sign_in
verify phone is displayed
<h1 style="color:green;font-size:15px;">Test Passed</h1> 
verify email is displayed
<h1 style="color:green;font-size:15px;">Test Passed</h1> 
Click on enter_mobile_no
verify right_arrow is enable
<h1 style="color:green;font-size:15px;">Test Passed</h1> 
Click on right_arrow
Click on enter_the_code_text_box
verify right_arrow is enable
<h1 style="color:green;font-size:15px;">Test Passed</h1> 
Click on right_arrow
Click on sleep_tab_button
verify sleep_tab_button is enable
<h1 style="color:green;font-size:15px;">Test Passed</h1> 
verify playlist_name is enable
<h1 style="color:green;font-size:15px;">Test Passed</h1> 
Click on create
Click on ancient_wisdom_drop_down
verify go_to_playlist is displayed
<h1 style="color:green;font-size:15px;">Test Passed</h1> 
Click on go_to_playlist
verify golden_values_of_life is displayed
<h1 style="color:green;font-size:15px;">Test Passed</h1> 
verify siddhartha_chapter is displayed
<h1 style="color:green;font-size:15px;">Test Passed</h1> ]]>
    </system-out>
  </testcase> <!-- To_verify_when_the_user_taps_on_the_plus_Add_to_this_Playlist_option_on_the_bottom_sheet_SLP_PL_027 -->
  <testcase classname="mobile.tests.Sleep_Playlist.Sleep_Playlist_Test" name="To_verify_when_the_user_taps_on_the_Create_Playlist_button_on_the_Your_Playlist_section_SLP_PL_002" time="96.230">
    <system-out>
      <![CDATA[Click on sign_in
verify phone is displayed
<h1 style="color:green;font-size:15px;">Test Passed</h1> 
verify email is displayed
<h1 style="color:green;font-size:15px;">Test Passed</h1> 
Click on enter_mobile_no
verify right_arrow is enable
<h1 style="color:green;font-size:15px;">Test Passed</h1> 
Click on right_arrow
Click on enter_the_code_text_box
verify right_arrow is enable
<h1 style="color:green;font-size:15px;">Test Passed</h1> 
Click on right_arrow
Click on sleep_tab_button
verify sleep_tab_button is enable
<h1 style="color:green;font-size:15px;">Test Passed</h1> 
verify playlist_name is enable
<h1 style="color:green;font-size:15px;">Test Passed</h1> ]]>
    </system-out>
  </testcase> <!-- To_verify_when_the_user_taps_on_the_Create_Playlist_button_on_the_Your_Playlist_section_SLP_PL_002 -->
  <testcase classname="mobile.tests.Sleep_Playlist.Sleep_Playlist_Test" name="To_verify_when_the_user_taps_on_the_More_Vert_icon_beside_the_playlist_name_SLP_PL_023" time="180.642">
    <system-out>
      <![CDATA[Click on sign_in
verify phone is displayed
<h1 style="color:green;font-size:15px;">Test Passed</h1> 
verify email is displayed
<h1 style="color:green;font-size:15px;">Test Passed</h1> 
Click on enter_mobile_no
verify right_arrow is enable
<h1 style="color:green;font-size:15px;">Test Passed</h1> 
Click on right_arrow
Click on enter_the_code_text_box
verify right_arrow is enable
<h1 style="color:green;font-size:15px;">Test Passed</h1> 
Click on right_arrow
Click on sleep_tab_button
verify sleep_tab_button is enable
<h1 style="color:green;font-size:15px;">Test Passed</h1> 
verify playlist_name is enable
<h1 style="color:green;font-size:15px;">Test Passed</h1> 
Click on create
Click on ancient_wisdom_drop_down
verify go_to_playlist is displayed
<h1 style="color:green;font-size:15px;">Test Passed</h1> 
Click on go_to_playlist
verify playlist_page is displayed
<h1 style="color:green;font-size:15px;">Test Passed</h1> 
verify more_vert is displayed
<h1 style="color:green;font-size:15px;">Test Passed</h1> 
Click on more_vert
verify close_button_playlist is displayed
<h1 style="color:green;font-size:15px;">Test Passed</h1> 
verify add_to_this_playlist is displayed
<h1 style="color:green;font-size:15px;">Test Passed</h1> 
verify delete_playlist is displayed
<h1 style="color:green;font-size:15px;">Test Passed</h1> 
verify edit_playlist is displayed
<h1 style="color:green;font-size:15px;">Test Passed</h1> ]]>
    </system-out>
  </testcase> <!-- To_verify_when_the_user_taps_on_the_More_Vert_icon_beside_the_playlist_name_SLP_PL_023 -->
  <testcase classname="mobile.tests.Sleep_Playlist.Sleep_Playlist_Test" name="To_verify_when_the_user_taps_on_the_More_Vert_icon_on_the_any_added_track_from_the_playlist_SLP_PL_025" time="205.971">
    <error message="An element could not be located on the page using the given search parameters.
For documentation on this error, please visit: https://www.selenium.dev/documentation/webdriver/troubleshooting/errors#no-such-element-exception
Build info: version: &#039;4.18.1&#039;, revision: &#039;b1d3319b48&#039;
System info: os.name: &#039;Windows 11&#039;, os.arch: &#039;amd64&#039;, os.version: &#039;10.0&#039;, java.version: &#039;21.0.2&#039;
Driver info: io.appium.java_client.android.AndroidDriver
Command: [f4c35e70-78f8-4374-b82f-e6df70de3799, findElement {using=xpath, value=//android.widget.TextView[@text=&#039;Siddhartha Chapter 1&#039;]}]
Capabilities {appium:app: C:\Users\Harshal\Desktop\LS..., appium:appPackage: level.game, appium:appiumPlatform: Android, appium:automationName: UiAutomator2, appium:databaseEnabled: false, appium:desired: {app: C:\Users\Harshal\Desktop\LS..., appiumPlatform: Android, automationName: UiAutomator2, deviceName: ce051715b2392a1203, noReset: false, platformName: ANDROID, platformVersion: 9, projectName: LSM Mobile App}, appium:deviceApiLevel: 28, appium:deviceManufacturer: samsung, appium:deviceModel: SM-G950F, appium:deviceName: ce051715b2392a1203, appium:deviceScreenDensity: 480, appium:deviceScreenSize: 1080x2220, appium:deviceUDID: ce051715b2392a1203, appium:javascriptEnabled: true, appium:locationContextEnabled: false, appium:networkConnectionEnabled: true, appium:noReset: false, appium:pixelRatio: 3, appium:platformVersion: 9, appium:projectName: LSM Mobile App, appium:statBarHeight: 72, appium:takesScreenshot: true, appium:viewportRect: {height: 2148, left: 0, top: 72, width: 1080}, appium:warnings: {}, appium:webStorageEnabled: false, platformName: ANDROID}
Session ID: f4c35e70-78f8-4374-b82f-e6df70de3799" type="org.openqa.selenium.NoSuchElementException">
      <![CDATA[org.openqa.selenium.NoSuchElementException: An element could not be located on the page using the given search parameters.
For documentation on this error, please visit: https://www.selenium.dev/documentation/webdriver/troubleshooting/errors#no-such-element-exception
Build info: version: '4.18.1', revision: 'b1d3319b48'
System info: os.name: 'Windows 11', os.arch: 'amd64', os.version: '10.0', java.version: '21.0.2'
Driver info: io.appium.java_client.android.AndroidDriver
Command: [f4c35e70-78f8-4374-b82f-e6df70de3799, findElement {using=xpath, value=//android.widget.TextView[@text='Siddhartha Chapter 1']}]
Capabilities {appium:app: C:\Users\Harshal\Desktop\LS..., appium:appPackage: level.game, appium:appiumPlatform: Android, appium:automationName: UiAutomator2, appium:databaseEnabled: false, appium:desired: {app: C:\Users\Harshal\Desktop\LS..., appiumPlatform: Android, automationName: UiAutomator2, deviceName: ce051715b2392a1203, noReset: false, platformName: ANDROID, platformVersion: 9, projectName: LSM Mobile App}, appium:deviceApiLevel: 28, appium:deviceManufacturer: samsung, appium:deviceModel: SM-G950F, appium:deviceName: ce051715b2392a1203, appium:deviceScreenDensity: 480, appium:deviceScreenSize: 1080x2220, appium:deviceUDID: ce051715b2392a1203, appium:javascriptEnabled: true, appium:locationContextEnabled: false, appium:networkConnectionEnabled: true, appium:noReset: false, appium:pixelRatio: 3, appium:platformVersion: 9, appium:projectName: LSM Mobile App, appium:statBarHeight: 72, appium:takesScreenshot: true, appium:viewportRect: {height: 2148, left: 0, top: 72, width: 1080}, appium:warnings: {}, appium:webStorageEnabled: false, platformName: ANDROID}
Session ID: f4c35e70-78f8-4374-b82f-e6df70de3799
at java.base/jdk.internal.reflect.DirectConstructorHandleAccessor.newInstance(DirectConstructorHandleAccessor.java:62)
at java.base/java.lang.reflect.Constructor.newInstanceWithCaller(Constructor.java:502)
at java.base/java.lang.reflect.Constructor.newInstance(Constructor.java:486)
at org.openqa.selenium.remote.ErrorCodec.decode(ErrorCodec.java:167)
at org.openqa.selenium.remote.codec.w3c.W3CHttpResponseCodec.decode(W3CHttpResponseCodec.java:138)
at org.openqa.selenium.remote.codec.w3c.W3CHttpResponseCodec.decode(W3CHttpResponseCodec.java:50)
at org.openqa.selenium.remote.HttpCommandExecutor.execute(HttpCommandExecutor.java:190)
at io.appium.java_client.remote.AppiumCommandExecutor.execute(AppiumCommandExecutor.java:237)
at org.openqa.selenium.remote.RemoteWebDriver.execute(RemoteWebDriver.java:519)
at org.openqa.selenium.remote.ElementLocation$ElementFinder$2.findElement(ElementLocation.java:165)
at org.openqa.selenium.remote.ElementLocation.findElement(ElementLocation.java:59)
at org.openqa.selenium.remote.RemoteWebDriver.findElement(RemoteWebDriver.java:356)
at org.openqa.selenium.remote.RemoteWebDriver.findElement(RemoteWebDriver.java:350)
at io.unity.performaction.autoweb.Element.get_element_from_value(Element.java:45)
at io.unity.performaction.autoweb.Element.find(Element.java:84)
at io.unity.performaction.autoweb.Wait.wait_until_element_is_visible(Wait.java:33)
at mobile.object_repository.sleep_playlist.Sleep_Playlist_Page.verify_siddhartha_chapter_present_on_playlist_page(Sleep_Playlist_Page.java:402)
at mobile.tests.Sleep_Playlist.Sleep_Playlist_Test.To_verify_when_the_user_taps_on_the_More_Vert_icon_on_the_any_added_track_from_the_playlist_SLP_PL_025(Sleep_Playlist_Test.java:703)
at java.base/jdk.internal.reflect.DirectMethodHandleAccessor.invoke(DirectMethodHandleAccessor.java:103)
at java.base/java.lang.reflect.Method.invoke(Method.java:580)
at org.testng.internal.invokers.MethodInvocationHelper.invokeMethod(MethodInvocationHelper.java:139)
at org.testng.internal.invokers.TestInvoker.invokeMethod(TestInvoker.java:664)
at org.testng.internal.invokers.TestInvoker.invokeTestMethod(TestInvoker.java:227)
at org.testng.internal.invokers.MethodRunner.runInSequence(MethodRunner.java:50)
at org.testng.internal.invokers.TestInvoker$MethodInvocationAgent.invoke(TestInvoker.java:957)
at org.testng.internal.invokers.TestInvoker.invokeTestMethods(TestInvoker.java:200)
at org.testng.internal.invokers.TestMethodWorker.invokeTestMethods(TestMethodWorker.java:148)
at org.testng.internal.invokers.TestMethodWorker.run(TestMethodWorker.java:128)
at java.base/java.util.ArrayList.forEach(ArrayList.java:1596)
at org.testng.TestRunner.privateRun(TestRunner.java:848)
at org.testng.TestRunner.run(TestRunner.java:621)
at org.testng.SuiteRunner.runTest(SuiteRunner.java:443)
at org.testng.SuiteRunner.runSequentially(SuiteRunner.java:437)
at org.testng.SuiteRunner.privateRun(SuiteRunner.java:397)
at org.testng.SuiteRunner.run(SuiteRunner.java:336)
at org.testng.SuiteRunnerWorker.runSuite(SuiteRunnerWorker.java:52)
at org.testng.SuiteRunnerWorker.run(SuiteRunnerWorker.java:95)
at org.testng.TestNG.runSuitesSequentially(TestNG.java:1280)
at org.testng.TestNG.runSuitesLocally(TestNG.java:1200)
at org.testng.TestNG.runSuites(TestNG.java:1114)
at org.testng.TestNG.run(TestNG.java:1082)
at io.unity.framework.runner.TestRunner.start(TestRunner.java:69)
at runner.Runner.main(Runner.java:10)
]]>
    </error>
    <system-out>
      <![CDATA[Click on sign_in
verify phone is displayed
<h1 style="color:green;font-size:15px;">Test Passed</h1> 
verify email is displayed
<h1 style="color:green;font-size:15px;">Test Passed</h1> 
Click on enter_mobile_no
verify right_arrow is enable
<h1 style="color:green;font-size:15px;">Test Passed</h1> 
Click on right_arrow
Click on enter_the_code_text_box
verify right_arrow is enable
<h1 style="color:green;font-size:15px;">Test Passed</h1> 
Click on right_arrow
Click on sleep_tab_button
verify sleep_tab_button is enable
<h1 style="color:green;font-size:15px;">Test Passed</h1> 
verify playlist_name is enable
<h1 style="color:green;font-size:15px;">Test Passed</h1> 
Click on create
Click on ancient_wisdom_drop_down
verify go_to_playlist is displayed
<h1 style="color:green;font-size:15px;">Test Passed</h1> 
Click on go_to_playlist
verify golden_values_of_life is displayed
<h1 style="color:green;font-size:15px;">Test Passed</h1> ]]>
    </system-out>
  </testcase> <!-- To_verify_when_the_user_taps_on_the_More_Vert_icon_on_the_any_added_track_from_the_playlist_SLP_PL_025 -->
  <testcase classname="mobile.tests.Sleep_Playlist.Sleep_Playlist_Test" name="To_verify_when_the_user_tap_on_the_Save_button_after_removing_the_tracks_in_the_playlist_SLP_PL_040" time="185.823">
    <system-out>
      <![CDATA[Click on sign_in
verify phone is displayed
<h1 style="color:green;font-size:15px;">Test Passed</h1> 
verify email is displayed
<h1 style="color:green;font-size:15px;">Test Passed</h1> 
Click on enter_mobile_no
verify right_arrow is enable
<h1 style="color:green;font-size:15px;">Test Passed</h1> 
Click on right_arrow
Click on enter_the_code_text_box
verify right_arrow is enable
<h1 style="color:green;font-size:15px;">Test Passed</h1> 
Click on right_arrow
Click on sleep_tab_button
verify sleep_tab_button is enable
<h1 style="color:green;font-size:15px;">Test Passed</h1> 
verify playlist_name is enable
<h1 style="color:green;font-size:15px;">Test Passed</h1> 
Click on create
Click on ancient_wisdom_drop_down
verify go_to_playlist is displayed
<h1 style="color:green;font-size:15px;">Test Passed</h1> 
Click on go_to_playlist
verify more_vert is displayed
<h1 style="color:green;font-size:15px;">Test Passed</h1> 
Click on more_vert
Click on edit_playlist
Click on Remove_x_icon_playlist
Click on save_playlist]]>
    </system-out>
  </testcase> <!-- To_verify_when_the_user_tap_on_the_Save_button_after_removing_the_tracks_in_the_playlist_SLP_PL_040 -->
  <testcase classname="mobile.tests.Sleep_Playlist.Sleep_Playlist_Test" name="To_verify_when_the_user_enters_the_any_keyword_in_search_field_of_the_Add_item_to_playlist_screen_SLP_PL_009" time="168.569">
    <error message="An element could not be located on the page using the given search parameters.
For documentation on this error, please visit: https://www.selenium.dev/documentation/webdriver/troubleshooting/errors#no-such-element-exception
Build info: version: &#039;4.18.1&#039;, revision: &#039;b1d3319b48&#039;
System info: os.name: &#039;Windows 11&#039;, os.arch: &#039;amd64&#039;, os.version: &#039;10.0&#039;, java.version: &#039;21.0.2&#039;
Driver info: io.appium.java_client.android.AndroidDriver
Command: [342739df-0f85-4ff2-9025-aff3e1b4fb9b, findElement {using=xpath, value=//android.widget.TextView[@text=&quot;Search for sleep stories&quot;]}]
Capabilities {appium:app: C:\Users\Harshal\Desktop\LS..., appium:appPackage: level.game, appium:appiumPlatform: Android, appium:automationName: UiAutomator2, appium:databaseEnabled: false, appium:desired: {app: C:\Users\Harshal\Desktop\LS..., appiumPlatform: Android, automationName: UiAutomator2, deviceName: ce051715b2392a1203, noReset: false, platformName: ANDROID, platformVersion: 9, projectName: LSM Mobile App}, appium:deviceApiLevel: 28, appium:deviceManufacturer: samsung, appium:deviceModel: SM-G950F, appium:deviceName: ce051715b2392a1203, appium:deviceScreenDensity: 480, appium:deviceScreenSize: 1080x2220, appium:deviceUDID: ce051715b2392a1203, appium:javascriptEnabled: true, appium:locationContextEnabled: false, appium:networkConnectionEnabled: true, appium:noReset: false, appium:pixelRatio: 3, appium:platformVersion: 9, appium:projectName: LSM Mobile App, appium:statBarHeight: 72, appium:takesScreenshot: true, appium:viewportRect: {height: 2148, left: 0, top: 72, width: 1080}, appium:warnings: {}, appium:webStorageEnabled: false, platformName: ANDROID}
Session ID: 342739df-0f85-4ff2-9025-aff3e1b4fb9b" type="org.openqa.selenium.NoSuchElementException">
      <![CDATA[org.openqa.selenium.NoSuchElementException: An element could not be located on the page using the given search parameters.
For documentation on this error, please visit: https://www.selenium.dev/documentation/webdriver/troubleshooting/errors#no-such-element-exception
Build info: version: '4.18.1', revision: 'b1d3319b48'
System info: os.name: 'Windows 11', os.arch: 'amd64', os.version: '10.0', java.version: '21.0.2'
Driver info: io.appium.java_client.android.AndroidDriver
Command: [342739df-0f85-4ff2-9025-aff3e1b4fb9b, findElement {using=xpath, value=//android.widget.TextView[@text="Search for sleep stories"]}]
Capabilities {appium:app: C:\Users\Harshal\Desktop\LS..., appium:appPackage: level.game, appium:appiumPlatform: Android, appium:automationName: UiAutomator2, appium:databaseEnabled: false, appium:desired: {app: C:\Users\Harshal\Desktop\LS..., appiumPlatform: Android, automationName: UiAutomator2, deviceName: ce051715b2392a1203, noReset: false, platformName: ANDROID, platformVersion: 9, projectName: LSM Mobile App}, appium:deviceApiLevel: 28, appium:deviceManufacturer: samsung, appium:deviceModel: SM-G950F, appium:deviceName: ce051715b2392a1203, appium:deviceScreenDensity: 480, appium:deviceScreenSize: 1080x2220, appium:deviceUDID: ce051715b2392a1203, appium:javascriptEnabled: true, appium:locationContextEnabled: false, appium:networkConnectionEnabled: true, appium:noReset: false, appium:pixelRatio: 3, appium:platformVersion: 9, appium:projectName: LSM Mobile App, appium:statBarHeight: 72, appium:takesScreenshot: true, appium:viewportRect: {height: 2148, left: 0, top: 72, width: 1080}, appium:warnings: {}, appium:webStorageEnabled: false, platformName: ANDROID}
Session ID: 342739df-0f85-4ff2-9025-aff3e1b4fb9b
at java.base/jdk.internal.reflect.DirectConstructorHandleAccessor.newInstance(DirectConstructorHandleAccessor.java:62)
at java.base/java.lang.reflect.Constructor.newInstanceWithCaller(Constructor.java:502)
at java.base/java.lang.reflect.Constructor.newInstance(Constructor.java:486)
at org.openqa.selenium.remote.ErrorCodec.decode(ErrorCodec.java:167)
at org.openqa.selenium.remote.codec.w3c.W3CHttpResponseCodec.decode(W3CHttpResponseCodec.java:138)
at org.openqa.selenium.remote.codec.w3c.W3CHttpResponseCodec.decode(W3CHttpResponseCodec.java:50)
at org.openqa.selenium.remote.HttpCommandExecutor.execute(HttpCommandExecutor.java:190)
at io.appium.java_client.remote.AppiumCommandExecutor.execute(AppiumCommandExecutor.java:237)
at org.openqa.selenium.remote.RemoteWebDriver.execute(RemoteWebDriver.java:519)
at org.openqa.selenium.remote.ElementLocation$ElementFinder$2.findElement(ElementLocation.java:165)
at org.openqa.selenium.remote.ElementLocation.findElement(ElementLocation.java:59)
at org.openqa.selenium.remote.RemoteWebDriver.findElement(RemoteWebDriver.java:356)
at org.openqa.selenium.remote.RemoteWebDriver.findElement(RemoteWebDriver.java:350)
at io.unity.performaction.autoweb.Element.get_element_from_value(Element.java:45)
at io.unity.performaction.autoweb.Element.find(Element.java:84)
at io.unity.performaction.autoweb.Wait.wait_until_element_is_visible(Wait.java:33)
at mobile.object_repository.sleep_playlist.Sleep_Playlist_Page.verify_search_text_present_on_page(Sleep_Playlist_Page.java:140)
at mobile.tests.Sleep_Playlist.Sleep_Playlist_Test.To_verify_when_the_user_enters_the_any_keyword_in_search_field_of_the_Add_item_to_playlist_screen_SLP_PL_009(Sleep_Playlist_Test.java:263)
at java.base/jdk.internal.reflect.DirectMethodHandleAccessor.invoke(DirectMethodHandleAccessor.java:103)
at java.base/java.lang.reflect.Method.invoke(Method.java:580)
at org.testng.internal.invokers.MethodInvocationHelper.invokeMethod(MethodInvocationHelper.java:139)
at org.testng.internal.invokers.TestInvoker.invokeMethod(TestInvoker.java:664)
at org.testng.internal.invokers.TestInvoker.invokeTestMethod(TestInvoker.java:227)
at org.testng.internal.invokers.MethodRunner.runInSequence(MethodRunner.java:50)
at org.testng.internal.invokers.TestInvoker$MethodInvocationAgent.invoke(TestInvoker.java:957)
at org.testng.internal.invokers.TestInvoker.invokeTestMethods(TestInvoker.java:200)
at org.testng.internal.invokers.TestMethodWorker.invokeTestMethods(TestMethodWorker.java:148)
at org.testng.internal.invokers.TestMethodWorker.run(TestMethodWorker.java:128)
at java.base/java.util.ArrayList.forEach(ArrayList.java:1596)
at org.testng.TestRunner.privateRun(TestRunner.java:848)
at org.testng.TestRunner.run(TestRunner.java:621)
at org.testng.SuiteRunner.runTest(SuiteRunner.java:443)
at org.testng.SuiteRunner.runSequentially(SuiteRunner.java:437)
at org.testng.SuiteRunner.privateRun(SuiteRunner.java:397)
at org.testng.SuiteRunner.run(SuiteRunner.java:336)
at org.testng.SuiteRunnerWorker.runSuite(SuiteRunnerWorker.java:52)
at org.testng.SuiteRunnerWorker.run(SuiteRunnerWorker.java:95)
at org.testng.TestNG.runSuitesSequentially(TestNG.java:1280)
at org.testng.TestNG.runSuitesLocally(TestNG.java:1200)
at org.testng.TestNG.runSuites(TestNG.java:1114)
at org.testng.TestNG.run(TestNG.java:1082)
at io.unity.framework.runner.TestRunner.start(TestRunner.java:69)
at runner.Runner.main(Runner.java:10)
]]>
    </error>
    <system-out>
      <![CDATA[Click on sign_in
verify phone is displayed
<h1 style="color:green;font-size:15px;">Test Passed</h1> 
verify email is displayed
<h1 style="color:green;font-size:15px;">Test Passed</h1> 
Click on enter_mobile_no
verify right_arrow is enable
<h1 style="color:green;font-size:15px;">Test Passed</h1> 
Click on right_arrow
Click on enter_the_code_text_box
verify right_arrow is enable
<h1 style="color:green;font-size:15px;">Test Passed</h1> 
Click on right_arrow
Click on sleep_tab_button
verify sleep_tab_button is enable
<h1 style="color:green;font-size:15px;">Test Passed</h1> 
verify playlist_name is enable
<h1 style="color:green;font-size:15px;">Test Passed</h1> 
Click on create
verify add_item_to_playlist is displayed
<h1 style="color:green;font-size:15px;">Test Passed</h1> ]]>
    </system-out>
  </testcase> <!-- To_verify_when_the_user_enters_the_any_keyword_in_search_field_of_the_Add_item_to_playlist_screen_SLP_PL_009 -->
  <testcase classname="mobile.tests.Sleep_Playlist.Sleep_Playlist_Test" name="To_verify_when_the_user_taps_on_the_Add_music_plus_button_on_the_any_music_track_from_the_expanded_music_list_SLP_PL_015" time="166.067">
    <system-out>
      <![CDATA[Click on sign_in
verify phone is displayed
<h1 style="color:green;font-size:15px;">Test Passed</h1> 
verify email is displayed
<h1 style="color:green;font-size:15px;">Test Passed</h1> 
Click on enter_mobile_no
verify right_arrow is enable
<h1 style="color:green;font-size:15px;">Test Passed</h1> 
Click on right_arrow
Click on enter_the_code_text_box
verify right_arrow is enable
<h1 style="color:green;font-size:15px;">Test Passed</h1> 
Click on right_arrow
Click on sleep_tab_button
verify sleep_tab_button is enable
<h1 style="color:green;font-size:15px;">Test Passed</h1> 
verify playlist_name is enable
<h1 style="color:green;font-size:15px;">Test Passed</h1> 
Click on create
verify hindi_language is displayed
<h1 style="color:green;font-size:15px;">Test Passed</h1> 
Click on hindi_language
Click on stories_from_puranas]]>
    </system-out>
  </testcase> <!-- To_verify_when_the_user_taps_on_the_Add_music_plus_button_on_the_any_music_track_from_the_expanded_music_list_SLP_PL_015 -->
  <testcase classname="mobile.tests.Sleep_Playlist.Sleep_Playlist_Test" name="To_verify_when_the_user_try_to_tap_on_the_Save_button_after_removing_the_playlist_SLP_PL_038" time="190.940">
    <system-out>
      <![CDATA[Click on sign_in
verify phone is displayed
<h1 style="color:green;font-size:15px;">Test Passed</h1> 
verify email is displayed
<h1 style="color:green;font-size:15px;">Test Passed</h1> 
Click on enter_mobile_no
verify right_arrow is enable
<h1 style="color:green;font-size:15px;">Test Passed</h1> 
Click on right_arrow
Click on enter_the_code_text_box
verify right_arrow is enable
<h1 style="color:green;font-size:15px;">Test Passed</h1> 
Click on right_arrow
Click on sleep_tab_button
verify sleep_tab_button is enable
<h1 style="color:green;font-size:15px;">Test Passed</h1> 
verify playlist_name is enable
<h1 style="color:green;font-size:15px;">Test Passed</h1> 
Click on create
Click on ancient_wisdom_drop_down
verify go_to_playlist is displayed
<h1 style="color:green;font-size:15px;">Test Passed</h1> 
Click on go_to_playlist
verify more_vert is displayed
<h1 style="color:green;font-size:15px;">Test Passed</h1> 
Click on more_vert
Click on edit_playlist
Click on save_playlist]]>
    </system-out>
  </testcase> <!-- To_verify_when_the_user_try_to_tap_on_the_Save_button_after_removing_the_playlist_SLP_PL_038 -->
  <testcase classname="mobile.tests.Sleep_Playlist.Sleep_Playlist_Test" name="To_verify_when_the_user_taps_on_the_Add_Items_button_SLP_PL_048" time="129.801">
    <error message="An element could not be located on the page using the given search parameters.
For documentation on this error, please visit: https://www.selenium.dev/documentation/webdriver/troubleshooting/errors#no-such-element-exception
Build info: version: &#039;4.18.1&#039;, revision: &#039;b1d3319b48&#039;
System info: os.name: &#039;Windows 11&#039;, os.arch: &#039;amd64&#039;, os.version: &#039;10.0&#039;, java.version: &#039;21.0.2&#039;
Driver info: io.appium.java_client.android.AndroidDriver
Command: [4276f1c0-8f35-450d-9eb5-090c106ebb9d, findElement {using=xpath, value=//android.widget.TextView[contains(@text, &#039;Automation&#039;)]}]
Capabilities {appium:app: C:\Users\Harshal\Desktop\LS..., appium:appPackage: level.game, appium:appiumPlatform: Android, appium:automationName: UiAutomator2, appium:databaseEnabled: false, appium:desired: {app: C:\Users\Harshal\Desktop\LS..., appiumPlatform: Android, automationName: UiAutomator2, deviceName: ce051715b2392a1203, noReset: false, platformName: ANDROID, platformVersion: 9, projectName: LSM Mobile App}, appium:deviceApiLevel: 28, appium:deviceManufacturer: samsung, appium:deviceModel: SM-G950F, appium:deviceName: ce051715b2392a1203, appium:deviceScreenDensity: 480, appium:deviceScreenSize: 1080x2220, appium:deviceUDID: ce051715b2392a1203, appium:javascriptEnabled: true, appium:locationContextEnabled: false, appium:networkConnectionEnabled: true, appium:noReset: false, appium:pixelRatio: 3, appium:platformVersion: 9, appium:projectName: LSM Mobile App, appium:statBarHeight: 72, appium:takesScreenshot: true, appium:viewportRect: {height: 2148, left: 0, top: 72, width: 1080}, appium:warnings: {}, appium:webStorageEnabled: false, platformName: ANDROID}
Session ID: 4276f1c0-8f35-450d-9eb5-090c106ebb9d" type="org.openqa.selenium.NoSuchElementException">
      <![CDATA[org.openqa.selenium.NoSuchElementException: An element could not be located on the page using the given search parameters.
For documentation on this error, please visit: https://www.selenium.dev/documentation/webdriver/troubleshooting/errors#no-such-element-exception
Build info: version: '4.18.1', revision: 'b1d3319b48'
System info: os.name: 'Windows 11', os.arch: 'amd64', os.version: '10.0', java.version: '21.0.2'
Driver info: io.appium.java_client.android.AndroidDriver
Command: [4276f1c0-8f35-450d-9eb5-090c106ebb9d, findElement {using=xpath, value=//android.widget.TextView[contains(@text, 'Automation')]}]
Capabilities {appium:app: C:\Users\Harshal\Desktop\LS..., appium:appPackage: level.game, appium:appiumPlatform: Android, appium:automationName: UiAutomator2, appium:databaseEnabled: false, appium:desired: {app: C:\Users\Harshal\Desktop\LS..., appiumPlatform: Android, automationName: UiAutomator2, deviceName: ce051715b2392a1203, noReset: false, platformName: ANDROID, platformVersion: 9, projectName: LSM Mobile App}, appium:deviceApiLevel: 28, appium:deviceManufacturer: samsung, appium:deviceModel: SM-G950F, appium:deviceName: ce051715b2392a1203, appium:deviceScreenDensity: 480, appium:deviceScreenSize: 1080x2220, appium:deviceUDID: ce051715b2392a1203, appium:javascriptEnabled: true, appium:locationContextEnabled: false, appium:networkConnectionEnabled: true, appium:noReset: false, appium:pixelRatio: 3, appium:platformVersion: 9, appium:projectName: LSM Mobile App, appium:statBarHeight: 72, appium:takesScreenshot: true, appium:viewportRect: {height: 2148, left: 0, top: 72, width: 1080}, appium:warnings: {}, appium:webStorageEnabled: false, platformName: ANDROID}
Session ID: 4276f1c0-8f35-450d-9eb5-090c106ebb9d
at java.base/jdk.internal.reflect.DirectConstructorHandleAccessor.newInstance(DirectConstructorHandleAccessor.java:62)
at java.base/java.lang.reflect.Constructor.newInstanceWithCaller(Constructor.java:502)
at java.base/java.lang.reflect.Constructor.newInstance(Constructor.java:486)
at org.openqa.selenium.remote.ErrorCodec.decode(ErrorCodec.java:167)
at org.openqa.selenium.remote.codec.w3c.W3CHttpResponseCodec.decode(W3CHttpResponseCodec.java:138)
at org.openqa.selenium.remote.codec.w3c.W3CHttpResponseCodec.decode(W3CHttpResponseCodec.java:50)
at org.openqa.selenium.remote.HttpCommandExecutor.execute(HttpCommandExecutor.java:190)
at io.appium.java_client.remote.AppiumCommandExecutor.execute(AppiumCommandExecutor.java:237)
at org.openqa.selenium.remote.RemoteWebDriver.execute(RemoteWebDriver.java:519)
at org.openqa.selenium.remote.ElementLocation$ElementFinder$2.findElement(ElementLocation.java:165)
at org.openqa.selenium.remote.ElementLocation.findElement(ElementLocation.java:59)
at org.openqa.selenium.remote.RemoteWebDriver.findElement(RemoteWebDriver.java:356)
at org.openqa.selenium.remote.RemoteWebDriver.findElement(RemoteWebDriver.java:350)
at mobile.object_repository.sleep_playlist.Sleep_Playlist_Page.click_on_current_playlist(Sleep_Playlist_Page.java:834)
at mobile.tests.Sleep_Playlist.Sleep_Playlist_Test.To_verify_when_the_user_taps_on_the_Add_Items_button_SLP_PL_048(Sleep_Playlist_Test.java:1349)
at java.base/jdk.internal.reflect.DirectMethodHandleAccessor.invoke(DirectMethodHandleAccessor.java:103)
at java.base/java.lang.reflect.Method.invoke(Method.java:580)
at org.testng.internal.invokers.MethodInvocationHelper.invokeMethod(MethodInvocationHelper.java:139)
at org.testng.internal.invokers.TestInvoker.invokeMethod(TestInvoker.java:664)
at org.testng.internal.invokers.TestInvoker.invokeTestMethod(TestInvoker.java:227)
at org.testng.internal.invokers.MethodRunner.runInSequence(MethodRunner.java:50)
at org.testng.internal.invokers.TestInvoker$MethodInvocationAgent.invoke(TestInvoker.java:957)
at org.testng.internal.invokers.TestInvoker.invokeTestMethods(TestInvoker.java:200)
at org.testng.internal.invokers.TestMethodWorker.invokeTestMethods(TestMethodWorker.java:148)
at org.testng.internal.invokers.TestMethodWorker.run(TestMethodWorker.java:128)
at java.base/java.util.ArrayList.forEach(ArrayList.java:1596)
at org.testng.TestRunner.privateRun(TestRunner.java:848)
at org.testng.TestRunner.run(TestRunner.java:621)
at org.testng.SuiteRunner.runTest(SuiteRunner.java:443)
at org.testng.SuiteRunner.runSequentially(SuiteRunner.java:437)
at org.testng.SuiteRunner.privateRun(SuiteRunner.java:397)
at org.testng.SuiteRunner.run(SuiteRunner.java:336)
at org.testng.SuiteRunnerWorker.runSuite(SuiteRunnerWorker.java:52)
at org.testng.SuiteRunnerWorker.run(SuiteRunnerWorker.java:95)
at org.testng.TestNG.runSuitesSequentially(TestNG.java:1280)
at org.testng.TestNG.runSuitesLocally(TestNG.java:1200)
at org.testng.TestNG.runSuites(TestNG.java:1114)
at org.testng.TestNG.run(TestNG.java:1082)
at io.unity.framework.runner.TestRunner.start(TestRunner.java:69)
at runner.Runner.main(Runner.java:10)
]]>
    </error>
    <system-out>
      <![CDATA[Click on sign_in
verify phone is displayed
<h1 style="color:green;font-size:15px;">Test Passed</h1> 
verify email is displayed
<h1 style="color:green;font-size:15px;">Test Passed</h1> 
Click on enter_mobile_no
verify right_arrow is enable
<h1 style="color:green;font-size:15px;">Test Passed</h1> 
Click on right_arrow
Click on enter_the_code_text_box
verify right_arrow is enable
<h1 style="color:green;font-size:15px;">Test Passed</h1> 
Click on right_arrow
Click on sleep_tab_button
verify sleep_tab_button is enable
<h1 style="color:green;font-size:15px;">Test Passed</h1> ]]>
    </system-out>
  </testcase> <!-- To_verify_when_the_user_taps_on_the_Add_Items_button_SLP_PL_048 -->
  <testcase classname="mobile.tests.Sleep_Playlist.Sleep_Playlist_Test" name="To_verify_when_the_user_taps_on_the_No_button_on_the_delete_playlist_confirmation_popup_SLP_PL_030" time="186.358">
    <system-out>
      <![CDATA[Click on sign_in
verify phone is displayed
<h1 style="color:green;font-size:15px;">Test Passed</h1> 
verify email is displayed
<h1 style="color:green;font-size:15px;">Test Passed</h1> 
Click on enter_mobile_no
verify right_arrow is enable
<h1 style="color:green;font-size:15px;">Test Passed</h1> 
Click on right_arrow
Click on enter_the_code_text_box
verify right_arrow is enable
<h1 style="color:green;font-size:15px;">Test Passed</h1> 
Click on right_arrow
Click on sleep_tab_button
verify sleep_tab_button is enable
<h1 style="color:green;font-size:15px;">Test Passed</h1> 
verify playlist_name is enable
<h1 style="color:green;font-size:15px;">Test Passed</h1> 
Click on create
Click on ancient_wisdom_drop_down
verify go_to_playlist is displayed
<h1 style="color:green;font-size:15px;">Test Passed</h1> 
Click on go_to_playlist
verify more_vert is displayed
<h1 style="color:green;font-size:15px;">Test Passed</h1> 
Click on more_vert
Click on delete_playlist
verify no is displayed
<h1 style="color:green;font-size:15px;">Test Passed</h1> 
Click on no
verify add_to_this_playlist is displayed
<h1 style="color:green;font-size:15px;">Test Passed</h1> ]]>
    </system-out>
  </testcase> <!-- To_verify_when_the_user_taps_on_the_No_button_on_the_delete_playlist_confirmation_popup_SLP_PL_030 -->
  <testcase classname="mobile.tests.Sleep_Playlist.Sleep_Playlist_Test" name="To_verify_the_UI_of_theCreate_Playlist_screen_SLP_PL_003" time="93.741">
    <system-out>
      <![CDATA[Click on sign_in
verify phone is displayed
<h1 style="color:green;font-size:15px;">Test Passed</h1> 
verify email is displayed
<h1 style="color:green;font-size:15px;">Test Passed</h1> 
Click on enter_mobile_no
verify right_arrow is enable
<h1 style="color:green;font-size:15px;">Test Passed</h1> 
Click on right_arrow
Click on enter_the_code_text_box
verify right_arrow is enable
<h1 style="color:green;font-size:15px;">Test Passed</h1> 
Click on right_arrow
Click on sleep_tab_button
verify sleep_tab_button is enable
<h1 style="color:green;font-size:15px;">Test Passed</h1> 
verify playlist_name is enable
<h1 style="color:green;font-size:15px;">Test Passed</h1> ]]>
    </system-out>
  </testcase> <!-- To_verify_the_UI_of_theCreate_Playlist_screen_SLP_PL_003 -->
  <testcase classname="mobile.tests.Sleep_Playlist.Sleep_Playlist_Test" name="To_verify_when_the_user_taps_on_the_Remove_Filters_button_in_the_expanded_music_track_list_SLP_PL_017" time="178.149">
    <system-out>
      <![CDATA[Click on sign_in
verify phone is displayed
<h1 style="color:green;font-size:15px;">Test Passed</h1> 
verify email is displayed
<h1 style="color:green;font-size:15px;">Test Passed</h1> 
Click on enter_mobile_no
verify right_arrow is enable
<h1 style="color:green;font-size:15px;">Test Passed</h1> 
Click on right_arrow
Click on enter_the_code_text_box
verify right_arrow is enable
<h1 style="color:green;font-size:15px;">Test Passed</h1> 
Click on right_arrow
Click on sleep_tab_button
verify sleep_tab_button is enable
<h1 style="color:green;font-size:15px;">Test Passed</h1> 
verify playlist_name is enable
<h1 style="color:green;font-size:15px;">Test Passed</h1> 
Click on create
verify hindi_language is displayed
<h1 style="color:green;font-size:15px;">Test Passed</h1> 
Click on hindi_language
Click on ancient_wisdom_drop_down
verify Remove_Filters is displayed
<h1 style="color:green;font-size:15px;">Test Passed</h1> 
Click on Remove_Filters
verify add_item_to_playlist is displayed
<h1 style="color:green;font-size:15px;">Test Passed</h1> ]]>
    </system-out>
  </testcase> <!-- To_verify_when_the_user_taps_on_the_Remove_Filters_button_in_the_expanded_music_track_list_SLP_PL_017 -->
  <testcase classname="mobile.tests.Sleep_Playlist.Sleep_Playlist_Test" name="To_verify_when_the_user_taps_on_the_Edit_Playlist_option_option_on_the_bottom_sheet_SLP_PL_032" time="183.032">
    <system-out>
      <![CDATA[Click on sign_in
verify phone is displayed
<h1 style="color:green;font-size:15px;">Test Passed</h1> 
verify email is displayed
<h1 style="color:green;font-size:15px;">Test Passed</h1> 
Click on enter_mobile_no
verify right_arrow is enable
<h1 style="color:green;font-size:15px;">Test Passed</h1> 
Click on right_arrow
Click on enter_the_code_text_box
verify right_arrow is enable
<h1 style="color:green;font-size:15px;">Test Passed</h1> 
Click on right_arrow
Click on sleep_tab_button
verify sleep_tab_button is enable
<h1 style="color:green;font-size:15px;">Test Passed</h1> 
verify playlist_name is enable
<h1 style="color:green;font-size:15px;">Test Passed</h1> 
Click on create
Click on ancient_wisdom_drop_down
verify go_to_playlist is displayed
<h1 style="color:green;font-size:15px;">Test Passed</h1> 
Click on go_to_playlist
verify more_vert is displayed
<h1 style="color:green;font-size:15px;">Test Passed</h1> 
Click on more_vert
Click on edit_playlist
verify Edit_Playlist_Screen is displayed
<h1 style="color:green;font-size:15px;">Test Passed</h1> ]]>
    </system-out>
  </testcase> <!-- To_verify_when_the_user_taps_on_the_Edit_Playlist_option_option_on_the_bottom_sheet_SLP_PL_032 -->
  <testcase classname="mobile.tests.Sleep_Playlist.Sleep_Playlist_Test" name="To_verify_when_the_user_taps_on_the_Close_icon_on_the_bottom_sheet_SLP_PL_026" time="185.102">
    <system-out>
      <![CDATA[Click on sign_in
verify phone is displayed
<h1 style="color:green;font-size:15px;">Test Passed</h1> 
verify email is displayed
<h1 style="color:green;font-size:15px;">Test Passed</h1> 
Click on enter_mobile_no
verify right_arrow is enable
<h1 style="color:green;font-size:15px;">Test Passed</h1> 
Click on right_arrow
Click on enter_the_code_text_box
verify right_arrow is enable
<h1 style="color:green;font-size:15px;">Test Passed</h1> 
Click on right_arrow
Click on sleep_tab_button
verify sleep_tab_button is enable
<h1 style="color:green;font-size:15px;">Test Passed</h1> 
verify playlist_name is enable
<h1 style="color:green;font-size:15px;">Test Passed</h1> 
Click on create
Click on ancient_wisdom_drop_down
verify go_to_playlist is displayed
<h1 style="color:green;font-size:15px;">Test Passed</h1> 
Click on go_to_playlist
verify golden_values_of_life is displayed
<h1 style="color:green;font-size:15px;">Test Passed</h1> 
verify siddhartha_chapter is displayed
<h1 style="color:green;font-size:15px;">Test Passed</h1> 
Click on more_vert_icon_playlist
Click on close_button_golden_values_of_life]]>
    </system-out>
  </testcase> <!-- To_verify_when_the_user_taps_on_the_Close_icon_on_the_bottom_sheet_SLP_PL_026 -->
  <testcase classname="mobile.tests.Sleep_Playlist.Sleep_Playlist_Test" name="To_verify_when_the_user_taps_on_the_x_Remove_icon_on_the_any_available_track_in_the_playlist_SLP_PL_036" time="182.691">
    <system-out>
      <![CDATA[Click on sign_in
verify phone is displayed
<h1 style="color:green;font-size:15px;">Test Passed</h1> 
verify email is displayed
<h1 style="color:green;font-size:15px;">Test Passed</h1> 
Click on enter_mobile_no
verify right_arrow is enable
<h1 style="color:green;font-size:15px;">Test Passed</h1> 
Click on right_arrow
Click on enter_the_code_text_box
verify right_arrow is enable
<h1 style="color:green;font-size:15px;">Test Passed</h1> 
Click on right_arrow
Click on sleep_tab_button
verify sleep_tab_button is enable
<h1 style="color:green;font-size:15px;">Test Passed</h1> 
verify playlist_name is enable
<h1 style="color:green;font-size:15px;">Test Passed</h1> 
Click on create
Click on ancient_wisdom_drop_down
verify go_to_playlist is displayed
<h1 style="color:green;font-size:15px;">Test Passed</h1> 
Click on go_to_playlist
verify more_vert is displayed
<h1 style="color:green;font-size:15px;">Test Passed</h1> 
Click on more_vert
Click on edit_playlist
Click on Remove_x_icon_playlist]]>
    </system-out>
  </testcase> <!-- To_verify_when_the_user_taps_on_the_x_Remove_icon_on_the_any_available_track_in_the_playlist_SLP_PL_036 -->
  <testcase classname="mobile.tests.Sleep_Playlist.Sleep_Playlist_Test" name="To_verify_when_the_user_taps_on_the_Sleep_menu_on_th_bottom_menu_bar_SLP_PL_001" time="96.321">
    <system-out>
      <![CDATA[Click on sign_in
verify phone is displayed
<h1 style="color:green;font-size:15px;">Test Passed</h1> 
verify email is displayed
<h1 style="color:green;font-size:15px;">Test Passed</h1> 
Click on enter_mobile_no
verify right_arrow is enable
<h1 style="color:green;font-size:15px;">Test Passed</h1> 
Click on right_arrow
Click on enter_the_code_text_box
verify right_arrow is enable
<h1 style="color:green;font-size:15px;">Test Passed</h1> 
Click on right_arrow
Click on sleep_tab_button
verify sleep_tab_button is enable
<h1 style="color:green;font-size:15px;">Test Passed</h1> 
verify sleep_tab_button is displayed
<h1 style="color:green;font-size:15px;">Test Passed</h1> 
verify sleep_tab_icon is displayed
<h1 style="color:green;font-size:15px;">Test Passed</h1> 
verify sleep_tab_icon is enable
<h1 style="color:green;font-size:15px;">Test Passed</h1> 
verify search_for_sleep is displayed
<h1 style="color:green;font-size:15px;">Test Passed</h1> 
verify music is displayed
<h1 style="color:green;font-size:15px;">Test Passed</h1> 
verify meditation is displayed
<h1 style="color:green;font-size:15px;">Test Passed</h1> ]]>
    </system-out>
  </testcase> <!-- To_verify_when_the_user_taps_on_the_Sleep_menu_on_th_bottom_menu_bar_SLP_PL_001 -->
  <testcase classname="mobile.tests.Sleep_Playlist.Sleep_Playlist_Test" name="To_verify_when_the_user_taps_on_the_Collapse_icon_on_the_any_category_from_the_list_SLP_PL_012" time="142.567">
    <system-out>
      <![CDATA[Click on sign_in
verify phone is displayed
<h1 style="color:green;font-size:15px;">Test Passed</h1> 
verify email is displayed
<h1 style="color:green;font-size:15px;">Test Passed</h1> 
Click on enter_mobile_no
verify right_arrow is enable
<h1 style="color:green;font-size:15px;">Test Passed</h1> 
Click on right_arrow
Click on enter_the_code_text_box
verify right_arrow is enable
<h1 style="color:green;font-size:15px;">Test Passed</h1> 
Click on right_arrow
Click on sleep_tab_button
verify sleep_tab_button is enable
<h1 style="color:green;font-size:15px;">Test Passed</h1> 
verify playlist_name is enable
<h1 style="color:green;font-size:15px;">Test Passed</h1> 
Click on create
verify hindi_language is displayed
<h1 style="color:green;font-size:15px;">Test Passed</h1> 
Click on hindi_language
Click on ancient_wisdom_drop_down
verify gudi_padwa is displayed
<h1 style="color:green;font-size:15px;">Test Passed</h1> 
verify hanuman_and_machhindranath is displayed
<h1 style="color:green;font-size:15px;">Test Passed</h1> 
verify story_of_jesus_christ is displayed
<h1 style="color:green;font-size:15px;">Test Passed</h1> 
verify yama_and_nachiketa is displayed
<h1 style="color:green;font-size:15px;">Test Passed</h1> 
Click on close_drop_down_collapse_button]]>
    </system-out>
  </testcase> <!-- To_verify_when_the_user_taps_on_the_Collapse_icon_on_the_any_category_from_the_list_SLP_PL_012 -->
  <testcase classname="mobile.tests.Sleep_Playlist.Sleep_Playlist_Test" name="To_verify_when_the_user_taps_on_the_More_Vert_icon_on_the_any_added_track_from_the_playlist_SLP_PL_042" time="231.948">
    <system-out>
      <![CDATA[Click on sign_in
verify phone is displayed
<h1 style="color:green;font-size:15px;">Test Passed</h1> 
verify email is displayed
<h1 style="color:green;font-size:15px;">Test Passed</h1> 
Click on enter_mobile_no
verify right_arrow is enable
<h1 style="color:green;font-size:15px;">Test Passed</h1> 
Click on right_arrow
Click on enter_the_code_text_box
verify right_arrow is enable
<h1 style="color:green;font-size:15px;">Test Passed</h1> 
Click on right_arrow
Click on sleep_tab_button
verify sleep_tab_button is enable
<h1 style="color:green;font-size:15px;">Test Passed</h1> 
verify playlist_name is enable
<h1 style="color:green;font-size:15px;">Test Passed</h1> 
Click on create
Click on ancient_wisdom_drop_down
verify go_to_playlist is displayed
<h1 style="color:green;font-size:15px;">Test Passed</h1> 
Click on go_to_playlist
Click on more_vert_icon_playlist
verify logo_image_golden_values_of_life is displayed
<h1 style="color:green;font-size:15px;">Test Passed</h1> 
verify name_of_golden_values_of_life is displayed
<h1 style="color:green;font-size:15px;">Test Passed</h1> 
verify duration_of_golden_values_of_life is displayed
<h1 style="color:green;font-size:15px;">Test Passed</h1> 
verify close_button_golden_values_of_life is displayed
<h1 style="color:green;font-size:15px;">Test Passed</h1> 
verify add_to_favorites is displayed
<h1 style="color:green;font-size:15px;">Test Passed</h1> 
verify schedule_a_reminder is displayed
<h1 style="color:green;font-size:15px;">Test Passed</h1> ]]>
    </system-out>
  </testcase> <!-- To_verify_when_the_user_taps_on_the_More_Vert_icon_on_the_any_added_track_from_the_playlist_SLP_PL_042 -->
  <testcase classname="mobile.tests.Sleep_Playlist.Sleep_Playlist_Test" name="To_verify_when_the_user_taps_on_the_Add_to_favorites_option_on_the_bottom_sheet_SLP_PL_044" time="226.635">
    <error message="An element could not be located on the page using the given search parameters.
For documentation on this error, please visit: https://www.selenium.dev/documentation/webdriver/troubleshooting/errors#no-such-element-exception
Build info: version: &#039;4.18.1&#039;, revision: &#039;b1d3319b48&#039;
System info: os.name: &#039;Windows 11&#039;, os.arch: &#039;amd64&#039;, os.version: &#039;10.0&#039;, java.version: &#039;21.0.2&#039;
Driver info: io.appium.java_client.android.AndroidDriver
Command: [7e7813b7-3899-4b2e-b782-7e1eb8ba290a, findElement {using=xpath, value=//android.widget.TextView[@text=&quot;4 Golden Values of Life&quot;]}]
Capabilities {appium:app: C:\Users\Harshal\Desktop\LS..., appium:appPackage: level.game, appium:appiumPlatform: Android, appium:automationName: UiAutomator2, appium:databaseEnabled: false, appium:desired: {app: C:\Users\Harshal\Desktop\LS..., appiumPlatform: Android, automationName: UiAutomator2, deviceName: ce051715b2392a1203, noReset: false, platformName: ANDROID, platformVersion: 9, projectName: LSM Mobile App}, appium:deviceApiLevel: 28, appium:deviceManufacturer: samsung, appium:deviceModel: SM-G950F, appium:deviceName: ce051715b2392a1203, appium:deviceScreenDensity: 480, appium:deviceScreenSize: 1080x2220, appium:deviceUDID: ce051715b2392a1203, appium:javascriptEnabled: true, appium:locationContextEnabled: false, appium:networkConnectionEnabled: true, appium:noReset: false, appium:pixelRatio: 3, appium:platformVersion: 9, appium:projectName: LSM Mobile App, appium:statBarHeight: 72, appium:takesScreenshot: true, appium:viewportRect: {height: 2148, left: 0, top: 72, width: 1080}, appium:warnings: {}, appium:webStorageEnabled: false, platformName: ANDROID}
Session ID: 7e7813b7-3899-4b2e-b782-7e1eb8ba290a" type="org.openqa.selenium.NoSuchElementException">
      <![CDATA[org.openqa.selenium.NoSuchElementException: An element could not be located on the page using the given search parameters.
For documentation on this error, please visit: https://www.selenium.dev/documentation/webdriver/troubleshooting/errors#no-such-element-exception
Build info: version: '4.18.1', revision: 'b1d3319b48'
System info: os.name: 'Windows 11', os.arch: 'amd64', os.version: '10.0', java.version: '21.0.2'
Driver info: io.appium.java_client.android.AndroidDriver
Command: [7e7813b7-3899-4b2e-b782-7e1eb8ba290a, findElement {using=xpath, value=//android.widget.TextView[@text="4 Golden Values of Life"]}]
Capabilities {appium:app: C:\Users\Harshal\Desktop\LS..., appium:appPackage: level.game, appium:appiumPlatform: Android, appium:automationName: UiAutomator2, appium:databaseEnabled: false, appium:desired: {app: C:\Users\Harshal\Desktop\LS..., appiumPlatform: Android, automationName: UiAutomator2, deviceName: ce051715b2392a1203, noReset: false, platformName: ANDROID, platformVersion: 9, projectName: LSM Mobile App}, appium:deviceApiLevel: 28, appium:deviceManufacturer: samsung, appium:deviceModel: SM-G950F, appium:deviceName: ce051715b2392a1203, appium:deviceScreenDensity: 480, appium:deviceScreenSize: 1080x2220, appium:deviceUDID: ce051715b2392a1203, appium:javascriptEnabled: true, appium:locationContextEnabled: false, appium:networkConnectionEnabled: true, appium:noReset: false, appium:pixelRatio: 3, appium:platformVersion: 9, appium:projectName: LSM Mobile App, appium:statBarHeight: 72, appium:takesScreenshot: true, appium:viewportRect: {height: 2148, left: 0, top: 72, width: 1080}, appium:warnings: {}, appium:webStorageEnabled: false, platformName: ANDROID}
Session ID: 7e7813b7-3899-4b2e-b782-7e1eb8ba290a
at java.base/jdk.internal.reflect.DirectConstructorHandleAccessor.newInstance(DirectConstructorHandleAccessor.java:62)
at java.base/java.lang.reflect.Constructor.newInstanceWithCaller(Constructor.java:502)
at java.base/java.lang.reflect.Constructor.newInstance(Constructor.java:486)
at org.openqa.selenium.remote.ErrorCodec.decode(ErrorCodec.java:167)
at org.openqa.selenium.remote.codec.w3c.W3CHttpResponseCodec.decode(W3CHttpResponseCodec.java:138)
at org.openqa.selenium.remote.codec.w3c.W3CHttpResponseCodec.decode(W3CHttpResponseCodec.java:50)
at org.openqa.selenium.remote.HttpCommandExecutor.execute(HttpCommandExecutor.java:190)
at io.appium.java_client.remote.AppiumCommandExecutor.execute(AppiumCommandExecutor.java:237)
at org.openqa.selenium.remote.RemoteWebDriver.execute(RemoteWebDriver.java:519)
at org.openqa.selenium.remote.ElementLocation$ElementFinder$2.findElement(ElementLocation.java:165)
at org.openqa.selenium.remote.ElementLocation.findElement(ElementLocation.java:59)
at org.openqa.selenium.remote.RemoteWebDriver.findElement(RemoteWebDriver.java:356)
at org.openqa.selenium.remote.RemoteWebDriver.findElement(RemoteWebDriver.java:350)
at io.unity.performaction.autoweb.Element.get_element_from_value(Element.java:45)
at io.unity.performaction.autoweb.Element.find(Element.java:84)
at io.unity.performaction.autoweb.Wait.wait_until_element_is_visible(Wait.java:33)
at mobile.object_repository.sleep_playlist.Sleep_Playlist_Page.verify_name_of_golden_values_of_life(Sleep_Playlist_Page.java:447)
at mobile.tests.Sleep_Playlist.Sleep_Playlist_Test.To_verify_when_the_user_taps_on_the_Add_to_favorites_option_on_the_bottom_sheet_SLP_PL_044(Sleep_Playlist_Test.java:1258)
at java.base/jdk.internal.reflect.DirectMethodHandleAccessor.invoke(DirectMethodHandleAccessor.java:103)
at java.base/java.lang.reflect.Method.invoke(Method.java:580)
at org.testng.internal.invokers.MethodInvocationHelper.invokeMethod(MethodInvocationHelper.java:139)
at org.testng.internal.invokers.TestInvoker.invokeMethod(TestInvoker.java:664)
at org.testng.internal.invokers.TestInvoker.invokeTestMethod(TestInvoker.java:227)
at org.testng.internal.invokers.MethodRunner.runInSequence(MethodRunner.java:50)
at org.testng.internal.invokers.TestInvoker$MethodInvocationAgent.invoke(TestInvoker.java:957)
at org.testng.internal.invokers.TestInvoker.invokeTestMethods(TestInvoker.java:200)
at org.testng.internal.invokers.TestMethodWorker.invokeTestMethods(TestMethodWorker.java:148)
at org.testng.internal.invokers.TestMethodWorker.run(TestMethodWorker.java:128)
at java.base/java.util.ArrayList.forEach(ArrayList.java:1596)
at org.testng.TestRunner.privateRun(TestRunner.java:848)
at org.testng.TestRunner.run(TestRunner.java:621)
at org.testng.SuiteRunner.runTest(SuiteRunner.java:443)
at org.testng.SuiteRunner.runSequentially(SuiteRunner.java:437)
at org.testng.SuiteRunner.privateRun(SuiteRunner.java:397)
at org.testng.SuiteRunner.run(SuiteRunner.java:336)
at org.testng.SuiteRunnerWorker.runSuite(SuiteRunnerWorker.java:52)
at org.testng.SuiteRunnerWorker.run(SuiteRunnerWorker.java:95)
at org.testng.TestNG.runSuitesSequentially(TestNG.java:1280)
at org.testng.TestNG.runSuitesLocally(TestNG.java:1200)
at org.testng.TestNG.runSuites(TestNG.java:1114)
at org.testng.TestNG.run(TestNG.java:1082)
at io.unity.framework.runner.TestRunner.start(TestRunner.java:69)
at runner.Runner.main(Runner.java:10)
]]>
    </error>
    <system-out>
      <![CDATA[Click on sign_in
verify phone is displayed
<h1 style="color:green;font-size:15px;">Test Passed</h1> 
verify email is displayed
<h1 style="color:green;font-size:15px;">Test Passed</h1> 
Click on enter_mobile_no
verify right_arrow is enable
<h1 style="color:green;font-size:15px;">Test Passed</h1> 
Click on right_arrow
Click on enter_the_code_text_box
verify right_arrow is enable
<h1 style="color:green;font-size:15px;">Test Passed</h1> 
Click on right_arrow
Click on sleep_tab_button
verify sleep_tab_button is enable
<h1 style="color:green;font-size:15px;">Test Passed</h1> 
verify playlist_name is enable
<h1 style="color:green;font-size:15px;">Test Passed</h1> 
Click on create
Click on ancient_wisdom_drop_down
verify go_to_playlist is displayed
<h1 style="color:green;font-size:15px;">Test Passed</h1> 
Click on go_to_playlist
Click on more_vert_icon_playlist
Click on Remove_from_favorites
Click on add_to_favorites
Click on close_button_golden_values_of_life
verify navigate_back is displayed
<h1 style="color:green;font-size:15px;">Test Passed</h1> 
Click on navigate_back
Click on favorite_list]]>
    </system-out>
  </testcase> <!-- To_verify_when_the_user_taps_on_the_Add_to_favorites_option_on_the_bottom_sheet_SLP_PL_044 -->
  <testcase classname="mobile.tests.Sleep_Playlist.Sleep_Playlist_Test" name="To_verify_when_the_user_taps_on_the_Yes_delete_playlist_button_on_the_delete_playlist_confirmation_popup_SLP_PL_031" time="183.792">
    <system-out>
      <![CDATA[Click on sign_in
verify phone is displayed
<h1 style="color:green;font-size:15px;">Test Passed</h1> 
verify email is displayed
<h1 style="color:green;font-size:15px;">Test Passed</h1> 
Click on enter_mobile_no
verify right_arrow is enable
<h1 style="color:green;font-size:15px;">Test Passed</h1> 
Click on right_arrow
Click on enter_the_code_text_box
verify right_arrow is enable
<h1 style="color:green;font-size:15px;">Test Passed</h1> 
Click on right_arrow
Click on sleep_tab_button
verify sleep_tab_button is enable
<h1 style="color:green;font-size:15px;">Test Passed</h1> 
verify playlist_name is enable
<h1 style="color:green;font-size:15px;">Test Passed</h1> 
Click on create
Click on ancient_wisdom_drop_down
verify go_to_playlist is displayed
<h1 style="color:green;font-size:15px;">Test Passed</h1> 
Click on go_to_playlist
verify more_vert is displayed
<h1 style="color:green;font-size:15px;">Test Passed</h1> 
Click on more_vert
Click on delete_playlist
verify yes_delete_playlist is displayed
<h1 style="color:green;font-size:15px;">Test Passed</h1> 
Click on yes_delete_playlist]]>
    </system-out>
  </testcase> <!-- To_verify_when_the_user_taps_on_the_Yes_delete_playlist_button_on_the_delete_playlist_confirmation_popup_SLP_PL_031 -->
  <testcase classname="mobile.tests.Sleep_Playlist.Sleep_Playlist_Test" name="To_verify_when_the_user_taps_on_the_Rate_this_meditation_option_on_the_bottom_sheet_SLP_PL_047" time="139.005">
    <system-out>
      <![CDATA[Click on sign_in
verify phone is displayed
<h1 style="color:green;font-size:15px;">Test Passed</h1> 
verify email is displayed
<h1 style="color:green;font-size:15px;">Test Passed</h1> 
Click on enter_mobile_no
verify right_arrow is enable
<h1 style="color:green;font-size:15px;">Test Passed</h1> 
Click on right_arrow
Click on enter_the_code_text_box
verify right_arrow is enable
<h1 style="color:green;font-size:15px;">Test Passed</h1> 
Click on right_arrow
Click on sleep_tab_button
verify sleep_tab_button is enable
<h1 style="color:green;font-size:15px;">Test Passed</h1> 
verify playlist_name is enable
<h1 style="color:green;font-size:15px;">Test Passed</h1> 
Click on create
Click on ancient_wisdom_drop_down
verify go_to_playlist is displayed
<h1 style="color:green;font-size:15px;">Test Passed</h1> 
Click on go_to_playlist
Click on more_vert_icon_playlist
Click on Rate_this_meditations
verify submit_feedback is displayed
<h1 style="color:green;font-size:15px;">Test Passed</h1> ]]>
    </system-out>
  </testcase> <!-- To_verify_when_the_user_taps_on_the_Rate_this_meditation_option_on_the_bottom_sheet_SLP_PL_047 -->
  <testcase classname="mobile.tests.Sleep_Playlist.Sleep_Playlist_Test" name="To_verify_when_user_try_to_add_more_than_50_tracks_in_the_any_created_playlist_SLP_PL_014" time="197.708">
    <error message="An element could not be located on the page using the given search parameters.
For documentation on this error, please visit: https://www.selenium.dev/documentation/webdriver/troubleshooting/errors#no-such-element-exception
Build info: version: &#039;4.18.1&#039;, revision: &#039;b1d3319b48&#039;
System info: os.name: &#039;Windows 11&#039;, os.arch: &#039;amd64&#039;, os.version: &#039;10.0&#039;, java.version: &#039;21.0.2&#039;
Driver info: io.appium.java_client.android.AndroidDriver
Command: [bca5876c-1b8d-4abc-814b-e221df8c9cbd, findElement {using=-android uiautomator, value=new UiScrollable(new UiSelector().scrollable(true)).scrollIntoView(new UiSelector().text(&quot;Remove Filters&quot;));}]
Capabilities {appium:app: C:\Users\Harshal\Desktop\LS..., appium:appPackage: level.game, appium:appiumPlatform: Android, appium:automationName: UiAutomator2, appium:databaseEnabled: false, appium:desired: {app: C:\Users\Harshal\Desktop\LS..., appiumPlatform: Android, automationName: UiAutomator2, deviceName: ce051715b2392a1203, noReset: false, platformName: ANDROID, platformVersion: 9, projectName: LSM Mobile App}, appium:deviceApiLevel: 28, appium:deviceManufacturer: samsung, appium:deviceModel: SM-G950F, appium:deviceName: ce051715b2392a1203, appium:deviceScreenDensity: 480, appium:deviceScreenSize: 1080x2220, appium:deviceUDID: ce051715b2392a1203, appium:javascriptEnabled: true, appium:locationContextEnabled: false, appium:networkConnectionEnabled: true, appium:noReset: false, appium:pixelRatio: 3, appium:platformVersion: 9, appium:projectName: LSM Mobile App, appium:statBarHeight: 72, appium:takesScreenshot: true, appium:viewportRect: {height: 2148, left: 0, top: 72, width: 1080}, appium:warnings: {}, appium:webStorageEnabled: false, platformName: ANDROID}
Session ID: bca5876c-1b8d-4abc-814b-e221df8c9cbd" type="org.openqa.selenium.NoSuchElementException">
      <![CDATA[org.openqa.selenium.NoSuchElementException: An element could not be located on the page using the given search parameters.
For documentation on this error, please visit: https://www.selenium.dev/documentation/webdriver/troubleshooting/errors#no-such-element-exception
Build info: version: '4.18.1', revision: 'b1d3319b48'
System info: os.name: 'Windows 11', os.arch: 'amd64', os.version: '10.0', java.version: '21.0.2'
Driver info: io.appium.java_client.android.AndroidDriver
Command: [bca5876c-1b8d-4abc-814b-e221df8c9cbd, findElement {using=-android uiautomator, value=new UiScrollable(new UiSelector().scrollable(true)).scrollIntoView(new UiSelector().text("Remove Filters"));}]
Capabilities {appium:app: C:\Users\Harshal\Desktop\LS..., appium:appPackage: level.game, appium:appiumPlatform: Android, appium:automationName: UiAutomator2, appium:databaseEnabled: false, appium:desired: {app: C:\Users\Harshal\Desktop\LS..., appiumPlatform: Android, automationName: UiAutomator2, deviceName: ce051715b2392a1203, noReset: false, platformName: ANDROID, platformVersion: 9, projectName: LSM Mobile App}, appium:deviceApiLevel: 28, appium:deviceManufacturer: samsung, appium:deviceModel: SM-G950F, appium:deviceName: ce051715b2392a1203, appium:deviceScreenDensity: 480, appium:deviceScreenSize: 1080x2220, appium:deviceUDID: ce051715b2392a1203, appium:javascriptEnabled: true, appium:locationContextEnabled: false, appium:networkConnectionEnabled: true, appium:noReset: false, appium:pixelRatio: 3, appium:platformVersion: 9, appium:projectName: LSM Mobile App, appium:statBarHeight: 72, appium:takesScreenshot: true, appium:viewportRect: {height: 2148, left: 0, top: 72, width: 1080}, appium:warnings: {}, appium:webStorageEnabled: false, platformName: ANDROID}
Session ID: bca5876c-1b8d-4abc-814b-e221df8c9cbd
at java.base/jdk.internal.reflect.DirectConstructorHandleAccessor.newInstance(DirectConstructorHandleAccessor.java:62)
at java.base/java.lang.reflect.Constructor.newInstanceWithCaller(Constructor.java:502)
at java.base/java.lang.reflect.Constructor.newInstance(Constructor.java:486)
at org.openqa.selenium.remote.ErrorCodec.decode(ErrorCodec.java:167)
at org.openqa.selenium.remote.codec.w3c.W3CHttpResponseCodec.decode(W3CHttpResponseCodec.java:138)
at org.openqa.selenium.remote.codec.w3c.W3CHttpResponseCodec.decode(W3CHttpResponseCodec.java:50)
at org.openqa.selenium.remote.HttpCommandExecutor.execute(HttpCommandExecutor.java:190)
at io.appium.java_client.remote.AppiumCommandExecutor.execute(AppiumCommandExecutor.java:237)
at org.openqa.selenium.remote.RemoteWebDriver.execute(RemoteWebDriver.java:519)
at org.openqa.selenium.remote.ElementLocation$ElementFinder$2.findElement(ElementLocation.java:165)
at org.openqa.selenium.remote.ElementLocation.findElement(ElementLocation.java:59)
at org.openqa.selenium.remote.RemoteWebDriver.findElement(RemoteWebDriver.java:356)
at org.openqa.selenium.remote.RemoteWebDriver.findElement(RemoteWebDriver.java:350)
at mobile.object_repository.sleep_playlist.Sleep_Playlist_Page.scroll_down_to_the_Text(Sleep_Playlist_Page.java:89)
at mobile.tests.Sleep_Playlist.Sleep_Playlist_Test.To_verify_when_user_try_to_add_more_than_50_tracks_in_the_any_created_playlist_SLP_PL_014(Sleep_Playlist_Test.java:370)
at java.base/jdk.internal.reflect.DirectMethodHandleAccessor.invoke(DirectMethodHandleAccessor.java:103)
at java.base/java.lang.reflect.Method.invoke(Method.java:580)
at org.testng.internal.invokers.MethodInvocationHelper.invokeMethod(MethodInvocationHelper.java:139)
at org.testng.internal.invokers.TestInvoker.invokeMethod(TestInvoker.java:664)
at org.testng.internal.invokers.TestInvoker.invokeTestMethod(TestInvoker.java:227)
at org.testng.internal.invokers.MethodRunner.runInSequence(MethodRunner.java:50)
at org.testng.internal.invokers.TestInvoker$MethodInvocationAgent.invoke(TestInvoker.java:957)
at org.testng.internal.invokers.TestInvoker.invokeTestMethods(TestInvoker.java:200)
at org.testng.internal.invokers.TestMethodWorker.invokeTestMethods(TestMethodWorker.java:148)
at org.testng.internal.invokers.TestMethodWorker.run(TestMethodWorker.java:128)
at java.base/java.util.ArrayList.forEach(ArrayList.java:1596)
at org.testng.TestRunner.privateRun(TestRunner.java:848)
at org.testng.TestRunner.run(TestRunner.java:621)
at org.testng.SuiteRunner.runTest(SuiteRunner.java:443)
at org.testng.SuiteRunner.runSequentially(SuiteRunner.java:437)
at org.testng.SuiteRunner.privateRun(SuiteRunner.java:397)
at org.testng.SuiteRunner.run(SuiteRunner.java:336)
at org.testng.SuiteRunnerWorker.runSuite(SuiteRunnerWorker.java:52)
at org.testng.SuiteRunnerWorker.run(SuiteRunnerWorker.java:95)
at org.testng.TestNG.runSuitesSequentially(TestNG.java:1280)
at org.testng.TestNG.runSuitesLocally(TestNG.java:1200)
at org.testng.TestNG.runSuites(TestNG.java:1114)
at org.testng.TestNG.run(TestNG.java:1082)
at io.unity.framework.runner.TestRunner.start(TestRunner.java:69)
at runner.Runner.main(Runner.java:10)
]]>
    </error>
    <system-out>
      <![CDATA[Click on sign_in
verify phone is displayed
<h1 style="color:green;font-size:15px;">Test Passed</h1> 
verify email is displayed
<h1 style="color:green;font-size:15px;">Test Passed</h1> 
Click on enter_mobile_no
verify right_arrow is enable
<h1 style="color:green;font-size:15px;">Test Passed</h1> 
Click on right_arrow
Click on enter_the_code_text_box
verify right_arrow is enable
<h1 style="color:green;font-size:15px;">Test Passed</h1> 
Click on right_arrow
Click on sleep_tab_button
verify sleep_tab_button is enable
<h1 style="color:green;font-size:15px;">Test Passed</h1> 
verify playlist_name is enable
<h1 style="color:green;font-size:15px;">Test Passed</h1> 
Click on create
verify hindi_language is displayed
<h1 style="color:green;font-size:15px;">Test Passed</h1> 
Click on hindi_language
Click on stories_from_puranas
Click on radio_button_for_select_all_music]]>
    </system-out>
  </testcase> <!-- To_verify_when_user_try_to_add_more_than_50_tracks_in_the_any_created_playlist_SLP_PL_014 -->
  <testcase classname="mobile.tests.Sleep_Playlist.Sleep_Playlist_Test" name="To_verify_the_UI_of_the_delete_playlist_confirmation_popup_SLP_PL_029" time="183.079">
    <system-out>
      <![CDATA[Click on sign_in
verify phone is displayed
<h1 style="color:green;font-size:15px;">Test Passed</h1> 
verify email is displayed
<h1 style="color:green;font-size:15px;">Test Passed</h1> 
Click on enter_mobile_no
verify right_arrow is enable
<h1 style="color:green;font-size:15px;">Test Passed</h1> 
Click on right_arrow
Click on enter_the_code_text_box
verify right_arrow is enable
<h1 style="color:green;font-size:15px;">Test Passed</h1> 
Click on right_arrow
Click on sleep_tab_button
verify sleep_tab_button is enable
<h1 style="color:green;font-size:15px;">Test Passed</h1> 
verify playlist_name is enable
<h1 style="color:green;font-size:15px;">Test Passed</h1> 
Click on create
Click on ancient_wisdom_drop_down
verify go_to_playlist is displayed
<h1 style="color:green;font-size:15px;">Test Passed</h1> 
Click on go_to_playlist
verify more_vert is displayed
<h1 style="color:green;font-size:15px;">Test Passed</h1> 
Click on more_vert
Click on delete_playlist
verify emoji_dialog is displayed
<h1 style="color:green;font-size:15px;">Test Passed</h1> ]]>
    </system-out>
  </testcase> <!-- To_verify_the_UI_of_the_delete_playlist_confirmation_popup_SLP_PL_029 -->
  <testcase classname="mobile.tests.Sleep_Playlist.Sleep_Playlist_Test" name="To_verify_when_user_try_to_taps_on_the_Create_Button_on_the_Create_Playlist_screen_after_entering_any_data_in_the_Playlist_Name_field_SLP_PL_007" time="105.128">
    <system-out>
      <![CDATA[Click on sign_in
verify phone is displayed
<h1 style="color:green;font-size:15px;">Test Passed</h1> 
verify email is displayed
<h1 style="color:green;font-size:15px;">Test Passed</h1> 
Click on enter_mobile_no
verify right_arrow is enable
<h1 style="color:green;font-size:15px;">Test Passed</h1> 
Click on right_arrow
Click on enter_the_code_text_box
verify right_arrow is enable
<h1 style="color:green;font-size:15px;">Test Passed</h1> 
Click on right_arrow
Click on sleep_tab_button
verify sleep_tab_button is enable
<h1 style="color:green;font-size:15px;">Test Passed</h1> 
verify playlist_name is enable
<h1 style="color:green;font-size:15px;">Test Passed</h1> 
Click on create
verify add_item_to_playlist is displayed
<h1 style="color:green;font-size:15px;">Test Passed</h1> ]]>
    </system-out>
  </testcase> <!-- To_verify_when_user_try_to_taps_on_the_Create_Button_on_the_Create_Playlist_screen_after_entering_any_data_in_the_Playlist_Name_field_SLP_PL_007 -->
  <testcase classname="mobile.tests.Sleep_Playlist.Sleep_Playlist_Test" name="To_verify_when_the_user_taps_on_the_Back_button_SLP_PL_022" time="143.312">
    <system-out>
      <![CDATA[Click on sign_in
verify phone is displayed
<h1 style="color:green;font-size:15px;">Test Passed</h1> 
verify email is displayed
<h1 style="color:green;font-size:15px;">Test Passed</h1> 
Click on enter_mobile_no
verify right_arrow is enable
<h1 style="color:green;font-size:15px;">Test Passed</h1> 
Click on right_arrow
Click on enter_the_code_text_box
verify right_arrow is enable
<h1 style="color:green;font-size:15px;">Test Passed</h1> 
Click on right_arrow
Click on sleep_tab_button
verify sleep_tab_button is enable
<h1 style="color:green;font-size:15px;">Test Passed</h1> 
verify navigate_back is displayed
<h1 style="color:green;font-size:15px;">Test Passed</h1> 
Click on navigate_back
verify sleep_tab_icon is displayed
<h1 style="color:green;font-size:15px;">Test Passed</h1> 
verify sleep_tab_icon is enable
<h1 style="color:green;font-size:15px;">Test Passed</h1> ]]>
    </system-out>
  </testcase> <!-- To_verify_when_the_user_taps_on_the_Back_button_SLP_PL_022 -->
  <testcase classname="mobile.tests.Sleep_Playlist.Sleep_Playlist_Test" name="To_verify_when_user_try_to_taps_on_the_Create_Button_on_the_Create_Playlist_screen_without_entering_any_data_in_the_Playlist_Name_field_SLP_PL_006" time="101.322">
    <system-out>
      <![CDATA[Click on sign_in
verify phone is displayed
<h1 style="color:green;font-size:15px;">Test Passed</h1> 
verify email is displayed
<h1 style="color:green;font-size:15px;">Test Passed</h1> 
Click on enter_mobile_no
verify right_arrow is enable
<h1 style="color:green;font-size:15px;">Test Passed</h1> 
Click on right_arrow
Click on enter_the_code_text_box
verify right_arrow is enable
<h1 style="color:green;font-size:15px;">Test Passed</h1> 
Click on right_arrow
Click on sleep_tab_button
verify sleep_tab_button is enable
<h1 style="color:green;font-size:15px;">Test Passed</h1> 
verify playlist_name is enable
<h1 style="color:green;font-size:15px;">Test Passed</h1> 
verify give_your_playlist_a_name is displayed
<h1 style="color:green;font-size:15px;">Test Passed</h1> ]]>
    </system-out>
  </testcase> <!-- To_verify_when_user_try_to_taps_on_the_Create_Button_on_the_Create_Playlist_screen_without_entering_any_data_in_the_Playlist_Name_field_SLP_PL_006 -->
  <testcase classname="mobile.tests.Sleep_Playlist.Sleep_Playlist_Test" name="To_verify_when_the_user_try_to_taping_on_the_Go_To_Playlist_button_without_selecting_any_music_track_SLP_PL_019" time="154.875">
    <system-out>
      <![CDATA[Click on sign_in
verify phone is displayed
<h1 style="color:green;font-size:15px;">Test Passed</h1> 
verify email is displayed
<h1 style="color:green;font-size:15px;">Test Passed</h1> 
Click on enter_mobile_no
verify right_arrow is enable
<h1 style="color:green;font-size:15px;">Test Passed</h1> 
Click on right_arrow
Click on enter_the_code_text_box
verify right_arrow is enable
<h1 style="color:green;font-size:15px;">Test Passed</h1> 
Click on right_arrow
Click on sleep_tab_button
verify sleep_tab_button is enable
<h1 style="color:green;font-size:15px;">Test Passed</h1> 
verify playlist_name is enable
<h1 style="color:green;font-size:15px;">Test Passed</h1> 
Click on create
verify go_to_playlist is displayed
<h1 style="color:green;font-size:15px;">Test Passed</h1> 
Click on go_to_playlist
verify add_item_to_playlist is displayed
<h1 style="color:green;font-size:15px;">Test Passed</h1> ]]>
    </system-out>
  </testcase> <!-- To_verify_when_the_user_try_to_taping_on_the_Go_To_Playlist_button_without_selecting_any_music_track_SLP_PL_019 -->
  <testcase classname="mobile.tests.Sleep_Playlist.Sleep_Playlist_Test" name="To_verify_that_the_user_is_able_to_update_the_playlist_name_SLP_PL_035" time="192.647">
    <system-out>
      <![CDATA[Click on sign_in
verify phone is displayed
<h1 style="color:green;font-size:15px;">Test Passed</h1> 
verify email is displayed
<h1 style="color:green;font-size:15px;">Test Passed</h1> 
Click on enter_mobile_no
verify right_arrow is enable
<h1 style="color:green;font-size:15px;">Test Passed</h1> 
Click on right_arrow
Click on enter_the_code_text_box
verify right_arrow is enable
<h1 style="color:green;font-size:15px;">Test Passed</h1> 
Click on right_arrow
Click on sleep_tab_button
verify sleep_tab_button is enable
<h1 style="color:green;font-size:15px;">Test Passed</h1> 
verify playlist_name is enable
<h1 style="color:green;font-size:15px;">Test Passed</h1> 
Click on create
Click on ancient_wisdom_drop_down
verify go_to_playlist is displayed
<h1 style="color:green;font-size:15px;">Test Passed</h1> 
Click on go_to_playlist
verify more_vert is displayed
<h1 style="color:green;font-size:15px;">Test Passed</h1> 
Click on more_vert
Click on edit_playlist
Click on save_playlist]]>
    </system-out>
  </testcase> <!-- To_verify_that_the_user_is_able_to_update_the_playlist_name_SLP_PL_035 -->
  <testcase classname="mobile.tests.Sleep_Playlist.Sleep_Playlist_Test" name="To_verify_when_the_user_taps_on_the_Schedule_a_reminder_option_on_the_bottom_sheet_SLP_PL_045" time="185.984">
    <system-out>
      <![CDATA[Click on sign_in
verify phone is displayed
<h1 style="color:green;font-size:15px;">Test Passed</h1> 
verify email is displayed
<h1 style="color:green;font-size:15px;">Test Passed</h1> 
Click on enter_mobile_no
verify right_arrow is enable
<h1 style="color:green;font-size:15px;">Test Passed</h1> 
Click on right_arrow
Click on enter_the_code_text_box
verify right_arrow is enable
<h1 style="color:green;font-size:15px;">Test Passed</h1> 
Click on right_arrow
Click on sleep_tab_button
verify sleep_tab_button is enable
<h1 style="color:green;font-size:15px;">Test Passed</h1> 
verify playlist_name is enable
<h1 style="color:green;font-size:15px;">Test Passed</h1> 
Click on create
Click on ancient_wisdom_drop_down
verify go_to_playlist is displayed
<h1 style="color:green;font-size:15px;">Test Passed</h1> 
Click on go_to_playlist
Click on more_vert_icon_playlist
Click on schedule_a_reminder]]>
    </system-out>
  </testcase> <!-- To_verify_when_the_user_taps_on_the_Schedule_a_reminder_option_on_the_bottom_sheet_SLP_PL_045 -->
  <testcase classname="mobile.tests.Sleep_Playlist.Sleep_Playlist_Test" name="To_verify_when_the_user_taps_on_the_any_language_filter_below_the_search_field_SLP_PL_010_and_SLP_PL_011" time="140.791">
    <system-out>
      <![CDATA[Click on sign_in
verify phone is displayed
<h1 style="color:green;font-size:15px;">Test Passed</h1> 
verify email is displayed
<h1 style="color:green;font-size:15px;">Test Passed</h1> 
Click on enter_mobile_no
verify right_arrow is enable
<h1 style="color:green;font-size:15px;">Test Passed</h1> 
Click on right_arrow
Click on enter_the_code_text_box
verify right_arrow is enable
<h1 style="color:green;font-size:15px;">Test Passed</h1> 
Click on right_arrow
Click on sleep_tab_button
verify sleep_tab_button is enable
<h1 style="color:green;font-size:15px;">Test Passed</h1> 
verify playlist_name is enable
<h1 style="color:green;font-size:15px;">Test Passed</h1> 
Click on create
verify hindi_language is displayed
<h1 style="color:green;font-size:15px;">Test Passed</h1> 
Click on hindi_language
Click on ancient_wisdom_drop_down
verify gudi_padwa is displayed
<h1 style="color:green;font-size:15px;">Test Passed</h1> 
verify hanuman_and_machhindranath is displayed
<h1 style="color:green;font-size:15px;">Test Passed</h1> 
verify story_of_jesus_christ is displayed
<h1 style="color:green;font-size:15px;">Test Passed</h1> 
verify yama_and_nachiketa is displayed
<h1 style="color:green;font-size:15px;">Test Passed</h1> 
verify marathi_language is displayed
<h1 style="color:green;font-size:15px;">Test Passed</h1> 
Click on marathi_language
verify the_fearless_lord is displayed
<h1 style="color:green;font-size:15px;">Test Passed</h1> ]]>
    </system-out>
  </testcase> <!-- To_verify_when_the_user_taps_on_the_any_language_filter_below_the_search_field_SLP_PL_010_and_SLP_PL_011 -->
  <testcase classname="mobile.tests.Sleep_Playlist.Sleep_Playlist_Test" name="To_verify_the_UI_of_the_Add_Items_to_playlist_screen_SLP_PL_008" time="103.589">
    <system-out>
      <![CDATA[Click on sign_in
verify phone is displayed
<h1 style="color:green;font-size:15px;">Test Passed</h1> 
verify email is displayed
<h1 style="color:green;font-size:15px;">Test Passed</h1> 
Click on enter_mobile_no
verify right_arrow is enable
<h1 style="color:green;font-size:15px;">Test Passed</h1> 
Click on right_arrow
Click on enter_the_code_text_box
verify right_arrow is enable
<h1 style="color:green;font-size:15px;">Test Passed</h1> 
Click on right_arrow
Click on sleep_tab_button
verify sleep_tab_button is enable
<h1 style="color:green;font-size:15px;">Test Passed</h1> 
verify playlist_name is enable
<h1 style="color:green;font-size:15px;">Test Passed</h1> 
Click on create
verify add_item_to_playlist is displayed
<h1 style="color:green;font-size:15px;">Test Passed</h1> ]]>
    </system-out>
  </testcase> <!-- To_verify_the_UI_of_the_Add_Items_to_playlist_screen_SLP_PL_008 -->
  <testcase classname="mobile.tests.Sleep_Playlist.Sleep_Playlist_Test" name="To_verify_when_the_user_taps_on_the_Play_button_SLP_PL_024" time="211.147">
    <system-out>
      <![CDATA[Click on sign_in
verify phone is displayed
<h1 style="color:green;font-size:15px;">Test Passed</h1> 
verify email is displayed
<h1 style="color:green;font-size:15px;">Test Passed</h1> 
Click on enter_mobile_no
verify right_arrow is enable
<h1 style="color:green;font-size:15px;">Test Passed</h1> 
Click on right_arrow
Click on enter_the_code_text_box
verify right_arrow is enable
<h1 style="color:green;font-size:15px;">Test Passed</h1> 
Click on right_arrow
Click on sleep_tab_button
verify sleep_tab_button is enable
<h1 style="color:green;font-size:15px;">Test Passed</h1> 
verify playlist_name is enable
<h1 style="color:green;font-size:15px;">Test Passed</h1> 
Click on create
Click on ancient_wisdom_drop_down
verify go_to_playlist is displayed
<h1 style="color:green;font-size:15px;">Test Passed</h1> 
Click on go_to_playlist
verify golden_values_of_life is displayed
<h1 style="color:green;font-size:15px;">Test Passed</h1> 
verify siddhartha_chapter is displayed
<h1 style="color:green;font-size:15px;">Test Passed</h1> 
Click on music_play_button_playlist
Click on music_forward_button
Click on stop_music
Click on close_video_button
verify playlist_page is displayed
<h1 style="color:green;font-size:15px;">Test Passed</h1> ]]>
    </system-out>
  </testcase> <!-- To_verify_when_the_user_taps_on_the_Play_button_SLP_PL_024 -->
  <testcase classname="mobile.tests.Sleep_Playlist.Sleep_Playlist_Test" name="To_verify_when_the_user_taps_swaps_left_from_the_categories_Screen_SLP_PL_018" time="152.692">
    <system-out>
      <![CDATA[Click on sign_in
verify phone is displayed
<h1 style="color:green;font-size:15px;">Test Passed</h1> 
verify email is displayed
<h1 style="color:green;font-size:15px;">Test Passed</h1> 
Click on enter_mobile_no
verify right_arrow is enable
<h1 style="color:green;font-size:15px;">Test Passed</h1> 
Click on right_arrow
Click on enter_the_code_text_box
verify right_arrow is enable
<h1 style="color:green;font-size:15px;">Test Passed</h1> 
Click on right_arrow
Click on sleep_tab_button
verify sleep_tab_button is enable
<h1 style="color:green;font-size:15px;">Test Passed</h1> 
verify playlist_name is enable
<h1 style="color:green;font-size:15px;">Test Passed</h1> 
Click on create]]>
    </system-out>
  </testcase> <!-- To_verify_when_the_user_taps_swaps_left_from_the_categories_Screen_SLP_PL_018 -->
  <testcase classname="mobile.tests.Sleep_Playlist.Sleep_Playlist_Test" name="To_verify_when_the_user_taps_on_the_Selected_icon_on_the_selected_music_track_from_the_expanded_music_list_SLP_PL_016" time="160.128">
    <system-out>
      <![CDATA[Click on sign_in
verify phone is displayed
<h1 style="color:green;font-size:15px;">Test Passed</h1> 
verify email is displayed
<h1 style="color:green;font-size:15px;">Test Passed</h1> 
Click on enter_mobile_no
verify right_arrow is enable
<h1 style="color:green;font-size:15px;">Test Passed</h1> 
Click on right_arrow
Click on enter_the_code_text_box
verify right_arrow is enable
<h1 style="color:green;font-size:15px;">Test Passed</h1> 
Click on right_arrow
Click on sleep_tab_button
verify sleep_tab_button is enable
<h1 style="color:green;font-size:15px;">Test Passed</h1> 
verify playlist_name is enable
<h1 style="color:green;font-size:15px;">Test Passed</h1> 
Click on create
verify hindi_language is displayed
<h1 style="color:green;font-size:15px;">Test Passed</h1> 
Click on hindi_language
Click on stories_from_puranas]]>
    </system-out>
  </testcase> <!-- To_verify_when_the_user_taps_on_the_Selected_icon_on_the_selected_music_track_from_the_expanded_music_list_SLP_PL_016 -->
  <testcase classname="mobile.tests.Sleep_Playlist.Sleep_Playlist_Test" name="To_verify_when_the_user_taps_on_the_Delete_playlist_option_on_the_bottom_sheet_SLP_PL_028" time="184.453">
    <system-out>
      <![CDATA[Click on sign_in
verify phone is displayed
<h1 style="color:green;font-size:15px;">Test Passed</h1> 
verify email is displayed
<h1 style="color:green;font-size:15px;">Test Passed</h1> 
Click on enter_mobile_no
verify right_arrow is enable
<h1 style="color:green;font-size:15px;">Test Passed</h1> 
Click on right_arrow
Click on enter_the_code_text_box
verify right_arrow is enable
<h1 style="color:green;font-size:15px;">Test Passed</h1> 
Click on right_arrow
Click on sleep_tab_button
verify sleep_tab_button is enable
<h1 style="color:green;font-size:15px;">Test Passed</h1> 
verify playlist_name is enable
<h1 style="color:green;font-size:15px;">Test Passed</h1> 
Click on create
Click on ancient_wisdom_drop_down
verify go_to_playlist is displayed
<h1 style="color:green;font-size:15px;">Test Passed</h1> 
Click on go_to_playlist
verify golden_values_of_life is displayed
<h1 style="color:green;font-size:15px;">Test Passed</h1> 
verify siddhartha_chapter is displayed
<h1 style="color:green;font-size:15px;">Test Passed</h1> 
verify more_vert is displayed
<h1 style="color:green;font-size:15px;">Test Passed</h1> 
Click on more_vert
Click on delete_playlist
verify are_you_sure_pop_up is displayed
<h1 style="color:green;font-size:15px;">Test Passed</h1> ]]>
    </system-out>
  </testcase> <!-- To_verify_when_the_user_taps_on_the_Delete_playlist_option_on_the_bottom_sheet_SLP_PL_028 -->
  <testcase classname="mobile.tests.Sleep_Playlist.Sleep_Playlist_Test" name="To_verify_when_the_use_taps_on_the_Playlist_Name_filed_SLP_PL_004" time="94.995">
    <system-out>
      <![CDATA[Click on sign_in
verify phone is displayed
<h1 style="color:green;font-size:15px;">Test Passed</h1> 
verify email is displayed
<h1 style="color:green;font-size:15px;">Test Passed</h1> 
Click on enter_mobile_no
verify right_arrow is enable
<h1 style="color:green;font-size:15px;">Test Passed</h1> 
Click on right_arrow
Click on enter_the_code_text_box
verify right_arrow is enable
<h1 style="color:green;font-size:15px;">Test Passed</h1> 
Click on right_arrow
Click on sleep_tab_button
verify sleep_tab_button is enable
<h1 style="color:green;font-size:15px;">Test Passed</h1> 
verify playlist_name is enable
<h1 style="color:green;font-size:15px;">Test Passed</h1> ]]>
    </system-out>
  </testcase> <!-- To_verify_when_the_use_taps_on_the_Playlist_Name_filed_SLP_PL_004 -->
  <testcase classname="mobile.tests.Sleep_Playlist.Sleep_Playlist_Test" name="To_verify_when_the_user_try_to_tap_on_the_Save_button_without_applying_any_changes_in_the_created_playlist_SLP_PL_034" time="183.064">
    <system-out>
      <![CDATA[Click on sign_in
verify phone is displayed
<h1 style="color:green;font-size:15px;">Test Passed</h1> 
verify email is displayed
<h1 style="color:green;font-size:15px;">Test Passed</h1> 
Click on enter_mobile_no
verify right_arrow is enable
<h1 style="color:green;font-size:15px;">Test Passed</h1> 
Click on right_arrow
Click on enter_the_code_text_box
verify right_arrow is enable
<h1 style="color:green;font-size:15px;">Test Passed</h1> 
Click on right_arrow
Click on sleep_tab_button
verify sleep_tab_button is enable
<h1 style="color:green;font-size:15px;">Test Passed</h1> 
verify playlist_name is enable
<h1 style="color:green;font-size:15px;">Test Passed</h1> 
Click on create
Click on ancient_wisdom_drop_down
verify go_to_playlist is displayed
<h1 style="color:green;font-size:15px;">Test Passed</h1> 
Click on go_to_playlist
verify more_vert is displayed
<h1 style="color:green;font-size:15px;">Test Passed</h1> 
Click on more_vert
Click on edit_playlist
Click on save_playlist
verify Edit_Playlist_Screen is displayed
<h1 style="color:green;font-size:15px;">Test Passed</h1> ]]>
    </system-out>
  </testcase> <!-- To_verify_when_the_user_try_to_tap_on_the_Save_button_without_applying_any_changes_in_the_created_playlist_SLP_PL_034 -->
  <testcase classname="mobile.tests.Sleep_Playlist.Sleep_Playlist_Test" name="To_verify_that_the_user_is_able_to_add_the_any_currently_played_track_after_creating_new_playlist_SLP_PL_050" time="114.686">
    <system-out>
      <![CDATA[Click on sign_in
verify phone is displayed
<h1 style="color:green;font-size:15px;">Test Passed</h1> 
verify email is displayed
<h1 style="color:green;font-size:15px;">Test Passed</h1> 
Click on enter_mobile_no
verify right_arrow is enable
<h1 style="color:green;font-size:15px;">Test Passed</h1> 
Click on right_arrow
Click on enter_the_code_text_box
verify right_arrow is enable
<h1 style="color:green;font-size:15px;">Test Passed</h1> 
Click on right_arrow
Click on sleep_tab_button
verify sleep_tab_button is enable
<h1 style="color:green;font-size:15px;">Test Passed</h1> 
Click on story_of_Tulsi_Vivaha
Click on story_of_Tulsi_Vivaha_more_vert
Click on add_to_playlist
Click on Add_Playlist
verify playlist_name is enable
<h1 style="color:green;font-size:15px;">Test Passed</h1> ]]>
    </system-out>
  </testcase> <!-- To_verify_that_the_user_is_able_to_add_the_any_currently_played_track_after_creating_new_playlist_SLP_PL_050 -->
  <testcase classname="mobile.tests.Sleep_Playlist.Sleep_Playlist_Test" name="To_verify_when_the_user_try_to_taping_on_the_Go_To_Playlist_button_after_selecting_music_track_SLP_PL_020" time="172.664">
    <system-out>
      <![CDATA[Click on sign_in
verify phone is displayed
<h1 style="color:green;font-size:15px;">Test Passed</h1> 
verify email is displayed
<h1 style="color:green;font-size:15px;">Test Passed</h1> 
Click on enter_mobile_no
verify right_arrow is enable
<h1 style="color:green;font-size:15px;">Test Passed</h1> 
Click on right_arrow
Click on enter_the_code_text_box
verify right_arrow is enable
<h1 style="color:green;font-size:15px;">Test Passed</h1> 
Click on right_arrow
Click on sleep_tab_button
verify sleep_tab_button is enable
<h1 style="color:green;font-size:15px;">Test Passed</h1> 
verify playlist_name is enable
<h1 style="color:green;font-size:15px;">Test Passed</h1> 
Click on create
Click on ancient_wisdom_drop_down
verify go_to_playlist is displayed
<h1 style="color:green;font-size:15px;">Test Passed</h1> 
Click on go_to_playlist
verify playlist_page is displayed
<h1 style="color:green;font-size:15px;">Test Passed</h1> ]]>
    </system-out>
  </testcase> <!-- To_verify_when_the_user_try_to_taping_on_the_Go_To_Playlist_button_after_selecting_music_track_SLP_PL_020 -->
  <system-out>
    <![CDATA[Click on sign_in
verify phone is displayed
<h1 style="color:green;font-size:15px;">Test Passed</h1> 
verify email is displayed
<h1 style="color:green;font-size:15px;">Test Passed</h1> 
Click on enter_mobile_no
verify right_arrow is enable
<h1 style="color:green;font-size:15px;">Test Passed</h1> 
Click on right_arrow
Click on enter_the_code_text_box
verify right_arrow is enable
<h1 style="color:green;font-size:15px;">Test Passed</h1> 
Click on right_arrow
Click on sleep_tab_button
verify sleep_tab_button is enable
<h1 style="color:green;font-size:15px;">Test Passed</h1> 
verify sleep_tab_button is displayed
<h1 style="color:green;font-size:15px;">Test Passed</h1> 
verify sleep_tab_icon is displayed
<h1 style="color:green;font-size:15px;">Test Passed</h1> 
verify sleep_tab_icon is enable
<h1 style="color:green;font-size:15px;">Test Passed</h1> 
verify search_for_sleep is displayed
<h1 style="color:green;font-size:15px;">Test Passed</h1> 
verify music is displayed
<h1 style="color:green;font-size:15px;">Test Passed</h1> 
verify meditation is displayed
<h1 style="color:green;font-size:15px;">Test Passed</h1> 
Click on sign_in
verify phone is displayed
<h1 style="color:green;font-size:15px;">Test Passed</h1> 
verify email is displayed
<h1 style="color:green;font-size:15px;">Test Passed</h1> 
Click on enter_mobile_no
verify right_arrow is enable
<h1 style="color:green;font-size:15px;">Test Passed</h1> 
Click on right_arrow
Click on enter_the_code_text_box
verify right_arrow is enable
<h1 style="color:green;font-size:15px;">Test Passed</h1> 
Click on right_arrow
Click on sleep_tab_button
verify sleep_tab_button is enable
<h1 style="color:green;font-size:15px;">Test Passed</h1> 
verify playlist_name is enable
<h1 style="color:green;font-size:15px;">Test Passed</h1> 
Click on sign_in
verify phone is displayed
<h1 style="color:green;font-size:15px;">Test Passed</h1> 
verify email is displayed
<h1 style="color:green;font-size:15px;">Test Passed</h1> 
Click on enter_mobile_no
verify right_arrow is enable
<h1 style="color:green;font-size:15px;">Test Passed</h1> 
Click on right_arrow
Click on enter_the_code_text_box
verify right_arrow is enable
<h1 style="color:green;font-size:15px;">Test Passed</h1> 
Click on right_arrow
Click on sleep_tab_button
verify sleep_tab_button is enable
<h1 style="color:green;font-size:15px;">Test Passed</h1> 
verify playlist_name is enable
<h1 style="color:green;font-size:15px;">Test Passed</h1> 
Click on sign_in
verify phone is displayed
<h1 style="color:green;font-size:15px;">Test Passed</h1> 
verify email is displayed
<h1 style="color:green;font-size:15px;">Test Passed</h1> 
Click on enter_mobile_no
verify right_arrow is enable
<h1 style="color:green;font-size:15px;">Test Passed</h1> 
Click on right_arrow
Click on enter_the_code_text_box
verify right_arrow is enable
<h1 style="color:green;font-size:15px;">Test Passed</h1> 
Click on right_arrow
Click on sleep_tab_button
verify sleep_tab_button is enable
<h1 style="color:green;font-size:15px;">Test Passed</h1> 
verify playlist_name is enable
<h1 style="color:green;font-size:15px;">Test Passed</h1> 
Click on sign_in
verify phone is displayed
<h1 style="color:green;font-size:15px;">Test Passed</h1> 
verify email is displayed
<h1 style="color:green;font-size:15px;">Test Passed</h1> 
Click on enter_mobile_no
verify right_arrow is enable
<h1 style="color:green;font-size:15px;">Test Passed</h1> 
Click on right_arrow
Click on enter_the_code_text_box
verify right_arrow is enable
<h1 style="color:green;font-size:15px;">Test Passed</h1> 
Click on right_arrow
Click on sleep_tab_button
verify sleep_tab_button is enable
<h1 style="color:green;font-size:15px;">Test Passed</h1> 
verify playlist_name is enable
<h1 style="color:green;font-size:15px;">Test Passed</h1> 
verify give_your_playlist_a_name is displayed
<h1 style="color:green;font-size:15px;">Test Passed</h1> 
Click on sign_in
verify phone is displayed
<h1 style="color:green;font-size:15px;">Test Passed</h1> 
verify email is displayed
<h1 style="color:green;font-size:15px;">Test Passed</h1> 
Click on enter_mobile_no
verify right_arrow is enable
<h1 style="color:green;font-size:15px;">Test Passed</h1> 
Click on right_arrow
Click on enter_the_code_text_box
verify right_arrow is enable
<h1 style="color:green;font-size:15px;">Test Passed</h1> 
Click on right_arrow
Click on sleep_tab_button
verify sleep_tab_button is enable
<h1 style="color:green;font-size:15px;">Test Passed</h1> 
verify playlist_name is enable
<h1 style="color:green;font-size:15px;">Test Passed</h1> 
Click on create
verify add_item_to_playlist is displayed
<h1 style="color:green;font-size:15px;">Test Passed</h1> 
Click on sign_in
verify phone is displayed
<h1 style="color:green;font-size:15px;">Test Passed</h1> 
verify email is displayed
<h1 style="color:green;font-size:15px;">Test Passed</h1> 
Click on enter_mobile_no
verify right_arrow is enable
<h1 style="color:green;font-size:15px;">Test Passed</h1> 
Click on right_arrow
Click on enter_the_code_text_box
verify right_arrow is enable
<h1 style="color:green;font-size:15px;">Test Passed</h1> 
Click on right_arrow
Click on sleep_tab_button
verify sleep_tab_button is enable
<h1 style="color:green;font-size:15px;">Test Passed</h1> 
verify playlist_name is enable
<h1 style="color:green;font-size:15px;">Test Passed</h1> 
Click on create
verify add_item_to_playlist is displayed
<h1 style="color:green;font-size:15px;">Test Passed</h1> 
Click on sign_in
verify phone is displayed
<h1 style="color:green;font-size:15px;">Test Passed</h1> 
verify email is displayed
<h1 style="color:green;font-size:15px;">Test Passed</h1> 
Click on enter_mobile_no
verify right_arrow is enable
<h1 style="color:green;font-size:15px;">Test Passed</h1> 
Click on right_arrow
Click on enter_the_code_text_box
verify right_arrow is enable
<h1 style="color:green;font-size:15px;">Test Passed</h1> 
Click on right_arrow
Click on sleep_tab_button
verify sleep_tab_button is enable
<h1 style="color:green;font-size:15px;">Test Passed</h1> 
verify playlist_name is enable
<h1 style="color:green;font-size:15px;">Test Passed</h1> 
Click on create
verify add_item_to_playlist is displayed
<h1 style="color:green;font-size:15px;">Test Passed</h1> 
<h1 style="color:red;font-size:15px;">Test Failed</h1>   
<img src="C:\Users\Harshal\Desktop\LSM_Project\LEVEL\LSM\src\test\resources\failed_test_screenshot\To_verify_when_the_user_enters_the_any_keyword_in_search_field_of_the_Add_item_to_playlist_screen_SLP_PL_009_lBdxZ.png" alt="test" width="1024" height="640">
Click on sign_in
verify phone is displayed
<h1 style="color:green;font-size:15px;">Test Passed</h1> 
verify email is displayed
<h1 style="color:green;font-size:15px;">Test Passed</h1> 
Click on enter_mobile_no
verify right_arrow is enable
<h1 style="color:green;font-size:15px;">Test Passed</h1> 
Click on right_arrow
Click on enter_the_code_text_box
verify right_arrow is enable
<h1 style="color:green;font-size:15px;">Test Passed</h1> 
Click on right_arrow
Click on sleep_tab_button
verify sleep_tab_button is enable
<h1 style="color:green;font-size:15px;">Test Passed</h1> 
verify playlist_name is enable
<h1 style="color:green;font-size:15px;">Test Passed</h1> 
Click on create
verify hindi_language is displayed
<h1 style="color:green;font-size:15px;">Test Passed</h1> 
Click on hindi_language
Click on ancient_wisdom_drop_down
verify gudi_padwa is displayed
<h1 style="color:green;font-size:15px;">Test Passed</h1> 
verify hanuman_and_machhindranath is displayed
<h1 style="color:green;font-size:15px;">Test Passed</h1> 
verify story_of_jesus_christ is displayed
<h1 style="color:green;font-size:15px;">Test Passed</h1> 
verify yama_and_nachiketa is displayed
<h1 style="color:green;font-size:15px;">Test Passed</h1> 
verify marathi_language is displayed
<h1 style="color:green;font-size:15px;">Test Passed</h1> 
Click on marathi_language
verify the_fearless_lord is displayed
<h1 style="color:green;font-size:15px;">Test Passed</h1> 
Click on sign_in
verify phone is displayed
<h1 style="color:green;font-size:15px;">Test Passed</h1> 
verify email is displayed
<h1 style="color:green;font-size:15px;">Test Passed</h1> 
Click on enter_mobile_no
verify right_arrow is enable
<h1 style="color:green;font-size:15px;">Test Passed</h1> 
Click on right_arrow
Click on enter_the_code_text_box
verify right_arrow is enable
<h1 style="color:green;font-size:15px;">Test Passed</h1> 
Click on right_arrow
Click on sleep_tab_button
verify sleep_tab_button is enable
<h1 style="color:green;font-size:15px;">Test Passed</h1> 
verify playlist_name is enable
<h1 style="color:green;font-size:15px;">Test Passed</h1> 
Click on create
verify hindi_language is displayed
<h1 style="color:green;font-size:15px;">Test Passed</h1> 
Click on hindi_language
Click on ancient_wisdom_drop_down
verify gudi_padwa is displayed
<h1 style="color:green;font-size:15px;">Test Passed</h1> 
verify hanuman_and_machhindranath is displayed
<h1 style="color:green;font-size:15px;">Test Passed</h1> 
verify story_of_jesus_christ is displayed
<h1 style="color:green;font-size:15px;">Test Passed</h1> 
verify yama_and_nachiketa is displayed
<h1 style="color:green;font-size:15px;">Test Passed</h1> 
Click on close_drop_down_collapse_button
Click on sign_in
verify phone is displayed
<h1 style="color:green;font-size:15px;">Test Passed</h1> 
verify email is displayed
<h1 style="color:green;font-size:15px;">Test Passed</h1> 
Click on enter_mobile_no
verify right_arrow is enable
<h1 style="color:green;font-size:15px;">Test Passed</h1> 
Click on right_arrow
Click on enter_the_code_text_box
verify right_arrow is enable
<h1 style="color:green;font-size:15px;">Test Passed</h1> 
Click on right_arrow
Click on sleep_tab_button
verify sleep_tab_button is enable
<h1 style="color:green;font-size:15px;">Test Passed</h1> 
verify playlist_name is enable
<h1 style="color:green;font-size:15px;">Test Passed</h1> 
Click on create
verify hindi_language is displayed
<h1 style="color:green;font-size:15px;">Test Passed</h1> 
Click on hindi_language
Click on stories_from_puranas
Click on radio_button_for_select_all_music
<h1 style="color:red;font-size:15px;">Test Failed</h1>   
<img src="C:\Users\Harshal\Desktop\LSM_Project\LEVEL\LSM\src\test\resources\failed_test_screenshot\To_verify_when_user_try_to_add_more_than_50_tracks_in_the_any_created_playlist_SLP_PL_014_eaqIl.png" alt="test" width="1024" height="640">
Click on sign_in
verify phone is displayed
<h1 style="color:green;font-size:15px;">Test Passed</h1> 
verify email is displayed
<h1 style="color:green;font-size:15px;">Test Passed</h1> 
Click on enter_mobile_no
verify right_arrow is enable
<h1 style="color:green;font-size:15px;">Test Passed</h1> 
Click on right_arrow
Click on enter_the_code_text_box
verify right_arrow is enable
<h1 style="color:green;font-size:15px;">Test Passed</h1> 
Click on right_arrow
Click on sleep_tab_button
verify sleep_tab_button is enable
<h1 style="color:green;font-size:15px;">Test Passed</h1> 
verify playlist_name is enable
<h1 style="color:green;font-size:15px;">Test Passed</h1> 
Click on create
verify hindi_language is displayed
<h1 style="color:green;font-size:15px;">Test Passed</h1> 
Click on hindi_language
Click on stories_from_puranas
Click on sign_in
verify phone is displayed
<h1 style="color:green;font-size:15px;">Test Passed</h1> 
verify email is displayed
<h1 style="color:green;font-size:15px;">Test Passed</h1> 
Click on enter_mobile_no
verify right_arrow is enable
<h1 style="color:green;font-size:15px;">Test Passed</h1> 
Click on right_arrow
Click on enter_the_code_text_box
verify right_arrow is enable
<h1 style="color:green;font-size:15px;">Test Passed</h1> 
Click on right_arrow
Click on sleep_tab_button
verify sleep_tab_button is enable
<h1 style="color:green;font-size:15px;">Test Passed</h1> 
verify playlist_name is enable
<h1 style="color:green;font-size:15px;">Test Passed</h1> 
Click on create
verify hindi_language is displayed
<h1 style="color:green;font-size:15px;">Test Passed</h1> 
Click on hindi_language
Click on stories_from_puranas
Click on sign_in
verify phone is displayed
<h1 style="color:green;font-size:15px;">Test Passed</h1> 
verify email is displayed
<h1 style="color:green;font-size:15px;">Test Passed</h1> 
Click on enter_mobile_no
verify right_arrow is enable
<h1 style="color:green;font-size:15px;">Test Passed</h1> 
Click on right_arrow
Click on enter_the_code_text_box
verify right_arrow is enable
<h1 style="color:green;font-size:15px;">Test Passed</h1> 
Click on right_arrow
Click on sleep_tab_button
verify sleep_tab_button is enable
<h1 style="color:green;font-size:15px;">Test Passed</h1> 
verify playlist_name is enable
<h1 style="color:green;font-size:15px;">Test Passed</h1> 
Click on create
verify hindi_language is displayed
<h1 style="color:green;font-size:15px;">Test Passed</h1> 
Click on hindi_language
Click on ancient_wisdom_drop_down
verify Remove_Filters is displayed
<h1 style="color:green;font-size:15px;">Test Passed</h1> 
Click on Remove_Filters
verify add_item_to_playlist is displayed
<h1 style="color:green;font-size:15px;">Test Passed</h1> 
Click on sign_in
verify phone is displayed
<h1 style="color:green;font-size:15px;">Test Passed</h1> 
verify email is displayed
<h1 style="color:green;font-size:15px;">Test Passed</h1> 
Click on enter_mobile_no
verify right_arrow is enable
<h1 style="color:green;font-size:15px;">Test Passed</h1> 
Click on right_arrow
Click on enter_the_code_text_box
verify right_arrow is enable
<h1 style="color:green;font-size:15px;">Test Passed</h1> 
Click on right_arrow
Click on sleep_tab_button
verify sleep_tab_button is enable
<h1 style="color:green;font-size:15px;">Test Passed</h1> 
verify playlist_name is enable
<h1 style="color:green;font-size:15px;">Test Passed</h1> 
Click on create
Click on sign_in
verify phone is displayed
<h1 style="color:green;font-size:15px;">Test Passed</h1> 
verify email is displayed
<h1 style="color:green;font-size:15px;">Test Passed</h1> 
Click on enter_mobile_no
verify right_arrow is enable
<h1 style="color:green;font-size:15px;">Test Passed</h1> 
Click on right_arrow
Click on enter_the_code_text_box
verify right_arrow is enable
<h1 style="color:green;font-size:15px;">Test Passed</h1> 
Click on right_arrow
Click on sleep_tab_button
verify sleep_tab_button is enable
<h1 style="color:green;font-size:15px;">Test Passed</h1> 
verify playlist_name is enable
<h1 style="color:green;font-size:15px;">Test Passed</h1> 
Click on create
verify go_to_playlist is displayed
<h1 style="color:green;font-size:15px;">Test Passed</h1> 
Click on go_to_playlist
verify add_item_to_playlist is displayed
<h1 style="color:green;font-size:15px;">Test Passed</h1> 
Click on sign_in
verify phone is displayed
<h1 style="color:green;font-size:15px;">Test Passed</h1> 
verify email is displayed
<h1 style="color:green;font-size:15px;">Test Passed</h1> 
Click on enter_mobile_no
verify right_arrow is enable
<h1 style="color:green;font-size:15px;">Test Passed</h1> 
Click on right_arrow
Click on enter_the_code_text_box
verify right_arrow is enable
<h1 style="color:green;font-size:15px;">Test Passed</h1> 
Click on right_arrow
Click on sleep_tab_button
verify sleep_tab_button is enable
<h1 style="color:green;font-size:15px;">Test Passed</h1> 
verify playlist_name is enable
<h1 style="color:green;font-size:15px;">Test Passed</h1> 
Click on create
Click on ancient_wisdom_drop_down
verify go_to_playlist is displayed
<h1 style="color:green;font-size:15px;">Test Passed</h1> 
Click on go_to_playlist
verify playlist_page is displayed
<h1 style="color:green;font-size:15px;">Test Passed</h1> 
Click on sign_in
verify phone is displayed
<h1 style="color:green;font-size:15px;">Test Passed</h1> 
verify email is displayed
<h1 style="color:green;font-size:15px;">Test Passed</h1> 
Click on enter_mobile_no
verify right_arrow is enable
<h1 style="color:green;font-size:15px;">Test Passed</h1> 
Click on right_arrow
Click on enter_the_code_text_box
verify right_arrow is enable
<h1 style="color:green;font-size:15px;">Test Passed</h1> 
Click on right_arrow
Click on sleep_tab_button
verify sleep_tab_button is enable
<h1 style="color:green;font-size:15px;">Test Passed</h1> 
verify navigate_back is displayed
<h1 style="color:green;font-size:15px;">Test Passed</h1> 
Click on navigate_back
verify sleep_tab_icon is displayed
<h1 style="color:green;font-size:15px;">Test Passed</h1> 
verify sleep_tab_icon is enable
<h1 style="color:green;font-size:15px;">Test Passed</h1> 
Click on sign_in
verify phone is displayed
<h1 style="color:green;font-size:15px;">Test Passed</h1> 
verify email is displayed
<h1 style="color:green;font-size:15px;">Test Passed</h1> 
Click on enter_mobile_no
verify right_arrow is enable
<h1 style="color:green;font-size:15px;">Test Passed</h1> 
Click on right_arrow
Click on enter_the_code_text_box
verify right_arrow is enable
<h1 style="color:green;font-size:15px;">Test Passed</h1> 
Click on right_arrow
Click on sleep_tab_button
verify sleep_tab_button is enable
<h1 style="color:green;font-size:15px;">Test Passed</h1> 
verify playlist_name is enable
<h1 style="color:green;font-size:15px;">Test Passed</h1> 
Click on create
Click on ancient_wisdom_drop_down
verify go_to_playlist is displayed
<h1 style="color:green;font-size:15px;">Test Passed</h1> 
Click on go_to_playlist
verify playlist_page is displayed
<h1 style="color:green;font-size:15px;">Test Passed</h1> 
verify more_vert is displayed
<h1 style="color:green;font-size:15px;">Test Passed</h1> 
Click on more_vert
verify close_button_playlist is displayed
<h1 style="color:green;font-size:15px;">Test Passed</h1> 
verify add_to_this_playlist is displayed
<h1 style="color:green;font-size:15px;">Test Passed</h1> 
verify delete_playlist is displayed
<h1 style="color:green;font-size:15px;">Test Passed</h1> 
verify edit_playlist is displayed
<h1 style="color:green;font-size:15px;">Test Passed</h1> 
Click on sign_in
verify phone is displayed
<h1 style="color:green;font-size:15px;">Test Passed</h1> 
verify email is displayed
<h1 style="color:green;font-size:15px;">Test Passed</h1> 
Click on enter_mobile_no
verify right_arrow is enable
<h1 style="color:green;font-size:15px;">Test Passed</h1> 
Click on right_arrow
Click on enter_the_code_text_box
verify right_arrow is enable
<h1 style="color:green;font-size:15px;">Test Passed</h1> 
Click on right_arrow
Click on sleep_tab_button
verify sleep_tab_button is enable
<h1 style="color:green;font-size:15px;">Test Passed</h1> 
verify playlist_name is enable
<h1 style="color:green;font-size:15px;">Test Passed</h1> 
Click on create
Click on ancient_wisdom_drop_down
verify go_to_playlist is displayed
<h1 style="color:green;font-size:15px;">Test Passed</h1> 
Click on go_to_playlist
verify golden_values_of_life is displayed
<h1 style="color:green;font-size:15px;">Test Passed</h1> 
verify siddhartha_chapter is displayed
<h1 style="color:green;font-size:15px;">Test Passed</h1> 
Click on music_play_button_playlist
Click on music_forward_button
Click on stop_music
Click on close_video_button
verify playlist_page is displayed
<h1 style="color:green;font-size:15px;">Test Passed</h1> 
Click on sign_in
verify phone is displayed
<h1 style="color:green;font-size:15px;">Test Passed</h1> 
verify email is displayed
<h1 style="color:green;font-size:15px;">Test Passed</h1> 
Click on enter_mobile_no
verify right_arrow is enable
<h1 style="color:green;font-size:15px;">Test Passed</h1> 
Click on right_arrow
Click on enter_the_code_text_box
verify right_arrow is enable
<h1 style="color:green;font-size:15px;">Test Passed</h1> 
Click on right_arrow
Click on sleep_tab_button
verify sleep_tab_button is enable
<h1 style="color:green;font-size:15px;">Test Passed</h1> 
verify playlist_name is enable
<h1 style="color:green;font-size:15px;">Test Passed</h1> 
Click on create
Click on ancient_wisdom_drop_down
verify go_to_playlist is displayed
<h1 style="color:green;font-size:15px;">Test Passed</h1> 
Click on go_to_playlist
verify golden_values_of_life is displayed
<h1 style="color:green;font-size:15px;">Test Passed</h1> 
<h1 style="color:red;font-size:15px;">Test Failed</h1>   
<img src="C:\Users\Harshal\Desktop\LSM_Project\LEVEL\LSM\src\test\resources\failed_test_screenshot\To_verify_when_the_user_taps_on_the_More_Vert_icon_on_the_any_added_track_from_the_playlist_SLP_PL_025_6rI3X.png" alt="test" width="1024" height="640">
Click on sign_in
verify phone is displayed
<h1 style="color:green;font-size:15px;">Test Passed</h1> 
verify email is displayed
<h1 style="color:green;font-size:15px;">Test Passed</h1> 
Click on enter_mobile_no
verify right_arrow is enable
<h1 style="color:green;font-size:15px;">Test Passed</h1> 
Click on right_arrow
Click on enter_the_code_text_box
verify right_arrow is enable
<h1 style="color:green;font-size:15px;">Test Passed</h1> 
Click on right_arrow
Click on sleep_tab_button
verify sleep_tab_button is enable
<h1 style="color:green;font-size:15px;">Test Passed</h1> 
verify playlist_name is enable
<h1 style="color:green;font-size:15px;">Test Passed</h1> 
Click on create
Click on ancient_wisdom_drop_down
verify go_to_playlist is displayed
<h1 style="color:green;font-size:15px;">Test Passed</h1> 
Click on go_to_playlist
verify golden_values_of_life is displayed
<h1 style="color:green;font-size:15px;">Test Passed</h1> 
verify siddhartha_chapter is displayed
<h1 style="color:green;font-size:15px;">Test Passed</h1> 
Click on more_vert_icon_playlist
Click on close_button_golden_values_of_life
Click on sign_in
verify phone is displayed
<h1 style="color:green;font-size:15px;">Test Passed</h1> 
verify email is displayed
<h1 style="color:green;font-size:15px;">Test Passed</h1> 
Click on enter_mobile_no
verify right_arrow is enable
<h1 style="color:green;font-size:15px;">Test Passed</h1> 
Click on right_arrow
Click on enter_the_code_text_box
verify right_arrow is enable
<h1 style="color:green;font-size:15px;">Test Passed</h1> 
Click on right_arrow
Click on sleep_tab_button
verify sleep_tab_button is enable
<h1 style="color:green;font-size:15px;">Test Passed</h1> 
verify playlist_name is enable
<h1 style="color:green;font-size:15px;">Test Passed</h1> 
Click on create
Click on ancient_wisdom_drop_down
verify go_to_playlist is displayed
<h1 style="color:green;font-size:15px;">Test Passed</h1> 
Click on go_to_playlist
verify golden_values_of_life is displayed
<h1 style="color:green;font-size:15px;">Test Passed</h1> 
verify siddhartha_chapter is displayed
<h1 style="color:green;font-size:15px;">Test Passed</h1> 
<h1 style="color:red;font-size:15px;">Test Failed</h1>   
<img src="C:\Users\Harshal\Desktop\LSM_Project\LEVEL\LSM\src\test\resources\failed_test_screenshot\To_verify_when_the_user_taps_on_the_plus_Add_to_this_Playlist_option_on_the_bottom_sheet_SLP_PL_027_0ixZl.png" alt="test" width="1024" height="640">
Click on sign_in
verify phone is displayed
<h1 style="color:green;font-size:15px;">Test Passed</h1> 
verify email is displayed
<h1 style="color:green;font-size:15px;">Test Passed</h1> 
Click on enter_mobile_no
verify right_arrow is enable
<h1 style="color:green;font-size:15px;">Test Passed</h1> 
Click on right_arrow
Click on enter_the_code_text_box
verify right_arrow is enable
<h1 style="color:green;font-size:15px;">Test Passed</h1> 
Click on right_arrow
Click on sleep_tab_button
verify sleep_tab_button is enable
<h1 style="color:green;font-size:15px;">Test Passed</h1> 
verify playlist_name is enable
<h1 style="color:green;font-size:15px;">Test Passed</h1> 
Click on create
Click on ancient_wisdom_drop_down
verify go_to_playlist is displayed
<h1 style="color:green;font-size:15px;">Test Passed</h1> 
Click on go_to_playlist
verify golden_values_of_life is displayed
<h1 style="color:green;font-size:15px;">Test Passed</h1> 
verify siddhartha_chapter is displayed
<h1 style="color:green;font-size:15px;">Test Passed</h1> 
verify more_vert is displayed
<h1 style="color:green;font-size:15px;">Test Passed</h1> 
Click on more_vert
Click on delete_playlist
verify are_you_sure_pop_up is displayed
<h1 style="color:green;font-size:15px;">Test Passed</h1> 
Click on sign_in
verify phone is displayed
<h1 style="color:green;font-size:15px;">Test Passed</h1> 
verify email is displayed
<h1 style="color:green;font-size:15px;">Test Passed</h1> 
Click on enter_mobile_no
verify right_arrow is enable
<h1 style="color:green;font-size:15px;">Test Passed</h1> 
Click on right_arrow
Click on enter_the_code_text_box
verify right_arrow is enable
<h1 style="color:green;font-size:15px;">Test Passed</h1> 
Click on right_arrow
Click on sleep_tab_button
verify sleep_tab_button is enable
<h1 style="color:green;font-size:15px;">Test Passed</h1> 
verify playlist_name is enable
<h1 style="color:green;font-size:15px;">Test Passed</h1> 
Click on create
Click on ancient_wisdom_drop_down
verify go_to_playlist is displayed
<h1 style="color:green;font-size:15px;">Test Passed</h1> 
Click on go_to_playlist
verify more_vert is displayed
<h1 style="color:green;font-size:15px;">Test Passed</h1> 
Click on more_vert
Click on delete_playlist
verify emoji_dialog is displayed
<h1 style="color:green;font-size:15px;">Test Passed</h1> 
Click on sign_in
verify phone is displayed
<h1 style="color:green;font-size:15px;">Test Passed</h1> 
verify email is displayed
<h1 style="color:green;font-size:15px;">Test Passed</h1> 
Click on enter_mobile_no
verify right_arrow is enable
<h1 style="color:green;font-size:15px;">Test Passed</h1> 
Click on right_arrow
Click on enter_the_code_text_box
verify right_arrow is enable
<h1 style="color:green;font-size:15px;">Test Passed</h1> 
Click on right_arrow
Click on sleep_tab_button
verify sleep_tab_button is enable
<h1 style="color:green;font-size:15px;">Test Passed</h1> 
verify playlist_name is enable
<h1 style="color:green;font-size:15px;">Test Passed</h1> 
Click on create
Click on ancient_wisdom_drop_down
verify go_to_playlist is displayed
<h1 style="color:green;font-size:15px;">Test Passed</h1> 
Click on go_to_playlist
verify more_vert is displayed
<h1 style="color:green;font-size:15px;">Test Passed</h1> 
Click on more_vert
Click on delete_playlist
verify no is displayed
<h1 style="color:green;font-size:15px;">Test Passed</h1> 
Click on no
verify add_to_this_playlist is displayed
<h1 style="color:green;font-size:15px;">Test Passed</h1> 
Click on sign_in
verify phone is displayed
<h1 style="color:green;font-size:15px;">Test Passed</h1> 
verify email is displayed
<h1 style="color:green;font-size:15px;">Test Passed</h1> 
Click on enter_mobile_no
verify right_arrow is enable
<h1 style="color:green;font-size:15px;">Test Passed</h1> 
Click on right_arrow
Click on enter_the_code_text_box
verify right_arrow is enable
<h1 style="color:green;font-size:15px;">Test Passed</h1> 
Click on right_arrow
Click on sleep_tab_button
verify sleep_tab_button is enable
<h1 style="color:green;font-size:15px;">Test Passed</h1> 
verify playlist_name is enable
<h1 style="color:green;font-size:15px;">Test Passed</h1> 
Click on create
Click on ancient_wisdom_drop_down
verify go_to_playlist is displayed
<h1 style="color:green;font-size:15px;">Test Passed</h1> 
Click on go_to_playlist
verify more_vert is displayed
<h1 style="color:green;font-size:15px;">Test Passed</h1> 
Click on more_vert
Click on delete_playlist
verify yes_delete_playlist is displayed
<h1 style="color:green;font-size:15px;">Test Passed</h1> 
Click on yes_delete_playlist
Click on sign_in
verify phone is displayed
<h1 style="color:green;font-size:15px;">Test Passed</h1> 
verify email is displayed
<h1 style="color:green;font-size:15px;">Test Passed</h1> 
Click on enter_mobile_no
verify right_arrow is enable
<h1 style="color:green;font-size:15px;">Test Passed</h1> 
Click on right_arrow
Click on enter_the_code_text_box
verify right_arrow is enable
<h1 style="color:green;font-size:15px;">Test Passed</h1> 
Click on right_arrow
Click on sleep_tab_button
verify sleep_tab_button is enable
<h1 style="color:green;font-size:15px;">Test Passed</h1> 
verify playlist_name is enable
<h1 style="color:green;font-size:15px;">Test Passed</h1> 
Click on create
Click on ancient_wisdom_drop_down
verify go_to_playlist is displayed
<h1 style="color:green;font-size:15px;">Test Passed</h1> 
Click on go_to_playlist
verify more_vert is displayed
<h1 style="color:green;font-size:15px;">Test Passed</h1> 
Click on more_vert
Click on edit_playlist
verify Edit_Playlist_Screen is displayed
<h1 style="color:green;font-size:15px;">Test Passed</h1> 
Click on sign_in
verify phone is displayed
<h1 style="color:green;font-size:15px;">Test Passed</h1> 
verify email is displayed
<h1 style="color:green;font-size:15px;">Test Passed</h1> 
Click on enter_mobile_no
verify right_arrow is enable
<h1 style="color:green;font-size:15px;">Test Passed</h1> 
Click on right_arrow
Click on enter_the_code_text_box
verify right_arrow is enable
<h1 style="color:green;font-size:15px;">Test Passed</h1> 
Click on right_arrow
Click on sleep_tab_button
verify sleep_tab_button is enable
<h1 style="color:green;font-size:15px;">Test Passed</h1> 
verify playlist_name is enable
<h1 style="color:green;font-size:15px;">Test Passed</h1> 
Click on create
Click on ancient_wisdom_drop_down
verify go_to_playlist is displayed
<h1 style="color:green;font-size:15px;">Test Passed</h1> 
Click on go_to_playlist
verify more_vert is displayed
<h1 style="color:green;font-size:15px;">Test Passed</h1> 
Click on more_vert
Click on edit_playlist
Click on save_playlist
verify Edit_Playlist_Screen is displayed
<h1 style="color:green;font-size:15px;">Test Passed</h1> 
Click on sign_in
verify phone is displayed
<h1 style="color:green;font-size:15px;">Test Passed</h1> 
verify email is displayed
<h1 style="color:green;font-size:15px;">Test Passed</h1> 
Click on enter_mobile_no
verify right_arrow is enable
<h1 style="color:green;font-size:15px;">Test Passed</h1> 
Click on right_arrow
Click on enter_the_code_text_box
verify right_arrow is enable
<h1 style="color:green;font-size:15px;">Test Passed</h1> 
Click on right_arrow
Click on sleep_tab_button
verify sleep_tab_button is enable
<h1 style="color:green;font-size:15px;">Test Passed</h1> 
verify playlist_name is enable
<h1 style="color:green;font-size:15px;">Test Passed</h1> 
Click on create
Click on ancient_wisdom_drop_down
verify go_to_playlist is displayed
<h1 style="color:green;font-size:15px;">Test Passed</h1> 
Click on go_to_playlist
verify more_vert is displayed
<h1 style="color:green;font-size:15px;">Test Passed</h1> 
Click on more_vert
Click on edit_playlist
Click on save_playlist
Click on sign_in
verify phone is displayed
<h1 style="color:green;font-size:15px;">Test Passed</h1> 
verify email is displayed
<h1 style="color:green;font-size:15px;">Test Passed</h1> 
Click on enter_mobile_no
verify right_arrow is enable
<h1 style="color:green;font-size:15px;">Test Passed</h1> 
Click on right_arrow
Click on enter_the_code_text_box
verify right_arrow is enable
<h1 style="color:green;font-size:15px;">Test Passed</h1> 
Click on right_arrow
Click on sleep_tab_button
verify sleep_tab_button is enable
<h1 style="color:green;font-size:15px;">Test Passed</h1> 
verify playlist_name is enable
<h1 style="color:green;font-size:15px;">Test Passed</h1> 
Click on create
Click on ancient_wisdom_drop_down
verify go_to_playlist is displayed
<h1 style="color:green;font-size:15px;">Test Passed</h1> 
Click on go_to_playlist
verify more_vert is displayed
<h1 style="color:green;font-size:15px;">Test Passed</h1> 
Click on more_vert
Click on edit_playlist
Click on Remove_x_icon_playlist
Click on sign_in
verify phone is displayed
<h1 style="color:green;font-size:15px;">Test Passed</h1> 
verify email is displayed
<h1 style="color:green;font-size:15px;">Test Passed</h1> 
Click on enter_mobile_no
verify right_arrow is enable
<h1 style="color:green;font-size:15px;">Test Passed</h1> 
Click on right_arrow
Click on enter_the_code_text_box
verify right_arrow is enable
<h1 style="color:green;font-size:15px;">Test Passed</h1> 
Click on right_arrow
Click on sleep_tab_button
verify sleep_tab_button is enable
<h1 style="color:green;font-size:15px;">Test Passed</h1> 
verify playlist_name is enable
<h1 style="color:green;font-size:15px;">Test Passed</h1> 
Click on create
Click on ancient_wisdom_drop_down
verify go_to_playlist is displayed
<h1 style="color:green;font-size:15px;">Test Passed</h1> 
Click on go_to_playlist
verify more_vert is displayed
<h1 style="color:green;font-size:15px;">Test Passed</h1> 
Click on more_vert
Click on edit_playlist
Click on save_playlist
Click on sign_in
verify phone is displayed
<h1 style="color:green;font-size:15px;">Test Passed</h1> 
verify email is displayed
<h1 style="color:green;font-size:15px;">Test Passed</h1> 
Click on enter_mobile_no
verify right_arrow is enable
<h1 style="color:green;font-size:15px;">Test Passed</h1> 
Click on right_arrow
Click on enter_the_code_text_box
verify right_arrow is enable
<h1 style="color:green;font-size:15px;">Test Passed</h1> 
Click on right_arrow
Click on sleep_tab_button
verify sleep_tab_button is enable
<h1 style="color:green;font-size:15px;">Test Passed</h1> 
verify playlist_name is enable
<h1 style="color:green;font-size:15px;">Test Passed</h1> 
Click on create
Click on ancient_wisdom_drop_down
verify go_to_playlist is displayed
<h1 style="color:green;font-size:15px;">Test Passed</h1> 
Click on go_to_playlist
verify more_vert is displayed
<h1 style="color:green;font-size:15px;">Test Passed</h1> 
Click on more_vert
Click on edit_playlist
Click on Remove_x_icon_playlist
Click on save_playlist
Click on sign_in
verify phone is displayed
<h1 style="color:green;font-size:15px;">Test Passed</h1> 
verify email is displayed
<h1 style="color:green;font-size:15px;">Test Passed</h1> 
Click on enter_mobile_no
verify right_arrow is enable
<h1 style="color:green;font-size:15px;">Test Passed</h1> 
Click on right_arrow
Click on enter_the_code_text_box
verify right_arrow is enable
<h1 style="color:green;font-size:15px;">Test Passed</h1> 
Click on right_arrow
Click on sleep_tab_button
verify sleep_tab_button is enable
<h1 style="color:green;font-size:15px;">Test Passed</h1> 
verify playlist_name is enable
<h1 style="color:green;font-size:15px;">Test Passed</h1> 
Click on create
Click on ancient_wisdom_drop_down
verify go_to_playlist is displayed
<h1 style="color:green;font-size:15px;">Test Passed</h1> 
Click on go_to_playlist
Click on more_vert_icon_playlist
verify logo_image_golden_values_of_life is displayed
<h1 style="color:green;font-size:15px;">Test Passed</h1> 
verify name_of_golden_values_of_life is displayed
<h1 style="color:green;font-size:15px;">Test Passed</h1> 
verify duration_of_golden_values_of_life is displayed
<h1 style="color:green;font-size:15px;">Test Passed</h1> 
verify close_button_golden_values_of_life is displayed
<h1 style="color:green;font-size:15px;">Test Passed</h1> 
verify add_to_favorites is displayed
<h1 style="color:green;font-size:15px;">Test Passed</h1> 
verify schedule_a_reminder is displayed
<h1 style="color:green;font-size:15px;">Test Passed</h1> 
Click on sign_in
verify phone is displayed
<h1 style="color:green;font-size:15px;">Test Passed</h1> 
verify email is displayed
<h1 style="color:green;font-size:15px;">Test Passed</h1> 
Click on enter_mobile_no
verify right_arrow is enable
<h1 style="color:green;font-size:15px;">Test Passed</h1> 
Click on right_arrow
Click on enter_the_code_text_box
verify right_arrow is enable
<h1 style="color:green;font-size:15px;">Test Passed</h1> 
Click on right_arrow
Click on sleep_tab_button
verify sleep_tab_button is enable
<h1 style="color:green;font-size:15px;">Test Passed</h1> 
verify playlist_name is enable
<h1 style="color:green;font-size:15px;">Test Passed</h1> 
Click on create
Click on ancient_wisdom_drop_down
verify go_to_playlist is displayed
<h1 style="color:green;font-size:15px;">Test Passed</h1> 
Click on go_to_playlist
Click on more_vert_icon_playlist
Click on close_button_golden_values_of_life
Click on sign_in
verify phone is displayed
<h1 style="color:green;font-size:15px;">Test Passed</h1> 
verify email is displayed
<h1 style="color:green;font-size:15px;">Test Passed</h1> 
Click on enter_mobile_no
verify right_arrow is enable
<h1 style="color:green;font-size:15px;">Test Passed</h1> 
Click on right_arrow
Click on enter_the_code_text_box
verify right_arrow is enable
<h1 style="color:green;font-size:15px;">Test Passed</h1> 
Click on right_arrow
Click on sleep_tab_button
verify sleep_tab_button is enable
<h1 style="color:green;font-size:15px;">Test Passed</h1> 
verify playlist_name is enable
<h1 style="color:green;font-size:15px;">Test Passed</h1> 
Click on create
Click on ancient_wisdom_drop_down
verify go_to_playlist is displayed
<h1 style="color:green;font-size:15px;">Test Passed</h1> 
Click on go_to_playlist
Click on more_vert_icon_playlist
Click on Remove_from_favorites
Click on add_to_favorites
Click on close_button_golden_values_of_life
verify navigate_back is displayed
<h1 style="color:green;font-size:15px;">Test Passed</h1> 
Click on navigate_back
Click on favorite_list
<h1 style="color:red;font-size:15px;">Test Failed</h1>   
<img src="C:\Users\Harshal\Desktop\LSM_Project\LEVEL\LSM\src\test\resources\failed_test_screenshot\To_verify_when_the_user_taps_on_the_Add_to_favorites_option_on_the_bottom_sheet_SLP_PL_044_KQd6n.png" alt="test" width="1024" height="640">
Click on sign_in
verify phone is displayed
<h1 style="color:green;font-size:15px;">Test Passed</h1> 
verify email is displayed
<h1 style="color:green;font-size:15px;">Test Passed</h1> 
Click on enter_mobile_no
verify right_arrow is enable
<h1 style="color:green;font-size:15px;">Test Passed</h1> 
Click on right_arrow
Click on enter_the_code_text_box
verify right_arrow is enable
<h1 style="color:green;font-size:15px;">Test Passed</h1> 
Click on right_arrow
Click on sleep_tab_button
verify sleep_tab_button is enable
<h1 style="color:green;font-size:15px;">Test Passed</h1> 
verify playlist_name is enable
<h1 style="color:green;font-size:15px;">Test Passed</h1> 
Click on create
Click on ancient_wisdom_drop_down
verify go_to_playlist is displayed
<h1 style="color:green;font-size:15px;">Test Passed</h1> 
Click on go_to_playlist
Click on more_vert_icon_playlist
Click on schedule_a_reminder
Click on sign_in
verify phone is displayed
<h1 style="color:green;font-size:15px;">Test Passed</h1> 
verify email is displayed
<h1 style="color:green;font-size:15px;">Test Passed</h1> 
Click on enter_mobile_no
verify right_arrow is enable
<h1 style="color:green;font-size:15px;">Test Passed</h1> 
Click on right_arrow
Click on enter_the_code_text_box
verify right_arrow is enable
<h1 style="color:green;font-size:15px;">Test Passed</h1> 
Click on right_arrow
Click on sleep_tab_button
verify sleep_tab_button is enable
<h1 style="color:green;font-size:15px;">Test Passed</h1> 
verify playlist_name is enable
<h1 style="color:green;font-size:15px;">Test Passed</h1> 
Click on create
Click on ancient_wisdom_drop_down
verify go_to_playlist is displayed
<h1 style="color:green;font-size:15px;">Test Passed</h1> 
Click on go_to_playlist
Click on more_vert_icon_playlist
Click on Rate_this_meditations
verify submit_feedback is displayed
<h1 style="color:green;font-size:15px;">Test Passed</h1> 
Click on sign_in
verify phone is displayed
<h1 style="color:green;font-size:15px;">Test Passed</h1> 
verify email is displayed
<h1 style="color:green;font-size:15px;">Test Passed</h1> 
Click on enter_mobile_no
verify right_arrow is enable
<h1 style="color:green;font-size:15px;">Test Passed</h1> 
Click on right_arrow
Click on enter_the_code_text_box
verify right_arrow is enable
<h1 style="color:green;font-size:15px;">Test Passed</h1> 
Click on right_arrow
Click on sleep_tab_button
verify sleep_tab_button is enable
<h1 style="color:green;font-size:15px;">Test Passed</h1> 
<h1 style="color:red;font-size:15px;">Test Failed</h1>   
<img src="C:\Users\Harshal\Desktop\LSM_Project\LEVEL\LSM\src\test\resources\failed_test_screenshot\To_verify_when_the_user_taps_on_the_Add_Items_button_SLP_PL_048_XiL2h.png" alt="test" width="1024" height="640">
Click on sign_in
verify phone is displayed
<h1 style="color:green;font-size:15px;">Test Passed</h1> 
verify email is displayed
<h1 style="color:green;font-size:15px;">Test Passed</h1> 
Click on enter_mobile_no
verify right_arrow is enable
<h1 style="color:green;font-size:15px;">Test Passed</h1> 
Click on right_arrow
Click on enter_the_code_text_box
verify right_arrow is enable
<h1 style="color:green;font-size:15px;">Test Passed</h1> 
Click on right_arrow
Click on sleep_tab_button
verify sleep_tab_button is enable
<h1 style="color:green;font-size:15px;">Test Passed</h1> 
Click on story_of_Tulsi_Vivaha
Click on story_of_Tulsi_Vivaha_more_vert
Click on add_to_playlist
Click on Add_Playlist
verify playlist_name is enable
<h1 style="color:green;font-size:15px;">Test Passed</h1> 
Click on sign_in
verify phone is displayed
<h1 style="color:green;font-size:15px;">Test Passed</h1> 
verify email is displayed
<h1 style="color:green;font-size:15px;">Test Passed</h1> 
Click on email
Click on enter_email_id
Click on sign_in
verify phone is displayed
<h1 style="color:green;font-size:15px;">Test Passed</h1> 
verify email is displayed
<h1 style="color:green;font-size:15px;">Test Passed</h1> 
Click on email
Click on enter_email_id
Click on sign_in
verify phone is displayed
<h1 style="color:green;font-size:15px;">Test Passed</h1> 
verify email is displayed
<h1 style="color:green;font-size:15px;">Test Passed</h1> 
Click on email
Click on enter_email_id
Click on sign_in
verify phone is displayed
<h1 style="color:green;font-size:15px;">Test Passed</h1> 
verify email is displayed
<h1 style="color:green;font-size:15px;">Test Passed</h1> 
Click on email
Click on enter_email_id
verify right_arrow is enable
<h1 style="color:green;font-size:15px;">Test Passed</h1> 
Click on right_arrow
Click on enter_the_code_text_box
Click on sign_in
verify phone is displayed
<h1 style="color:green;font-size:15px;">Test Passed</h1> 
verify email is displayed
<h1 style="color:green;font-size:15px;">Test Passed</h1> 
Click on enter_mobile_no
Click on sign_in
verify phone is displayed
<h1 style="color:green;font-size:15px;">Test Passed</h1> 
verify email is displayed
<h1 style="color:green;font-size:15px;">Test Passed</h1> 
Click on enter_mobile_no
Click on sign_in
verify phone is displayed
<h1 style="color:green;font-size:15px;">Test Passed</h1> 
verify email is displayed
<h1 style="color:green;font-size:15px;">Test Passed</h1> 
Click on enter_mobile_no
Click on sign_in
verify phone is displayed
<h1 style="color:green;font-size:15px;">Test Passed</h1> 
verify email is displayed
<h1 style="color:green;font-size:15px;">Test Passed</h1> 
Click on enter_mobile_no
Click on enter_the_code_text_box
Click on sign_in
verify phone is displayed
<h1 style="color:green;font-size:15px;">Test Passed</h1> 
verify email is displayed
<h1 style="color:green;font-size:15px;">Test Passed</h1> 
Click on enter_mobile_no
Click on enter_the_code_text_box
Click on sign_in
verify phone is displayed
<h1 style="color:green;font-size:15px;">Test Passed</h1> 
verify email is displayed
<h1 style="color:green;font-size:15px;">Test Passed</h1> 
Click on email
Click on enter_email_id
verify right_arrow is enable
<h1 style="color:green;font-size:15px;">Test Passed</h1> 
Click on right_arrow
Click on enter_the_code_text_box
verify right_arrow is enable
<h1 style="color:green;font-size:15px;">Test Passed</h1> 
Click on right_arrow
Click on your_name_text_field
Click on sign_in
verify phone is displayed
<h1 style="color:green;font-size:15px;">Test Passed</h1> 
verify email is displayed
<h1 style="color:green;font-size:15px;">Test Passed</h1> 
Click on email
Click on enter_email_id
verify right_arrow is enable
<h1 style="color:green;font-size:15px;">Test Passed</h1> 
Click on right_arrow
Click on enter_the_code_text_box
verify right_arrow is enable
<h1 style="color:green;font-size:15px;">Test Passed</h1> 
Click on right_arrow
Click on your_phone_number
Click on sign_in
verify phone is displayed
<h1 style="color:green;font-size:15px;">Test Passed</h1> 
verify email is displayed
<h1 style="color:green;font-size:15px;">Test Passed</h1> 
Click on enter_mobile_no
verify right_arrow is enable
<h1 style="color:green;font-size:15px;">Test Passed</h1> 
Click on right_arrow
Click on enter_the_code_text_box
verify right_arrow is enable
<h1 style="color:green;font-size:15px;">Test Passed</h1> 
Click on right_arrow
Click on music_playlist
verify playlist_name is enable
<h1 style="color:green;font-size:15px;">Test Passed</h1> 
Click on sign_in
verify phone is displayed
<h1 style="color:green;font-size:15px;">Test Passed</h1> 
verify email is displayed
<h1 style="color:green;font-size:15px;">Test Passed</h1> 
Click on enter_mobile_no
verify right_arrow is enable
<h1 style="color:green;font-size:15px;">Test Passed</h1> 
Click on right_arrow
Click on enter_the_code_text_box
verify right_arrow is enable
<h1 style="color:green;font-size:15px;">Test Passed</h1> 
Click on right_arrow
Click on music_playlist
verify playlist_name is enable
<h1 style="color:green;font-size:15px;">Test Passed</h1> 
Click on sign_in
verify phone is displayed
<h1 style="color:green;font-size:15px;">Test Passed</h1> 
verify email is displayed
<h1 style="color:green;font-size:15px;">Test Passed</h1> 
Click on enter_mobile_no
verify right_arrow is enable
<h1 style="color:green;font-size:15px;">Test Passed</h1> 
Click on right_arrow
Click on enter_the_code_text_box
verify right_arrow is enable
<h1 style="color:green;font-size:15px;">Test Passed</h1> 
Click on right_arrow
Click on music_playlist
verify playlist_name is enable
<h1 style="color:green;font-size:15px;">Test Passed</h1> 
Click on cancel
Click on sign_in
verify phone is displayed
<h1 style="color:green;font-size:15px;">Test Passed</h1> 
verify email is displayed
<h1 style="color:green;font-size:15px;">Test Passed</h1> 
Click on enter_mobile_no
verify right_arrow is enable
<h1 style="color:green;font-size:15px;">Test Passed</h1> 
Click on right_arrow
Click on enter_the_code_text_box
verify right_arrow is enable
<h1 style="color:green;font-size:15px;">Test Passed</h1> 
Click on right_arrow
Click on music_playlist
verify playlist_name is enable
<h1 style="color:green;font-size:15px;">Test Passed</h1> 
verify give_your_playlist_a_name is displayed
<h1 style="color:green;font-size:15px;">Test Passed</h1> 
Click on sign_in
verify phone is displayed
<h1 style="color:green;font-size:15px;">Test Passed</h1> 
verify email is displayed
<h1 style="color:green;font-size:15px;">Test Passed</h1> 
Click on enter_mobile_no
verify right_arrow is enable
<h1 style="color:green;font-size:15px;">Test Passed</h1> 
Click on right_arrow
Click on enter_the_code_text_box
verify right_arrow is enable
<h1 style="color:green;font-size:15px;">Test Passed</h1> 
Click on right_arrow
Click on music_playlist
verify playlist_name is enable
<h1 style="color:green;font-size:15px;">Test Passed</h1> 
Click on create
verify add_item_to_playlist is displayed
<h1 style="color:green;font-size:15px;">Test Passed</h1> ]]>
  </system-out>
</testsuite> <!-- mobile.tests.Sleep_Playlist.Sleep_Playlist_Test -->
