<?xml version="1.0" encoding="UTF-8"?>
<!-- Generated by org.testng.reporters.JUnitReportReporter -->
<testsuite hostname="DESKTOP-LSM8SKP" failures="0" tests="11" name="mobile.tests.SignInNegativeTest.SignInNegative_Test" time="670.491" errors="0" timestamp="2024-11-08T03:41:49 IST" skipped="0">
  <testcase classname="mobile.tests.SignInNegativeTest.SignInNegative_Test" name="To_verify_when_the_user_try_login_with_valid_email_id_format_with_invalid_otp" time="66.297">
    <system-out>
      <![CDATA[Click on sign_in
verify phone is displayed
<h1 style="color:green;font-size:15px;">Test Passed</h1> 
verify email is displayed
<h1 style="color:green;font-size:15px;">Test Passed</h1> 
Click on email
Click on enter_email_id
verify right_arrow is enable
<h1 style="color:green;font-size:15px;">Test Passed</h1> 
Click on right_arrow
Click on enter_the_code_text_box]]>
    </system-out>
  </testcase> <!-- To_verify_when_the_user_try_login_with_valid_email_id_format_with_invalid_otp -->
  <testcase classname="mobile.tests.SignInNegativeTest.SignInNegative_Test" name="To_verify_when_the_user_try_login_with_invalid_email_id_format_with_spaces_not_allowed" time="48.358">
    <system-out>
      <![CDATA[Click on sign_in
verify phone is displayed
<h1 style="color:green;font-size:15px;">Test Passed</h1> 
verify email is displayed
<h1 style="color:green;font-size:15px;">Test Passed</h1> 
Click on email
Click on enter_email_id]]>
    </system-out>
  </testcase> <!-- To_verify_when_the_user_try_login_with_invalid_email_id_format_with_spaces_not_allowed -->
  <testcase classname="mobile.tests.SignInNegativeTest.SignInNegative_Test" name="To_verify_when_the_user_try_login_with_invalid_phone_no_format_with_space" time="84.326">
    <system-out>
      <![CDATA[Click on sign_in
verify phone is displayed
<h1 style="color:green;font-size:15px;">Test Passed</h1> 
verify email is displayed
<h1 style="color:green;font-size:15px;">Test Passed</h1> 
Click on enter_mobile_no
Click on enter_the_code_text_box]]>
    </system-out>
  </testcase> <!-- To_verify_when_the_user_try_login_with_invalid_phone_no_format_with_space -->
  <testcase classname="mobile.tests.SignInNegativeTest.SignInNegative_Test" name="To_verify_when_the_user_try_login_with_invalid_phone_no_format_with_spaces" time="46.276">
    <system-out>
      <![CDATA[Click on sign_in
verify phone is displayed
<h1 style="color:green;font-size:15px;">Test Passed</h1> 
verify email is displayed
<h1 style="color:green;font-size:15px;">Test Passed</h1> 
Click on enter_mobile_no]]>
    </system-out>
  </testcase> <!-- To_verify_when_the_user_try_login_with_invalid_phone_no_format_with_spaces -->
  <testcase classname="mobile.tests.SignInNegativeTest.SignInNegative_Test" name="To_verify_when_the_user_try_login_with_invalid_email_id_format_with_special_character_not_allowed" time="49.748">
    <system-out>
      <![CDATA[Click on sign_in
verify phone is displayed
<h1 style="color:green;font-size:15px;">Test Passed</h1> 
verify email is displayed
<h1 style="color:green;font-size:15px;">Test Passed</h1> 
Click on email
Click on enter_email_id]]>
    </system-out>
  </testcase> <!-- To_verify_when_the_user_try_login_with_invalid_email_id_format_with_special_character_not_allowed -->
  <testcase classname="mobile.tests.SignInNegativeTest.SignInNegative_Test" name="To_verify_when_the_user_try_login_with_invalid_email_id_format" time="50.595">
    <system-out>
      <![CDATA[Click on sign_in
verify phone is displayed
<h1 style="color:green;font-size:15px;">Test Passed</h1> 
verify email is displayed
<h1 style="color:green;font-size:15px;">Test Passed</h1> 
Click on email
Click on enter_email_id]]>
    </system-out>
  </testcase> <!-- To_verify_when_the_user_try_login_with_invalid_email_id_format -->
  <testcase classname="mobile.tests.SignInNegativeTest.SignInNegative_Test" name="To_verify_when_the_user_try_login_with_valid_email_id_without_enter_phone_no_in_onb_registration_form" time="74.815">
    <system-out>
      <![CDATA[Click on sign_in
verify phone is displayed
<h1 style="color:green;font-size:15px;">Test Passed</h1> 
verify email is displayed
<h1 style="color:green;font-size:15px;">Test Passed</h1> 
Click on email
Click on enter_email_id
verify right_arrow is enable
<h1 style="color:green;font-size:15px;">Test Passed</h1> 
Click on right_arrow
Click on enter_the_code_text_box
verify right_arrow is enable
<h1 style="color:green;font-size:15px;">Test Passed</h1> 
Click on right_arrow
Click on your_name_text_field]]>
    </system-out>
  </testcase> <!-- To_verify_when_the_user_try_login_with_valid_email_id_without_enter_phone_no_in_onb_registration_form -->
  <testcase classname="mobile.tests.SignInNegativeTest.SignInNegative_Test" name="To_verify_when_the_user_try_login_with_invalid_phone_no_format_with_dash" time="84.405">
    <system-out>
      <![CDATA[Click on sign_in
verify phone is displayed
<h1 style="color:green;font-size:15px;">Test Passed</h1> 
verify email is displayed
<h1 style="color:green;font-size:15px;">Test Passed</h1> 
Click on enter_mobile_no
Click on enter_the_code_text_box]]>
    </system-out>
  </testcase> <!-- To_verify_when_the_user_try_login_with_invalid_phone_no_format_with_dash -->
  <testcase classname="mobile.tests.SignInNegativeTest.SignInNegative_Test" name="To_verify_when_the_user_try_login_with_invalid_phone_no_format_with_more_than_10_digits" time="44.887">
    <system-out>
      <![CDATA[Click on sign_in
verify phone is displayed
<h1 style="color:green;font-size:15px;">Test Passed</h1> 
verify email is displayed
<h1 style="color:green;font-size:15px;">Test Passed</h1> 
Click on enter_mobile_no]]>
    </system-out>
  </testcase> <!-- To_verify_when_the_user_try_login_with_invalid_phone_no_format_with_more_than_10_digits -->
  <testcase classname="mobile.tests.SignInNegativeTest.SignInNegative_Test" name="To_verify_when_the_user_try_login_with_valid_email_id_without_enter_name_in_onb_registration_form" time="75.099">
    <system-out>
      <![CDATA[Click on sign_in
verify phone is displayed
<h1 style="color:green;font-size:15px;">Test Passed</h1> 
verify email is displayed
<h1 style="color:green;font-size:15px;">Test Passed</h1> 
Click on email
Click on enter_email_id
verify right_arrow is enable
<h1 style="color:green;font-size:15px;">Test Passed</h1> 
Click on right_arrow
Click on enter_the_code_text_box
verify right_arrow is enable
<h1 style="color:green;font-size:15px;">Test Passed</h1> 
Click on right_arrow
Click on your_phone_number]]>
    </system-out>
  </testcase> <!-- To_verify_when_the_user_try_login_with_valid_email_id_without_enter_name_in_onb_registration_form -->
  <testcase classname="mobile.tests.SignInNegativeTest.SignInNegative_Test" name="To_verify_when_the_user_try_login_with_invalid_phone_no_format_with_few_digits" time="45.685">
    <system-out>
      <![CDATA[Click on sign_in
verify phone is displayed
<h1 style="color:green;font-size:15px;">Test Passed</h1> 
verify email is displayed
<h1 style="color:green;font-size:15px;">Test Passed</h1> 
Click on enter_mobile_no]]>
    </system-out>
  </testcase> <!-- To_verify_when_the_user_try_login_with_invalid_phone_no_format_with_few_digits -->
  <system-out>
    <![CDATA[Click on sign_in
verify phone is displayed
<h1 style="color:green;font-size:15px;">Test Passed</h1> 
verify email is displayed
<h1 style="color:green;font-size:15px;">Test Passed</h1> 
Click on enter_mobile_no
verify right_arrow is enable
<h1 style="color:green;font-size:15px;">Test Passed</h1> 
Click on right_arrow
Click on enter_the_code_text_box
verify right_arrow is enable
<h1 style="color:green;font-size:15px;">Test Passed</h1> 
Click on right_arrow
Click on sleep_tab_button
verify sleep_tab_button is enable
<h1 style="color:green;font-size:15px;">Test Passed</h1> 
verify sleep_tab_button is displayed
<h1 style="color:green;font-size:15px;">Test Passed</h1> 
verify sleep_tab_icon is displayed
<h1 style="color:green;font-size:15px;">Test Passed</h1> 
verify sleep_tab_icon is enable
<h1 style="color:green;font-size:15px;">Test Passed</h1> 
verify search_for_sleep is displayed
<h1 style="color:green;font-size:15px;">Test Passed</h1> 
verify music is displayed
<h1 style="color:green;font-size:15px;">Test Passed</h1> 
verify meditation is displayed
<h1 style="color:green;font-size:15px;">Test Passed</h1> 
Click on sign_in
verify phone is displayed
<h1 style="color:green;font-size:15px;">Test Passed</h1> 
verify email is displayed
<h1 style="color:green;font-size:15px;">Test Passed</h1> 
Click on enter_mobile_no
verify right_arrow is enable
<h1 style="color:green;font-size:15px;">Test Passed</h1> 
Click on right_arrow
Click on enter_the_code_text_box
verify right_arrow is enable
<h1 style="color:green;font-size:15px;">Test Passed</h1> 
Click on right_arrow
Click on sleep_tab_button
verify sleep_tab_button is enable
<h1 style="color:green;font-size:15px;">Test Passed</h1> 
verify playlist_name is enable
<h1 style="color:green;font-size:15px;">Test Passed</h1> 
Click on sign_in
verify phone is displayed
<h1 style="color:green;font-size:15px;">Test Passed</h1> 
verify email is displayed
<h1 style="color:green;font-size:15px;">Test Passed</h1> 
Click on enter_mobile_no
verify right_arrow is enable
<h1 style="color:green;font-size:15px;">Test Passed</h1> 
Click on right_arrow
Click on enter_the_code_text_box
verify right_arrow is enable
<h1 style="color:green;font-size:15px;">Test Passed</h1> 
Click on right_arrow
Click on sleep_tab_button
verify sleep_tab_button is enable
<h1 style="color:green;font-size:15px;">Test Passed</h1> 
verify playlist_name is enable
<h1 style="color:green;font-size:15px;">Test Passed</h1> 
Click on sign_in
verify phone is displayed
<h1 style="color:green;font-size:15px;">Test Passed</h1> 
verify email is displayed
<h1 style="color:green;font-size:15px;">Test Passed</h1> 
Click on enter_mobile_no
verify right_arrow is enable
<h1 style="color:green;font-size:15px;">Test Passed</h1> 
Click on right_arrow
Click on enter_the_code_text_box
verify right_arrow is enable
<h1 style="color:green;font-size:15px;">Test Passed</h1> 
Click on right_arrow
Click on sleep_tab_button
verify sleep_tab_button is enable
<h1 style="color:green;font-size:15px;">Test Passed</h1> 
verify playlist_name is enable
<h1 style="color:green;font-size:15px;">Test Passed</h1> 
Click on sign_in
verify phone is displayed
<h1 style="color:green;font-size:15px;">Test Passed</h1> 
verify email is displayed
<h1 style="color:green;font-size:15px;">Test Passed</h1> 
Click on enter_mobile_no
verify right_arrow is enable
<h1 style="color:green;font-size:15px;">Test Passed</h1> 
Click on right_arrow
Click on enter_the_code_text_box
verify right_arrow is enable
<h1 style="color:green;font-size:15px;">Test Passed</h1> 
Click on right_arrow
Click on sleep_tab_button
verify sleep_tab_button is enable
<h1 style="color:green;font-size:15px;">Test Passed</h1> 
verify playlist_name is enable
<h1 style="color:green;font-size:15px;">Test Passed</h1> 
verify give_your_playlist_a_name is displayed
<h1 style="color:green;font-size:15px;">Test Passed</h1> 
Click on sign_in
verify phone is displayed
<h1 style="color:green;font-size:15px;">Test Passed</h1> 
verify email is displayed
<h1 style="color:green;font-size:15px;">Test Passed</h1> 
Click on enter_mobile_no
verify right_arrow is enable
<h1 style="color:green;font-size:15px;">Test Passed</h1> 
Click on right_arrow
Click on enter_the_code_text_box
verify right_arrow is enable
<h1 style="color:green;font-size:15px;">Test Passed</h1> 
Click on right_arrow
Click on sleep_tab_button
verify sleep_tab_button is enable
<h1 style="color:green;font-size:15px;">Test Passed</h1> 
verify playlist_name is enable
<h1 style="color:green;font-size:15px;">Test Passed</h1> 
Click on create
verify add_item_to_playlist is displayed
<h1 style="color:green;font-size:15px;">Test Passed</h1> 
Click on sign_in
verify phone is displayed
<h1 style="color:green;font-size:15px;">Test Passed</h1> 
verify email is displayed
<h1 style="color:green;font-size:15px;">Test Passed</h1> 
Click on enter_mobile_no
verify right_arrow is enable
<h1 style="color:green;font-size:15px;">Test Passed</h1> 
Click on right_arrow
Click on enter_the_code_text_box
verify right_arrow is enable
<h1 style="color:green;font-size:15px;">Test Passed</h1> 
Click on right_arrow
Click on sleep_tab_button
verify sleep_tab_button is enable
<h1 style="color:green;font-size:15px;">Test Passed</h1> 
verify playlist_name is enable
<h1 style="color:green;font-size:15px;">Test Passed</h1> 
Click on create
verify add_item_to_playlist is displayed
<h1 style="color:green;font-size:15px;">Test Passed</h1> 
Click on sign_in
verify phone is displayed
<h1 style="color:green;font-size:15px;">Test Passed</h1> 
verify email is displayed
<h1 style="color:green;font-size:15px;">Test Passed</h1> 
Click on enter_mobile_no
verify right_arrow is enable
<h1 style="color:green;font-size:15px;">Test Passed</h1> 
Click on right_arrow
Click on enter_the_code_text_box
verify right_arrow is enable
<h1 style="color:green;font-size:15px;">Test Passed</h1> 
Click on right_arrow
Click on sleep_tab_button
verify sleep_tab_button is enable
<h1 style="color:green;font-size:15px;">Test Passed</h1> 
verify playlist_name is enable
<h1 style="color:green;font-size:15px;">Test Passed</h1> 
Click on create
verify add_item_to_playlist is displayed
<h1 style="color:green;font-size:15px;">Test Passed</h1> 
<h1 style="color:red;font-size:15px;">Test Failed</h1>   
<img src="C:\Users\Harshal\Desktop\LSM_Project\LEVEL\LSM\src\test\resources\failed_test_screenshot\To_verify_when_the_user_enters_the_any_keyword_in_search_field_of_the_Add_item_to_playlist_screen_SLP_PL_009_lBdxZ.png" alt="test" width="1024" height="640">
Click on sign_in
verify phone is displayed
<h1 style="color:green;font-size:15px;">Test Passed</h1> 
verify email is displayed
<h1 style="color:green;font-size:15px;">Test Passed</h1> 
Click on enter_mobile_no
verify right_arrow is enable
<h1 style="color:green;font-size:15px;">Test Passed</h1> 
Click on right_arrow
Click on enter_the_code_text_box
verify right_arrow is enable
<h1 style="color:green;font-size:15px;">Test Passed</h1> 
Click on right_arrow
Click on sleep_tab_button
verify sleep_tab_button is enable
<h1 style="color:green;font-size:15px;">Test Passed</h1> 
verify playlist_name is enable
<h1 style="color:green;font-size:15px;">Test Passed</h1> 
Click on create
verify hindi_language is displayed
<h1 style="color:green;font-size:15px;">Test Passed</h1> 
Click on hindi_language
Click on ancient_wisdom_drop_down
verify gudi_padwa is displayed
<h1 style="color:green;font-size:15px;">Test Passed</h1> 
verify hanuman_and_machhindranath is displayed
<h1 style="color:green;font-size:15px;">Test Passed</h1> 
verify story_of_jesus_christ is displayed
<h1 style="color:green;font-size:15px;">Test Passed</h1> 
verify yama_and_nachiketa is displayed
<h1 style="color:green;font-size:15px;">Test Passed</h1> 
verify marathi_language is displayed
<h1 style="color:green;font-size:15px;">Test Passed</h1> 
Click on marathi_language
verify the_fearless_lord is displayed
<h1 style="color:green;font-size:15px;">Test Passed</h1> 
Click on sign_in
verify phone is displayed
<h1 style="color:green;font-size:15px;">Test Passed</h1> 
verify email is displayed
<h1 style="color:green;font-size:15px;">Test Passed</h1> 
Click on enter_mobile_no
verify right_arrow is enable
<h1 style="color:green;font-size:15px;">Test Passed</h1> 
Click on right_arrow
Click on enter_the_code_text_box
verify right_arrow is enable
<h1 style="color:green;font-size:15px;">Test Passed</h1> 
Click on right_arrow
Click on sleep_tab_button
verify sleep_tab_button is enable
<h1 style="color:green;font-size:15px;">Test Passed</h1> 
verify playlist_name is enable
<h1 style="color:green;font-size:15px;">Test Passed</h1> 
Click on create
verify hindi_language is displayed
<h1 style="color:green;font-size:15px;">Test Passed</h1> 
Click on hindi_language
Click on ancient_wisdom_drop_down
verify gudi_padwa is displayed
<h1 style="color:green;font-size:15px;">Test Passed</h1> 
verify hanuman_and_machhindranath is displayed
<h1 style="color:green;font-size:15px;">Test Passed</h1> 
verify story_of_jesus_christ is displayed
<h1 style="color:green;font-size:15px;">Test Passed</h1> 
verify yama_and_nachiketa is displayed
<h1 style="color:green;font-size:15px;">Test Passed</h1> 
Click on close_drop_down_collapse_button
Click on sign_in
verify phone is displayed
<h1 style="color:green;font-size:15px;">Test Passed</h1> 
verify email is displayed
<h1 style="color:green;font-size:15px;">Test Passed</h1> 
Click on enter_mobile_no
verify right_arrow is enable
<h1 style="color:green;font-size:15px;">Test Passed</h1> 
Click on right_arrow
Click on enter_the_code_text_box
verify right_arrow is enable
<h1 style="color:green;font-size:15px;">Test Passed</h1> 
Click on right_arrow
Click on sleep_tab_button
verify sleep_tab_button is enable
<h1 style="color:green;font-size:15px;">Test Passed</h1> 
verify playlist_name is enable
<h1 style="color:green;font-size:15px;">Test Passed</h1> 
Click on create
verify hindi_language is displayed
<h1 style="color:green;font-size:15px;">Test Passed</h1> 
Click on hindi_language
Click on stories_from_puranas
Click on radio_button_for_select_all_music
<h1 style="color:red;font-size:15px;">Test Failed</h1>   
<img src="C:\Users\Harshal\Desktop\LSM_Project\LEVEL\LSM\src\test\resources\failed_test_screenshot\To_verify_when_user_try_to_add_more_than_50_tracks_in_the_any_created_playlist_SLP_PL_014_eaqIl.png" alt="test" width="1024" height="640">
Click on sign_in
verify phone is displayed
<h1 style="color:green;font-size:15px;">Test Passed</h1> 
verify email is displayed
<h1 style="color:green;font-size:15px;">Test Passed</h1> 
Click on enter_mobile_no
verify right_arrow is enable
<h1 style="color:green;font-size:15px;">Test Passed</h1> 
Click on right_arrow
Click on enter_the_code_text_box
verify right_arrow is enable
<h1 style="color:green;font-size:15px;">Test Passed</h1> 
Click on right_arrow
Click on sleep_tab_button
verify sleep_tab_button is enable
<h1 style="color:green;font-size:15px;">Test Passed</h1> 
verify playlist_name is enable
<h1 style="color:green;font-size:15px;">Test Passed</h1> 
Click on create
verify hindi_language is displayed
<h1 style="color:green;font-size:15px;">Test Passed</h1> 
Click on hindi_language
Click on stories_from_puranas
Click on sign_in
verify phone is displayed
<h1 style="color:green;font-size:15px;">Test Passed</h1> 
verify email is displayed
<h1 style="color:green;font-size:15px;">Test Passed</h1> 
Click on enter_mobile_no
verify right_arrow is enable
<h1 style="color:green;font-size:15px;">Test Passed</h1> 
Click on right_arrow
Click on enter_the_code_text_box
verify right_arrow is enable
<h1 style="color:green;font-size:15px;">Test Passed</h1> 
Click on right_arrow
Click on sleep_tab_button
verify sleep_tab_button is enable
<h1 style="color:green;font-size:15px;">Test Passed</h1> 
verify playlist_name is enable
<h1 style="color:green;font-size:15px;">Test Passed</h1> 
Click on create
verify hindi_language is displayed
<h1 style="color:green;font-size:15px;">Test Passed</h1> 
Click on hindi_language
Click on stories_from_puranas
Click on sign_in
verify phone is displayed
<h1 style="color:green;font-size:15px;">Test Passed</h1> 
verify email is displayed
<h1 style="color:green;font-size:15px;">Test Passed</h1> 
Click on enter_mobile_no
verify right_arrow is enable
<h1 style="color:green;font-size:15px;">Test Passed</h1> 
Click on right_arrow
Click on enter_the_code_text_box
verify right_arrow is enable
<h1 style="color:green;font-size:15px;">Test Passed</h1> 
Click on right_arrow
Click on sleep_tab_button
verify sleep_tab_button is enable
<h1 style="color:green;font-size:15px;">Test Passed</h1> 
verify playlist_name is enable
<h1 style="color:green;font-size:15px;">Test Passed</h1> 
Click on create
verify hindi_language is displayed
<h1 style="color:green;font-size:15px;">Test Passed</h1> 
Click on hindi_language
Click on ancient_wisdom_drop_down
verify Remove_Filters is displayed
<h1 style="color:green;font-size:15px;">Test Passed</h1> 
Click on Remove_Filters
verify add_item_to_playlist is displayed
<h1 style="color:green;font-size:15px;">Test Passed</h1> 
Click on sign_in
verify phone is displayed
<h1 style="color:green;font-size:15px;">Test Passed</h1> 
verify email is displayed
<h1 style="color:green;font-size:15px;">Test Passed</h1> 
Click on enter_mobile_no
verify right_arrow is enable
<h1 style="color:green;font-size:15px;">Test Passed</h1> 
Click on right_arrow
Click on enter_the_code_text_box
verify right_arrow is enable
<h1 style="color:green;font-size:15px;">Test Passed</h1> 
Click on right_arrow
Click on sleep_tab_button
verify sleep_tab_button is enable
<h1 style="color:green;font-size:15px;">Test Passed</h1> 
verify playlist_name is enable
<h1 style="color:green;font-size:15px;">Test Passed</h1> 
Click on create
Click on sign_in
verify phone is displayed
<h1 style="color:green;font-size:15px;">Test Passed</h1> 
verify email is displayed
<h1 style="color:green;font-size:15px;">Test Passed</h1> 
Click on enter_mobile_no
verify right_arrow is enable
<h1 style="color:green;font-size:15px;">Test Passed</h1> 
Click on right_arrow
Click on enter_the_code_text_box
verify right_arrow is enable
<h1 style="color:green;font-size:15px;">Test Passed</h1> 
Click on right_arrow
Click on sleep_tab_button
verify sleep_tab_button is enable
<h1 style="color:green;font-size:15px;">Test Passed</h1> 
verify playlist_name is enable
<h1 style="color:green;font-size:15px;">Test Passed</h1> 
Click on create
verify go_to_playlist is displayed
<h1 style="color:green;font-size:15px;">Test Passed</h1> 
Click on go_to_playlist
verify add_item_to_playlist is displayed
<h1 style="color:green;font-size:15px;">Test Passed</h1> 
Click on sign_in
verify phone is displayed
<h1 style="color:green;font-size:15px;">Test Passed</h1> 
verify email is displayed
<h1 style="color:green;font-size:15px;">Test Passed</h1> 
Click on enter_mobile_no
verify right_arrow is enable
<h1 style="color:green;font-size:15px;">Test Passed</h1> 
Click on right_arrow
Click on enter_the_code_text_box
verify right_arrow is enable
<h1 style="color:green;font-size:15px;">Test Passed</h1> 
Click on right_arrow
Click on sleep_tab_button
verify sleep_tab_button is enable
<h1 style="color:green;font-size:15px;">Test Passed</h1> 
verify playlist_name is enable
<h1 style="color:green;font-size:15px;">Test Passed</h1> 
Click on create
Click on ancient_wisdom_drop_down
verify go_to_playlist is displayed
<h1 style="color:green;font-size:15px;">Test Passed</h1> 
Click on go_to_playlist
verify playlist_page is displayed
<h1 style="color:green;font-size:15px;">Test Passed</h1> 
Click on sign_in
verify phone is displayed
<h1 style="color:green;font-size:15px;">Test Passed</h1> 
verify email is displayed
<h1 style="color:green;font-size:15px;">Test Passed</h1> 
Click on enter_mobile_no
verify right_arrow is enable
<h1 style="color:green;font-size:15px;">Test Passed</h1> 
Click on right_arrow
Click on enter_the_code_text_box
verify right_arrow is enable
<h1 style="color:green;font-size:15px;">Test Passed</h1> 
Click on right_arrow
Click on sleep_tab_button
verify sleep_tab_button is enable
<h1 style="color:green;font-size:15px;">Test Passed</h1> 
verify navigate_back is displayed
<h1 style="color:green;font-size:15px;">Test Passed</h1> 
Click on navigate_back
verify sleep_tab_icon is displayed
<h1 style="color:green;font-size:15px;">Test Passed</h1> 
verify sleep_tab_icon is enable
<h1 style="color:green;font-size:15px;">Test Passed</h1> 
Click on sign_in
verify phone is displayed
<h1 style="color:green;font-size:15px;">Test Passed</h1> 
verify email is displayed
<h1 style="color:green;font-size:15px;">Test Passed</h1> 
Click on enter_mobile_no
verify right_arrow is enable
<h1 style="color:green;font-size:15px;">Test Passed</h1> 
Click on right_arrow
Click on enter_the_code_text_box
verify right_arrow is enable
<h1 style="color:green;font-size:15px;">Test Passed</h1> 
Click on right_arrow
Click on sleep_tab_button
verify sleep_tab_button is enable
<h1 style="color:green;font-size:15px;">Test Passed</h1> 
verify playlist_name is enable
<h1 style="color:green;font-size:15px;">Test Passed</h1> 
Click on create
Click on ancient_wisdom_drop_down
verify go_to_playlist is displayed
<h1 style="color:green;font-size:15px;">Test Passed</h1> 
Click on go_to_playlist
verify playlist_page is displayed
<h1 style="color:green;font-size:15px;">Test Passed</h1> 
verify more_vert is displayed
<h1 style="color:green;font-size:15px;">Test Passed</h1> 
Click on more_vert
verify close_button_playlist is displayed
<h1 style="color:green;font-size:15px;">Test Passed</h1> 
verify add_to_this_playlist is displayed
<h1 style="color:green;font-size:15px;">Test Passed</h1> 
verify delete_playlist is displayed
<h1 style="color:green;font-size:15px;">Test Passed</h1> 
verify edit_playlist is displayed
<h1 style="color:green;font-size:15px;">Test Passed</h1> 
Click on sign_in
verify phone is displayed
<h1 style="color:green;font-size:15px;">Test Passed</h1> 
verify email is displayed
<h1 style="color:green;font-size:15px;">Test Passed</h1> 
Click on enter_mobile_no
verify right_arrow is enable
<h1 style="color:green;font-size:15px;">Test Passed</h1> 
Click on right_arrow
Click on enter_the_code_text_box
verify right_arrow is enable
<h1 style="color:green;font-size:15px;">Test Passed</h1> 
Click on right_arrow
Click on sleep_tab_button
verify sleep_tab_button is enable
<h1 style="color:green;font-size:15px;">Test Passed</h1> 
verify playlist_name is enable
<h1 style="color:green;font-size:15px;">Test Passed</h1> 
Click on create
Click on ancient_wisdom_drop_down
verify go_to_playlist is displayed
<h1 style="color:green;font-size:15px;">Test Passed</h1> 
Click on go_to_playlist
verify golden_values_of_life is displayed
<h1 style="color:green;font-size:15px;">Test Passed</h1> 
verify siddhartha_chapter is displayed
<h1 style="color:green;font-size:15px;">Test Passed</h1> 
Click on music_play_button_playlist
Click on music_forward_button
Click on stop_music
Click on close_video_button
verify playlist_page is displayed
<h1 style="color:green;font-size:15px;">Test Passed</h1> 
Click on sign_in
verify phone is displayed
<h1 style="color:green;font-size:15px;">Test Passed</h1> 
verify email is displayed
<h1 style="color:green;font-size:15px;">Test Passed</h1> 
Click on enter_mobile_no
verify right_arrow is enable
<h1 style="color:green;font-size:15px;">Test Passed</h1> 
Click on right_arrow
Click on enter_the_code_text_box
verify right_arrow is enable
<h1 style="color:green;font-size:15px;">Test Passed</h1> 
Click on right_arrow
Click on sleep_tab_button
verify sleep_tab_button is enable
<h1 style="color:green;font-size:15px;">Test Passed</h1> 
verify playlist_name is enable
<h1 style="color:green;font-size:15px;">Test Passed</h1> 
Click on create
Click on ancient_wisdom_drop_down
verify go_to_playlist is displayed
<h1 style="color:green;font-size:15px;">Test Passed</h1> 
Click on go_to_playlist
verify golden_values_of_life is displayed
<h1 style="color:green;font-size:15px;">Test Passed</h1> 
<h1 style="color:red;font-size:15px;">Test Failed</h1>   
<img src="C:\Users\Harshal\Desktop\LSM_Project\LEVEL\LSM\src\test\resources\failed_test_screenshot\To_verify_when_the_user_taps_on_the_More_Vert_icon_on_the_any_added_track_from_the_playlist_SLP_PL_025_6rI3X.png" alt="test" width="1024" height="640">
Click on sign_in
verify phone is displayed
<h1 style="color:green;font-size:15px;">Test Passed</h1> 
verify email is displayed
<h1 style="color:green;font-size:15px;">Test Passed</h1> 
Click on enter_mobile_no
verify right_arrow is enable
<h1 style="color:green;font-size:15px;">Test Passed</h1> 
Click on right_arrow
Click on enter_the_code_text_box
verify right_arrow is enable
<h1 style="color:green;font-size:15px;">Test Passed</h1> 
Click on right_arrow
Click on sleep_tab_button
verify sleep_tab_button is enable
<h1 style="color:green;font-size:15px;">Test Passed</h1> 
verify playlist_name is enable
<h1 style="color:green;font-size:15px;">Test Passed</h1> 
Click on create
Click on ancient_wisdom_drop_down
verify go_to_playlist is displayed
<h1 style="color:green;font-size:15px;">Test Passed</h1> 
Click on go_to_playlist
verify golden_values_of_life is displayed
<h1 style="color:green;font-size:15px;">Test Passed</h1> 
verify siddhartha_chapter is displayed
<h1 style="color:green;font-size:15px;">Test Passed</h1> 
Click on more_vert_icon_playlist
Click on close_button_golden_values_of_life
Click on sign_in
verify phone is displayed
<h1 style="color:green;font-size:15px;">Test Passed</h1> 
verify email is displayed
<h1 style="color:green;font-size:15px;">Test Passed</h1> 
Click on enter_mobile_no
verify right_arrow is enable
<h1 style="color:green;font-size:15px;">Test Passed</h1> 
Click on right_arrow
Click on enter_the_code_text_box
verify right_arrow is enable
<h1 style="color:green;font-size:15px;">Test Passed</h1> 
Click on right_arrow
Click on sleep_tab_button
verify sleep_tab_button is enable
<h1 style="color:green;font-size:15px;">Test Passed</h1> 
verify playlist_name is enable
<h1 style="color:green;font-size:15px;">Test Passed</h1> 
Click on create
Click on ancient_wisdom_drop_down
verify go_to_playlist is displayed
<h1 style="color:green;font-size:15px;">Test Passed</h1> 
Click on go_to_playlist
verify golden_values_of_life is displayed
<h1 style="color:green;font-size:15px;">Test Passed</h1> 
verify siddhartha_chapter is displayed
<h1 style="color:green;font-size:15px;">Test Passed</h1> 
<h1 style="color:red;font-size:15px;">Test Failed</h1>   
<img src="C:\Users\Harshal\Desktop\LSM_Project\LEVEL\LSM\src\test\resources\failed_test_screenshot\To_verify_when_the_user_taps_on_the_plus_Add_to_this_Playlist_option_on_the_bottom_sheet_SLP_PL_027_0ixZl.png" alt="test" width="1024" height="640">
Click on sign_in
verify phone is displayed
<h1 style="color:green;font-size:15px;">Test Passed</h1> 
verify email is displayed
<h1 style="color:green;font-size:15px;">Test Passed</h1> 
Click on enter_mobile_no
verify right_arrow is enable
<h1 style="color:green;font-size:15px;">Test Passed</h1> 
Click on right_arrow
Click on enter_the_code_text_box
verify right_arrow is enable
<h1 style="color:green;font-size:15px;">Test Passed</h1> 
Click on right_arrow
Click on sleep_tab_button
verify sleep_tab_button is enable
<h1 style="color:green;font-size:15px;">Test Passed</h1> 
verify playlist_name is enable
<h1 style="color:green;font-size:15px;">Test Passed</h1> 
Click on create
Click on ancient_wisdom_drop_down
verify go_to_playlist is displayed
<h1 style="color:green;font-size:15px;">Test Passed</h1> 
Click on go_to_playlist
verify golden_values_of_life is displayed
<h1 style="color:green;font-size:15px;">Test Passed</h1> 
verify siddhartha_chapter is displayed
<h1 style="color:green;font-size:15px;">Test Passed</h1> 
verify more_vert is displayed
<h1 style="color:green;font-size:15px;">Test Passed</h1> 
Click on more_vert
Click on delete_playlist
verify are_you_sure_pop_up is displayed
<h1 style="color:green;font-size:15px;">Test Passed</h1> 
Click on sign_in
verify phone is displayed
<h1 style="color:green;font-size:15px;">Test Passed</h1> 
verify email is displayed
<h1 style="color:green;font-size:15px;">Test Passed</h1> 
Click on enter_mobile_no
verify right_arrow is enable
<h1 style="color:green;font-size:15px;">Test Passed</h1> 
Click on right_arrow
Click on enter_the_code_text_box
verify right_arrow is enable
<h1 style="color:green;font-size:15px;">Test Passed</h1> 
Click on right_arrow
Click on sleep_tab_button
verify sleep_tab_button is enable
<h1 style="color:green;font-size:15px;">Test Passed</h1> 
verify playlist_name is enable
<h1 style="color:green;font-size:15px;">Test Passed</h1> 
Click on create
Click on ancient_wisdom_drop_down
verify go_to_playlist is displayed
<h1 style="color:green;font-size:15px;">Test Passed</h1> 
Click on go_to_playlist
verify more_vert is displayed
<h1 style="color:green;font-size:15px;">Test Passed</h1> 
Click on more_vert
Click on delete_playlist
verify emoji_dialog is displayed
<h1 style="color:green;font-size:15px;">Test Passed</h1> 
Click on sign_in
verify phone is displayed
<h1 style="color:green;font-size:15px;">Test Passed</h1> 
verify email is displayed
<h1 style="color:green;font-size:15px;">Test Passed</h1> 
Click on enter_mobile_no
verify right_arrow is enable
<h1 style="color:green;font-size:15px;">Test Passed</h1> 
Click on right_arrow
Click on enter_the_code_text_box
verify right_arrow is enable
<h1 style="color:green;font-size:15px;">Test Passed</h1> 
Click on right_arrow
Click on sleep_tab_button
verify sleep_tab_button is enable
<h1 style="color:green;font-size:15px;">Test Passed</h1> 
verify playlist_name is enable
<h1 style="color:green;font-size:15px;">Test Passed</h1> 
Click on create
Click on ancient_wisdom_drop_down
verify go_to_playlist is displayed
<h1 style="color:green;font-size:15px;">Test Passed</h1> 
Click on go_to_playlist
verify more_vert is displayed
<h1 style="color:green;font-size:15px;">Test Passed</h1> 
Click on more_vert
Click on delete_playlist
verify no is displayed
<h1 style="color:green;font-size:15px;">Test Passed</h1> 
Click on no
verify add_to_this_playlist is displayed
<h1 style="color:green;font-size:15px;">Test Passed</h1> 
Click on sign_in
verify phone is displayed
<h1 style="color:green;font-size:15px;">Test Passed</h1> 
verify email is displayed
<h1 style="color:green;font-size:15px;">Test Passed</h1> 
Click on enter_mobile_no
verify right_arrow is enable
<h1 style="color:green;font-size:15px;">Test Passed</h1> 
Click on right_arrow
Click on enter_the_code_text_box
verify right_arrow is enable
<h1 style="color:green;font-size:15px;">Test Passed</h1> 
Click on right_arrow
Click on sleep_tab_button
verify sleep_tab_button is enable
<h1 style="color:green;font-size:15px;">Test Passed</h1> 
verify playlist_name is enable
<h1 style="color:green;font-size:15px;">Test Passed</h1> 
Click on create
Click on ancient_wisdom_drop_down
verify go_to_playlist is displayed
<h1 style="color:green;font-size:15px;">Test Passed</h1> 
Click on go_to_playlist
verify more_vert is displayed
<h1 style="color:green;font-size:15px;">Test Passed</h1> 
Click on more_vert
Click on delete_playlist
verify yes_delete_playlist is displayed
<h1 style="color:green;font-size:15px;">Test Passed</h1> 
Click on yes_delete_playlist
Click on sign_in
verify phone is displayed
<h1 style="color:green;font-size:15px;">Test Passed</h1> 
verify email is displayed
<h1 style="color:green;font-size:15px;">Test Passed</h1> 
Click on enter_mobile_no
verify right_arrow is enable
<h1 style="color:green;font-size:15px;">Test Passed</h1> 
Click on right_arrow
Click on enter_the_code_text_box
verify right_arrow is enable
<h1 style="color:green;font-size:15px;">Test Passed</h1> 
Click on right_arrow
Click on sleep_tab_button
verify sleep_tab_button is enable
<h1 style="color:green;font-size:15px;">Test Passed</h1> 
verify playlist_name is enable
<h1 style="color:green;font-size:15px;">Test Passed</h1> 
Click on create
Click on ancient_wisdom_drop_down
verify go_to_playlist is displayed
<h1 style="color:green;font-size:15px;">Test Passed</h1> 
Click on go_to_playlist
verify more_vert is displayed
<h1 style="color:green;font-size:15px;">Test Passed</h1> 
Click on more_vert
Click on edit_playlist
verify Edit_Playlist_Screen is displayed
<h1 style="color:green;font-size:15px;">Test Passed</h1> 
Click on sign_in
verify phone is displayed
<h1 style="color:green;font-size:15px;">Test Passed</h1> 
verify email is displayed
<h1 style="color:green;font-size:15px;">Test Passed</h1> 
Click on enter_mobile_no
verify right_arrow is enable
<h1 style="color:green;font-size:15px;">Test Passed</h1> 
Click on right_arrow
Click on enter_the_code_text_box
verify right_arrow is enable
<h1 style="color:green;font-size:15px;">Test Passed</h1> 
Click on right_arrow
Click on sleep_tab_button
verify sleep_tab_button is enable
<h1 style="color:green;font-size:15px;">Test Passed</h1> 
verify playlist_name is enable
<h1 style="color:green;font-size:15px;">Test Passed</h1> 
Click on create
Click on ancient_wisdom_drop_down
verify go_to_playlist is displayed
<h1 style="color:green;font-size:15px;">Test Passed</h1> 
Click on go_to_playlist
verify more_vert is displayed
<h1 style="color:green;font-size:15px;">Test Passed</h1> 
Click on more_vert
Click on edit_playlist
Click on save_playlist
verify Edit_Playlist_Screen is displayed
<h1 style="color:green;font-size:15px;">Test Passed</h1> 
Click on sign_in
verify phone is displayed
<h1 style="color:green;font-size:15px;">Test Passed</h1> 
verify email is displayed
<h1 style="color:green;font-size:15px;">Test Passed</h1> 
Click on enter_mobile_no
verify right_arrow is enable
<h1 style="color:green;font-size:15px;">Test Passed</h1> 
Click on right_arrow
Click on enter_the_code_text_box
verify right_arrow is enable
<h1 style="color:green;font-size:15px;">Test Passed</h1> 
Click on right_arrow
Click on sleep_tab_button
verify sleep_tab_button is enable
<h1 style="color:green;font-size:15px;">Test Passed</h1> 
verify playlist_name is enable
<h1 style="color:green;font-size:15px;">Test Passed</h1> 
Click on create
Click on ancient_wisdom_drop_down
verify go_to_playlist is displayed
<h1 style="color:green;font-size:15px;">Test Passed</h1> 
Click on go_to_playlist
verify more_vert is displayed
<h1 style="color:green;font-size:15px;">Test Passed</h1> 
Click on more_vert
Click on edit_playlist
Click on save_playlist
Click on sign_in
verify phone is displayed
<h1 style="color:green;font-size:15px;">Test Passed</h1> 
verify email is displayed
<h1 style="color:green;font-size:15px;">Test Passed</h1> 
Click on enter_mobile_no
verify right_arrow is enable
<h1 style="color:green;font-size:15px;">Test Passed</h1> 
Click on right_arrow
Click on enter_the_code_text_box
verify right_arrow is enable
<h1 style="color:green;font-size:15px;">Test Passed</h1> 
Click on right_arrow
Click on sleep_tab_button
verify sleep_tab_button is enable
<h1 style="color:green;font-size:15px;">Test Passed</h1> 
verify playlist_name is enable
<h1 style="color:green;font-size:15px;">Test Passed</h1> 
Click on create
Click on ancient_wisdom_drop_down
verify go_to_playlist is displayed
<h1 style="color:green;font-size:15px;">Test Passed</h1> 
Click on go_to_playlist
verify more_vert is displayed
<h1 style="color:green;font-size:15px;">Test Passed</h1> 
Click on more_vert
Click on edit_playlist
Click on Remove_x_icon_playlist
Click on sign_in
verify phone is displayed
<h1 style="color:green;font-size:15px;">Test Passed</h1> 
verify email is displayed
<h1 style="color:green;font-size:15px;">Test Passed</h1> 
Click on enter_mobile_no
verify right_arrow is enable
<h1 style="color:green;font-size:15px;">Test Passed</h1> 
Click on right_arrow
Click on enter_the_code_text_box
verify right_arrow is enable
<h1 style="color:green;font-size:15px;">Test Passed</h1> 
Click on right_arrow
Click on sleep_tab_button
verify sleep_tab_button is enable
<h1 style="color:green;font-size:15px;">Test Passed</h1> 
verify playlist_name is enable
<h1 style="color:green;font-size:15px;">Test Passed</h1> 
Click on create
Click on ancient_wisdom_drop_down
verify go_to_playlist is displayed
<h1 style="color:green;font-size:15px;">Test Passed</h1> 
Click on go_to_playlist
verify more_vert is displayed
<h1 style="color:green;font-size:15px;">Test Passed</h1> 
Click on more_vert
Click on edit_playlist
Click on save_playlist
Click on sign_in
verify phone is displayed
<h1 style="color:green;font-size:15px;">Test Passed</h1> 
verify email is displayed
<h1 style="color:green;font-size:15px;">Test Passed</h1> 
Click on enter_mobile_no
verify right_arrow is enable
<h1 style="color:green;font-size:15px;">Test Passed</h1> 
Click on right_arrow
Click on enter_the_code_text_box
verify right_arrow is enable
<h1 style="color:green;font-size:15px;">Test Passed</h1> 
Click on right_arrow
Click on sleep_tab_button
verify sleep_tab_button is enable
<h1 style="color:green;font-size:15px;">Test Passed</h1> 
verify playlist_name is enable
<h1 style="color:green;font-size:15px;">Test Passed</h1> 
Click on create
Click on ancient_wisdom_drop_down
verify go_to_playlist is displayed
<h1 style="color:green;font-size:15px;">Test Passed</h1> 
Click on go_to_playlist
verify more_vert is displayed
<h1 style="color:green;font-size:15px;">Test Passed</h1> 
Click on more_vert
Click on edit_playlist
Click on Remove_x_icon_playlist
Click on save_playlist
Click on sign_in
verify phone is displayed
<h1 style="color:green;font-size:15px;">Test Passed</h1> 
verify email is displayed
<h1 style="color:green;font-size:15px;">Test Passed</h1> 
Click on enter_mobile_no
verify right_arrow is enable
<h1 style="color:green;font-size:15px;">Test Passed</h1> 
Click on right_arrow
Click on enter_the_code_text_box
verify right_arrow is enable
<h1 style="color:green;font-size:15px;">Test Passed</h1> 
Click on right_arrow
Click on sleep_tab_button
verify sleep_tab_button is enable
<h1 style="color:green;font-size:15px;">Test Passed</h1> 
verify playlist_name is enable
<h1 style="color:green;font-size:15px;">Test Passed</h1> 
Click on create
Click on ancient_wisdom_drop_down
verify go_to_playlist is displayed
<h1 style="color:green;font-size:15px;">Test Passed</h1> 
Click on go_to_playlist
Click on more_vert_icon_playlist
verify logo_image_golden_values_of_life is displayed
<h1 style="color:green;font-size:15px;">Test Passed</h1> 
verify name_of_golden_values_of_life is displayed
<h1 style="color:green;font-size:15px;">Test Passed</h1> 
verify duration_of_golden_values_of_life is displayed
<h1 style="color:green;font-size:15px;">Test Passed</h1> 
verify close_button_golden_values_of_life is displayed
<h1 style="color:green;font-size:15px;">Test Passed</h1> 
verify add_to_favorites is displayed
<h1 style="color:green;font-size:15px;">Test Passed</h1> 
verify schedule_a_reminder is displayed
<h1 style="color:green;font-size:15px;">Test Passed</h1> 
Click on sign_in
verify phone is displayed
<h1 style="color:green;font-size:15px;">Test Passed</h1> 
verify email is displayed
<h1 style="color:green;font-size:15px;">Test Passed</h1> 
Click on enter_mobile_no
verify right_arrow is enable
<h1 style="color:green;font-size:15px;">Test Passed</h1> 
Click on right_arrow
Click on enter_the_code_text_box
verify right_arrow is enable
<h1 style="color:green;font-size:15px;">Test Passed</h1> 
Click on right_arrow
Click on sleep_tab_button
verify sleep_tab_button is enable
<h1 style="color:green;font-size:15px;">Test Passed</h1> 
verify playlist_name is enable
<h1 style="color:green;font-size:15px;">Test Passed</h1> 
Click on create
Click on ancient_wisdom_drop_down
verify go_to_playlist is displayed
<h1 style="color:green;font-size:15px;">Test Passed</h1> 
Click on go_to_playlist
Click on more_vert_icon_playlist
Click on close_button_golden_values_of_life
Click on sign_in
verify phone is displayed
<h1 style="color:green;font-size:15px;">Test Passed</h1> 
verify email is displayed
<h1 style="color:green;font-size:15px;">Test Passed</h1> 
Click on enter_mobile_no
verify right_arrow is enable
<h1 style="color:green;font-size:15px;">Test Passed</h1> 
Click on right_arrow
Click on enter_the_code_text_box
verify right_arrow is enable
<h1 style="color:green;font-size:15px;">Test Passed</h1> 
Click on right_arrow
Click on sleep_tab_button
verify sleep_tab_button is enable
<h1 style="color:green;font-size:15px;">Test Passed</h1> 
verify playlist_name is enable
<h1 style="color:green;font-size:15px;">Test Passed</h1> 
Click on create
Click on ancient_wisdom_drop_down
verify go_to_playlist is displayed
<h1 style="color:green;font-size:15px;">Test Passed</h1> 
Click on go_to_playlist
Click on more_vert_icon_playlist
Click on Remove_from_favorites
Click on add_to_favorites
Click on close_button_golden_values_of_life
verify navigate_back is displayed
<h1 style="color:green;font-size:15px;">Test Passed</h1> 
Click on navigate_back
Click on favorite_list
<h1 style="color:red;font-size:15px;">Test Failed</h1>   
<img src="C:\Users\Harshal\Desktop\LSM_Project\LEVEL\LSM\src\test\resources\failed_test_screenshot\To_verify_when_the_user_taps_on_the_Add_to_favorites_option_on_the_bottom_sheet_SLP_PL_044_KQd6n.png" alt="test" width="1024" height="640">
Click on sign_in
verify phone is displayed
<h1 style="color:green;font-size:15px;">Test Passed</h1> 
verify email is displayed
<h1 style="color:green;font-size:15px;">Test Passed</h1> 
Click on enter_mobile_no
verify right_arrow is enable
<h1 style="color:green;font-size:15px;">Test Passed</h1> 
Click on right_arrow
Click on enter_the_code_text_box
verify right_arrow is enable
<h1 style="color:green;font-size:15px;">Test Passed</h1> 
Click on right_arrow
Click on sleep_tab_button
verify sleep_tab_button is enable
<h1 style="color:green;font-size:15px;">Test Passed</h1> 
verify playlist_name is enable
<h1 style="color:green;font-size:15px;">Test Passed</h1> 
Click on create
Click on ancient_wisdom_drop_down
verify go_to_playlist is displayed
<h1 style="color:green;font-size:15px;">Test Passed</h1> 
Click on go_to_playlist
Click on more_vert_icon_playlist
Click on schedule_a_reminder
Click on sign_in
verify phone is displayed
<h1 style="color:green;font-size:15px;">Test Passed</h1> 
verify email is displayed
<h1 style="color:green;font-size:15px;">Test Passed</h1> 
Click on enter_mobile_no
verify right_arrow is enable
<h1 style="color:green;font-size:15px;">Test Passed</h1> 
Click on right_arrow
Click on enter_the_code_text_box
verify right_arrow is enable
<h1 style="color:green;font-size:15px;">Test Passed</h1> 
Click on right_arrow
Click on sleep_tab_button
verify sleep_tab_button is enable
<h1 style="color:green;font-size:15px;">Test Passed</h1> 
verify playlist_name is enable
<h1 style="color:green;font-size:15px;">Test Passed</h1> 
Click on create
Click on ancient_wisdom_drop_down
verify go_to_playlist is displayed
<h1 style="color:green;font-size:15px;">Test Passed</h1> 
Click on go_to_playlist
Click on more_vert_icon_playlist
Click on Rate_this_meditations
verify submit_feedback is displayed
<h1 style="color:green;font-size:15px;">Test Passed</h1> 
Click on sign_in
verify phone is displayed
<h1 style="color:green;font-size:15px;">Test Passed</h1> 
verify email is displayed
<h1 style="color:green;font-size:15px;">Test Passed</h1> 
Click on enter_mobile_no
verify right_arrow is enable
<h1 style="color:green;font-size:15px;">Test Passed</h1> 
Click on right_arrow
Click on enter_the_code_text_box
verify right_arrow is enable
<h1 style="color:green;font-size:15px;">Test Passed</h1> 
Click on right_arrow
Click on sleep_tab_button
verify sleep_tab_button is enable
<h1 style="color:green;font-size:15px;">Test Passed</h1> 
<h1 style="color:red;font-size:15px;">Test Failed</h1>   
<img src="C:\Users\Harshal\Desktop\LSM_Project\LEVEL\LSM\src\test\resources\failed_test_screenshot\To_verify_when_the_user_taps_on_the_Add_Items_button_SLP_PL_048_XiL2h.png" alt="test" width="1024" height="640">
Click on sign_in
verify phone is displayed
<h1 style="color:green;font-size:15px;">Test Passed</h1> 
verify email is displayed
<h1 style="color:green;font-size:15px;">Test Passed</h1> 
Click on enter_mobile_no
verify right_arrow is enable
<h1 style="color:green;font-size:15px;">Test Passed</h1> 
Click on right_arrow
Click on enter_the_code_text_box
verify right_arrow is enable
<h1 style="color:green;font-size:15px;">Test Passed</h1> 
Click on right_arrow
Click on sleep_tab_button
verify sleep_tab_button is enable
<h1 style="color:green;font-size:15px;">Test Passed</h1> 
Click on story_of_Tulsi_Vivaha
Click on story_of_Tulsi_Vivaha_more_vert
Click on add_to_playlist
Click on Add_Playlist
verify playlist_name is enable
<h1 style="color:green;font-size:15px;">Test Passed</h1> 
Click on sign_in
verify phone is displayed
<h1 style="color:green;font-size:15px;">Test Passed</h1> 
verify email is displayed
<h1 style="color:green;font-size:15px;">Test Passed</h1> 
Click on email
Click on enter_email_id
Click on sign_in
verify phone is displayed
<h1 style="color:green;font-size:15px;">Test Passed</h1> 
verify email is displayed
<h1 style="color:green;font-size:15px;">Test Passed</h1> 
Click on email
Click on enter_email_id
Click on sign_in
verify phone is displayed
<h1 style="color:green;font-size:15px;">Test Passed</h1> 
verify email is displayed
<h1 style="color:green;font-size:15px;">Test Passed</h1> 
Click on email
Click on enter_email_id
Click on sign_in
verify phone is displayed
<h1 style="color:green;font-size:15px;">Test Passed</h1> 
verify email is displayed
<h1 style="color:green;font-size:15px;">Test Passed</h1> 
Click on email
Click on enter_email_id
verify right_arrow is enable
<h1 style="color:green;font-size:15px;">Test Passed</h1> 
Click on right_arrow
Click on enter_the_code_text_box
Click on sign_in
verify phone is displayed
<h1 style="color:green;font-size:15px;">Test Passed</h1> 
verify email is displayed
<h1 style="color:green;font-size:15px;">Test Passed</h1> 
Click on enter_mobile_no
Click on sign_in
verify phone is displayed
<h1 style="color:green;font-size:15px;">Test Passed</h1> 
verify email is displayed
<h1 style="color:green;font-size:15px;">Test Passed</h1> 
Click on enter_mobile_no
Click on sign_in
verify phone is displayed
<h1 style="color:green;font-size:15px;">Test Passed</h1> 
verify email is displayed
<h1 style="color:green;font-size:15px;">Test Passed</h1> 
Click on enter_mobile_no
Click on sign_in
verify phone is displayed
<h1 style="color:green;font-size:15px;">Test Passed</h1> 
verify email is displayed
<h1 style="color:green;font-size:15px;">Test Passed</h1> 
Click on enter_mobile_no
Click on enter_the_code_text_box
Click on sign_in
verify phone is displayed
<h1 style="color:green;font-size:15px;">Test Passed</h1> 
verify email is displayed
<h1 style="color:green;font-size:15px;">Test Passed</h1> 
Click on enter_mobile_no
Click on enter_the_code_text_box
Click on sign_in
verify phone is displayed
<h1 style="color:green;font-size:15px;">Test Passed</h1> 
verify email is displayed
<h1 style="color:green;font-size:15px;">Test Passed</h1> 
Click on email
Click on enter_email_id
verify right_arrow is enable
<h1 style="color:green;font-size:15px;">Test Passed</h1> 
Click on right_arrow
Click on enter_the_code_text_box
verify right_arrow is enable
<h1 style="color:green;font-size:15px;">Test Passed</h1> 
Click on right_arrow
Click on your_name_text_field
Click on sign_in
verify phone is displayed
<h1 style="color:green;font-size:15px;">Test Passed</h1> 
verify email is displayed
<h1 style="color:green;font-size:15px;">Test Passed</h1> 
Click on email
Click on enter_email_id
verify right_arrow is enable
<h1 style="color:green;font-size:15px;">Test Passed</h1> 
Click on right_arrow
Click on enter_the_code_text_box
verify right_arrow is enable
<h1 style="color:green;font-size:15px;">Test Passed</h1> 
Click on right_arrow
Click on your_phone_number
Click on sign_in
verify phone is displayed
<h1 style="color:green;font-size:15px;">Test Passed</h1> 
verify email is displayed
<h1 style="color:green;font-size:15px;">Test Passed</h1> 
Click on enter_mobile_no
verify right_arrow is enable
<h1 style="color:green;font-size:15px;">Test Passed</h1> 
Click on right_arrow
Click on enter_the_code_text_box
verify right_arrow is enable
<h1 style="color:green;font-size:15px;">Test Passed</h1> 
Click on right_arrow
Click on music_playlist
verify playlist_name is enable
<h1 style="color:green;font-size:15px;">Test Passed</h1> 
Click on sign_in
verify phone is displayed
<h1 style="color:green;font-size:15px;">Test Passed</h1> 
verify email is displayed
<h1 style="color:green;font-size:15px;">Test Passed</h1> 
Click on enter_mobile_no
verify right_arrow is enable
<h1 style="color:green;font-size:15px;">Test Passed</h1> 
Click on right_arrow
Click on enter_the_code_text_box
verify right_arrow is enable
<h1 style="color:green;font-size:15px;">Test Passed</h1> 
Click on right_arrow
Click on music_playlist
verify playlist_name is enable
<h1 style="color:green;font-size:15px;">Test Passed</h1> 
Click on sign_in
verify phone is displayed
<h1 style="color:green;font-size:15px;">Test Passed</h1> 
verify email is displayed
<h1 style="color:green;font-size:15px;">Test Passed</h1> 
Click on enter_mobile_no
verify right_arrow is enable
<h1 style="color:green;font-size:15px;">Test Passed</h1> 
Click on right_arrow
Click on enter_the_code_text_box
verify right_arrow is enable
<h1 style="color:green;font-size:15px;">Test Passed</h1> 
Click on right_arrow
Click on music_playlist
verify playlist_name is enable
<h1 style="color:green;font-size:15px;">Test Passed</h1> 
Click on cancel
Click on sign_in
verify phone is displayed
<h1 style="color:green;font-size:15px;">Test Passed</h1> 
verify email is displayed
<h1 style="color:green;font-size:15px;">Test Passed</h1> 
Click on enter_mobile_no
verify right_arrow is enable
<h1 style="color:green;font-size:15px;">Test Passed</h1> 
Click on right_arrow
Click on enter_the_code_text_box
verify right_arrow is enable
<h1 style="color:green;font-size:15px;">Test Passed</h1> 
Click on right_arrow
Click on music_playlist
verify playlist_name is enable
<h1 style="color:green;font-size:15px;">Test Passed</h1> 
verify give_your_playlist_a_name is displayed
<h1 style="color:green;font-size:15px;">Test Passed</h1> 
Click on sign_in
verify phone is displayed
<h1 style="color:green;font-size:15px;">Test Passed</h1> 
verify email is displayed
<h1 style="color:green;font-size:15px;">Test Passed</h1> 
Click on enter_mobile_no
verify right_arrow is enable
<h1 style="color:green;font-size:15px;">Test Passed</h1> 
Click on right_arrow
Click on enter_the_code_text_box
verify right_arrow is enable
<h1 style="color:green;font-size:15px;">Test Passed</h1> 
Click on right_arrow
Click on music_playlist
verify playlist_name is enable
<h1 style="color:green;font-size:15px;">Test Passed</h1> 
Click on create
verify add_item_to_playlist is displayed
<h1 style="color:green;font-size:15px;">Test Passed</h1> ]]>
  </system-out>
</testsuite> <!-- mobile.tests.SignInNegativeTest.SignInNegative_Test -->
