<?xml version="1.0" encoding="UTF-8"?>
<!-- Generated by org.testng.reporters.JUnitReportReporter -->
<testsuite hostname="DESKTOP-LSM8SKP" failures="0" tests="12" name="mobile.tests.Onboarding.signin_test" time="813.024" errors="0" timestamp="2024-12-03T18:26:54 IST" skipped="0">
  <testcase classname="mobile.tests.Onboarding.signin_test" name="Verify_that_the_user_Sign_in_with_valid_Email_OB_004" time="67.337">
    <system-out>
      <![CDATA[Click on sign_in
Click on email
Click on enter_email_id
verify right_arrow is enable
<h1 style="color:green;font-size:15px;">Test Passed</h1> 
Click on right_arrow
Click on enter_the_code_text_box
verify right_arrow is enable
<h1 style="color:green;font-size:15px;">Test Passed</h1> 
Click on right_arrow
verify customise_your_experience is displayed
<h1 style="color:green;font-size:15px;">Test Passed</h1> ]]>
    </system-out>
  </testcase> <!-- Verify_that_the_user_Sign_in_with_valid_Email_OB_004 -->
  <testcase classname="mobile.tests.Onboarding.signin_test" name="Verify_that_the_user_tap_on_the_Get_Started_button_OB_002" time="28.964">
    <system-out>
      <![CDATA[Click on Get_started
verify sign_in_page is displayed
<h1 style="color:green;font-size:15px;">Test Passed</h1> ]]>
    </system-out>
  </testcase> <!-- Verify_that_the_user_tap_on_the_Get_Started_button_OB_002 -->
  <testcase classname="mobile.tests.Onboarding.signin_test" name="Verify_that_the_user_tap_on_the_Sign_In_button_OB_003" time="33.231">
    <system-out>
      <![CDATA[Click on sign_in
verify sign_in_page is displayed
<h1 style="color:green;font-size:15px;">Test Passed</h1> ]]>
    </system-out>
  </testcase> <!-- Verify_that_the_user_tap_on_the_Sign_In_button_OB_003 -->
  <testcase classname="mobile.tests.Onboarding.signin_test" name="Verify_that_the_user_open_the_installed_app_OB_001" time="50.027">
    <system-out>
      <![CDATA[verify Get_started is displayed
<h1 style="color:green;font-size:15px;">Test Passed</h1> 
verify welcome_to_level_supermind is displayed
<h1 style="color:green;font-size:15px;">Test Passed</h1> 
verify learn_from_experts is displayed
<h1 style="color:green;font-size:15px;">Test Passed</h1> 
verify meditation is displayed
<h1 style="color:green;font-size:15px;">Test Passed</h1> 
verify workouts is displayed
<h1 style="color:green;font-size:15px;">Test Passed</h1> 
verify sign_in is displayed
<h1 style="color:green;font-size:15px;">Test Passed</h1> ]]>
    </system-out>
  </testcase> <!-- Verify_that_the_user_open_the_installed_app_OB_001 -->
  <testcase classname="mobile.tests.Onboarding.signin_test" name="Verify_that_the_user_tap_on_the_terms_and_conditions_hyperlink_on_Tell_us_about_yourself_for_personalised_recommendations_screen_OB_016" time="80.252">
    <system-out>
      <![CDATA[Click on sign_in
Click on email
Click on enter_email_id
verify right_arrow is enable
<h1 style="color:green;font-size:15px;">Test Passed</h1> 
Click on right_arrow
Click on enter_the_code_text_box
verify right_arrow is enable
<h1 style="color:green;font-size:15px;">Test Passed</h1> 
Click on right_arrow]]>
    </system-out>
  </testcase> <!-- Verify_that_the_user_tap_on_the_terms_and_conditions_hyperlink_on_Tell_us_about_yourself_for_personalised_recommendations_screen_OB_016 -->
  <testcase classname="mobile.tests.Onboarding.signin_test" name="Verify_that_the_user_enter_the_valid_referral_code_on_on_Tell_us_about_yourself_for_personalised_recommendations_screen_OB_017" time="77.946">
    <system-out>
      <![CDATA[Click on sign_in
Click on email
Click on enter_email_id
verify right_arrow is enable
<h1 style="color:green;font-size:15px;">Test Passed</h1> 
Click on right_arrow
Click on enter_the_code_text_box
verify right_arrow is enable
<h1 style="color:green;font-size:15px;">Test Passed</h1> 
Click on right_arrow
Click on your_name_text_field
Click on your_phone_number
Click on female]]>
    </system-out>
  </testcase> <!-- Verify_that_the_user_enter_the_valid_referral_code_on_on_Tell_us_about_yourself_for_personalised_recommendations_screen_OB_017 -->
  <testcase classname="mobile.tests.Onboarding.signin_test" name="Verify_that_the_user_Enter_correct_name_in_your_Name_field_on_Tell_us_about_yourself_for_personalised_recommendations_screen_OB_009" time="102.192">
    <system-out>
      <![CDATA[Click on sign_in
Click on email
Click on enter_email_id
verify right_arrow is enable
<h1 style="color:green;font-size:15px;">Test Passed</h1> 
Click on right_arrow
Click on enter_the_code_text_box
verify right_arrow is enable
<h1 style="color:green;font-size:15px;">Test Passed</h1> 
Click on right_arrow
verify customise_your_experience is displayed
<h1 style="color:green;font-size:15px;">Test Passed</h1> 
Click on your_name_text_field
Click on your_phone_number
Click on female
Click on check_box_of_I_agree_receive_marketing
Click on check_box_of_I_agree_receive_marketing
Click on check_box_of_I_agree_to_the_terms_and_conditions
Click on check_box_of_I_agree_to_the_terms_and_conditions
verify right_arrow is enable
<h1 style="color:green;font-size:15px;">Test Passed</h1> 
Click on right_arrow]]>
    </system-out>
  </testcase> <!-- Verify_that_the_user_Enter_correct_name_in_your_Name_field_on_Tell_us_about_yourself_for_personalised_recommendations_screen_OB_009 -->
  <testcase classname="mobile.tests.Onboarding.signin_test" name="Verify_that_the_user_Sign_with_invalid_Phone_number_OB_007" time="39.948">
    <system-out>
      <![CDATA[Click on sign_in
Click on enter_mobile_no]]>
    </system-out>
  </testcase> <!-- Verify_that_the_user_Sign_with_invalid_Phone_number_OB_007 -->
  <testcase classname="mobile.tests.Onboarding.signin_test" name="Verify_that_the_user_select_only_three_type_of_meditations_from_the_What_type_of_meditations_are_you_looking_for_screen_and_tap_on_right_arrow_icon_OB_019" time="110.956">
    <system-out>
      <![CDATA[Click on sign_in
Click on email
Click on enter_email_id
verify right_arrow is enable
<h1 style="color:green;font-size:15px;">Test Passed</h1> 
Click on right_arrow
Click on enter_the_code_text_box
verify right_arrow is enable
<h1 style="color:green;font-size:15px;">Test Passed</h1> 
Click on right_arrow
Click on your_name_text_field
Click on your_phone_number
Click on female
verify right_arrow is enable
<h1 style="color:green;font-size:15px;">Test Passed</h1> 
Click on right_arrow
Click on stress_and_anxiety
Click on focus_and_productivity
Click on Relaxation
verify right_arrow is enable
<h1 style="color:green;font-size:15px;">Test Passed</h1> 
Click on right_arrow
Click on stress_relief
verify right_arrow is enable
<h1 style="color:green;font-size:15px;">Test Passed</h1> 
Click on right_arrow
verify thank_you is displayed
<h1 style="color:green;font-size:15px;">Test Passed</h1> 
Click on show_all_plan]]>
    </system-out>
  </testcase> <!-- Verify_that_the_user_select_only_three_type_of_meditations_from_the_What_type_of_meditations_are_you_looking_for_screen_and_tap_on_right_arrow_icon_OB_019 -->
  <testcase classname="mobile.tests.Onboarding.signin_test" name="Verify_that_the_user_Sign_in_with_invalid_Email_OB_005" time="43.698">
    <system-out>
      <![CDATA[Click on sign_in
Click on email
Click on enter_email_id]]>
    </system-out>
  </testcase> <!-- Verify_that_the_user_Sign_in_with_invalid_Email_OB_005 -->
  <testcase classname="mobile.tests.Onboarding.signin_test" name="Verify_that_the_user_Sign_with_valid_Phone_number_OB_006" time="92.619">
    <system-out>
      <![CDATA[Click on sign_in
Click on enter_mobile_no
verify right_arrow is enable
<h1 style="color:green;font-size:15px;">Test Passed</h1> 
Click on right_arrow
Click on enter_the_code_text_box
verify right_arrow is enable
<h1 style="color:green;font-size:15px;">Test Passed</h1> 
Click on right_arrow]]>
    </system-out>
  </testcase> <!-- Verify_that_the_user_Sign_with_valid_Phone_number_OB_006 -->
  <testcase classname="mobile.tests.Onboarding.signin_test" name="Verify_that_the_user_uncheck_the_checkbox_of_I_agree_to_receive_marketing_communications_from_Level_SuperMind_on_Tell_us_about_yourself_for_personalised_recommendations_screen_OB_014_and_OB_015" time="85.854">
    <system-out>
      <![CDATA[Click on sign_in
Click on email
Click on enter_email_id
verify right_arrow is enable
<h1 style="color:green;font-size:15px;">Test Passed</h1> 
Click on right_arrow
Click on enter_the_code_text_box
verify right_arrow is enable
<h1 style="color:green;font-size:15px;">Test Passed</h1> 
Click on right_arrow
verify customise_your_experience is displayed
<h1 style="color:green;font-size:15px;">Test Passed</h1> 
Click on your_name_text_field
Click on your_phone_number
Click on female
Click on check_box_of_I_agree_receive_marketing
Click on check_box_of_I_agree_to_the_terms_and_conditions]]>
    </system-out>
  </testcase> <!-- Verify_that_the_user_uncheck_the_checkbox_of_I_agree_to_receive_marketing_communications_from_Level_SuperMind_on_Tell_us_about_yourself_for_personalised_recommendations_screen_OB_014_and_OB_015 -->
  <system-out>
    <![CDATA[verify Get_started is displayed
<h1 style="color:green;font-size:15px;">Test Passed</h1> 
verify welcome_to_level_supermind is displayed
<h1 style="color:green;font-size:15px;">Test Passed</h1> 
verify learn_from_experts is displayed
<h1 style="color:green;font-size:15px;">Test Passed</h1> 
verify meditation is displayed
<h1 style="color:green;font-size:15px;">Test Passed</h1> 
verify workouts is displayed
<h1 style="color:green;font-size:15px;">Test Passed</h1> 
verify sign_in is displayed
<h1 style="color:green;font-size:15px;">Test Passed</h1> 
Click on Get_started
verify sign_in_page is displayed
<h1 style="color:green;font-size:15px;">Test Passed</h1> 
Click on sign_in
verify sign_in_page is displayed
<h1 style="color:green;font-size:15px;">Test Passed</h1> 
Click on sign_in
Click on email
Click on enter_email_id
verify right_arrow is enable
<h1 style="color:green;font-size:15px;">Test Passed</h1> 
Click on right_arrow
Click on enter_the_code_text_box
verify right_arrow is enable
<h1 style="color:green;font-size:15px;">Test Passed</h1> 
Click on right_arrow
verify customise_your_experience is displayed
<h1 style="color:green;font-size:15px;">Test Passed</h1> 
Click on sign_in
Click on email
Click on enter_email_id
Click on sign_in
Click on enter_mobile_no
verify right_arrow is enable
<h1 style="color:green;font-size:15px;">Test Passed</h1> 
Click on right_arrow
Click on enter_the_code_text_box
verify right_arrow is enable
<h1 style="color:green;font-size:15px;">Test Passed</h1> 
Click on right_arrow
Click on sign_in
Click on enter_mobile_no
Click on sign_in
Click on email
Click on enter_email_id
verify right_arrow is enable
<h1 style="color:green;font-size:15px;">Test Passed</h1> 
Click on right_arrow
Click on enter_the_code_text_box
verify right_arrow is enable
<h1 style="color:green;font-size:15px;">Test Passed</h1> 
Click on right_arrow
verify customise_your_experience is displayed
<h1 style="color:green;font-size:15px;">Test Passed</h1> 
Click on your_name_text_field
Click on your_phone_number
Click on female
Click on check_box_of_I_agree_receive_marketing
Click on check_box_of_I_agree_receive_marketing
Click on check_box_of_I_agree_to_the_terms_and_conditions
Click on check_box_of_I_agree_to_the_terms_and_conditions
verify right_arrow is enable
<h1 style="color:green;font-size:15px;">Test Passed</h1> 
Click on right_arrow
Click on sign_in
Click on email
Click on enter_email_id
verify right_arrow is enable
<h1 style="color:green;font-size:15px;">Test Passed</h1> 
Click on right_arrow
Click on enter_the_code_text_box
verify right_arrow is enable
<h1 style="color:green;font-size:15px;">Test Passed</h1> 
Click on right_arrow
verify customise_your_experience is displayed
<h1 style="color:green;font-size:15px;">Test Passed</h1> 
Click on your_name_text_field
Click on your_phone_number
Click on female
Click on check_box_of_I_agree_receive_marketing
Click on check_box_of_I_agree_to_the_terms_and_conditions
Click on sign_in
Click on email
Click on enter_email_id
verify right_arrow is enable
<h1 style="color:green;font-size:15px;">Test Passed</h1> 
Click on right_arrow
Click on enter_the_code_text_box
verify right_arrow is enable
<h1 style="color:green;font-size:15px;">Test Passed</h1> 
Click on right_arrow
Click on sign_in
Click on email
Click on enter_email_id
verify right_arrow is enable
<h1 style="color:green;font-size:15px;">Test Passed</h1> 
Click on right_arrow
Click on enter_the_code_text_box
verify right_arrow is enable
<h1 style="color:green;font-size:15px;">Test Passed</h1> 
Click on right_arrow
Click on your_name_text_field
Click on your_phone_number
Click on female
Click on sign_in
Click on email
Click on enter_email_id
verify right_arrow is enable
<h1 style="color:green;font-size:15px;">Test Passed</h1> 
Click on right_arrow
Click on enter_the_code_text_box
verify right_arrow is enable
<h1 style="color:green;font-size:15px;">Test Passed</h1> 
Click on right_arrow
Click on your_name_text_field
Click on your_phone_number
Click on female
verify right_arrow is enable
<h1 style="color:green;font-size:15px;">Test Passed</h1> 
Click on right_arrow
Click on stress_and_anxiety
Click on focus_and_productivity
Click on Relaxation
verify right_arrow is enable
<h1 style="color:green;font-size:15px;">Test Passed</h1> 
Click on right_arrow
Click on stress_relief
verify right_arrow is enable
<h1 style="color:green;font-size:15px;">Test Passed</h1> 
Click on right_arrow
verify thank_you is displayed
<h1 style="color:green;font-size:15px;">Test Passed</h1> 
Click on show_all_plan]]>
  </system-out>
</testsuite> <!-- mobile.tests.Onboarding.signin_test -->
