<?xml version="1.0" encoding="UTF-8"?>
<!-- Generated by org.testng.reporters.JUnitReportReporter -->
<testsuite hostname="DESKTOP-LSM8SKP" failures="0" tests="27" name="mobile.tests.Meditations.Meditations_Test" time="22.175" errors="2" timestamp="2024-11-18T17:35:06 IST" skipped="25">
  <testcase classname="mobile.tests.Meditations.Meditations_Test" name="Verify_that_the_user_apply_the_filter_by_Meditation_Series_and_Sort_by_Previously_Played_on_Mindfulness_screen_Mind_008" time="22.150">
    <skipped/>
  </testcase> <!-- Verify_that_the_user_apply_the_filter_by_Meditation_Series_and_Sort_by_Previously_Played_on_Mindfulness_screen_Mind_008 -->
  <testcase classname="mobile.tests.Meditations.Meditations_Test" name="Verify_that_the_user_search_for_the_coach_by_coach_name_Mind_026" time="0.000">
    <skipped/>
  </testcase> <!-- Verify_that_the_user_search_for_the_coach_by_coach_name_Mind_026 -->
  <testcase classname="mobile.tests.Meditations.Meditations_Test" name="Verify_that_the_user_tap_on_the_Bengali_language_tab_Mind_020" time="0.000">
    <skipped/>
  </testcase> <!-- Verify_that_the_user_tap_on_the_Bengali_language_tab_Mind_020 -->
  <testcase classname="mobile.tests.Meditations.Meditations_Test" name="Verify_that_the_user_apply_the_filter_by_Quick_Picks_and_Sort_by_Previously_Played_on_Mindfulness_screen_Mind_011" time="0.000">
    <skipped/>
  </testcase> <!-- Verify_that_the_user_apply_the_filter_by_Quick_Picks_and_Sort_by_Previously_Played_on_Mindfulness_screen_Mind_011 -->
  <testcase classname="mobile.tests.Meditations.Meditations_Test" name="Verify_that_the_user_tap_on_the_Meditation_footer_menu_Mind_001" time="0.000">
    <skipped/>
  </testcase> <!-- Verify_that_the_user_tap_on_the_Meditation_footer_menu_Mind_001 -->
  <testcase classname="mobile.tests.Meditations.Meditations_Test" name="Verify_that_the_user_apply_the_filter_by_Both_Default_and_Sort_by_Newest_on_Mindfulness_screen_Mind_012" time="0.001">
    <skipped/>
  </testcase> <!-- Verify_that_the_user_apply_the_filter_by_Both_Default_and_Sort_by_Newest_on_Mindfulness_screen_Mind_012 -->
  <testcase classname="mobile.tests.Meditations.Meditations_Test" name="Verify_that_the_user_search_for_meditations_mantras_pranayama_using_search_field_Mind_002" time="0.000">
    <skipped/>
  </testcase> <!-- Verify_that_the_user_search_for_meditations_mantras_pranayama_using_search_field_Mind_002 -->
  <testcase classname="mobile.tests.Meditations.Meditations_Test" name="Verify_that_the_user_tap_on_the_Hindi_language_tab_Mind_017" time="0.000">
    <skipped/>
  </testcase> <!-- Verify_that_the_user_tap_on_the_Hindi_language_tab_Mind_017 -->
  <testcase classname="mobile.tests.Meditations.Meditations_Test" name="Verify_that_the_user_tap_on_the_English_language_tab_Mind_016" time="0.000">
    <skipped/>
  </testcase> <!-- Verify_that_the_user_tap_on_the_English_language_tab_Mind_016 -->
  <testcase classname="mobile.tests.Meditations.Meditations_Test" name="Verify_that_the_user_Start_the_Meditation_Timer_for_the_practice_Mind_023" time="0.000">
    <skipped/>
  </testcase> <!-- Verify_that_the_user_Start_the_Meditation_Timer_for_the_practice_Mind_023 -->
  <testcase classname="mobile.tests.Meditations.Meditations_Test" name="Verify_that_the_user_apply_the_filter_by_Meditation_Series_and_Sort_by_Newest_on_Mindfulness_screen_Mind_006" time="0.000">
    <skipped/>
  </testcase> <!-- Verify_that_the_user_apply_the_filter_by_Meditation_Series_and_Sort_by_Newest_on_Mindfulness_screen_Mind_006 -->
  <testcase classname="mobile.tests.Meditations.Meditations_Test" name="tear_down" time="0.012">
    <error message="Cannot invoke &quot;org.openqa.selenium.WebDriver.quit()&quot; because &quot;this.driver&quot; is null" type="java.lang.NullPointerException">
      <![CDATA[java.lang.NullPointerException: Cannot invoke "org.openqa.selenium.WebDriver.quit()" because "this.driver" is null
at io.unity.framework.init.base.tear_down(base.java:383)
at java.base/jdk.internal.reflect.NativeMethodAccessorImpl.invoke0(Native Method)
at java.base/jdk.internal.reflect.NativeMethodAccessorImpl.invoke(NativeMethodAccessorImpl.java:77)
at java.base/jdk.internal.reflect.DelegatingMethodAccessorImpl.invoke(DelegatingMethodAccessorImpl.java:43)
at java.base/java.lang.reflect.Method.invoke(Method.java:568)
at org.testng.internal.invokers.MethodInvocationHelper.invokeMethod(MethodInvocationHelper.java:139)
at org.testng.internal.invokers.MethodInvocationHelper.invokeMethodConsideringTimeout(MethodInvocationHelper.java:69)
at org.testng.internal.invokers.ConfigInvoker.invokeConfigurationMethod(ConfigInvoker.java:390)
at org.testng.internal.invokers.ConfigInvoker.invokeConfigurations(ConfigInvoker.java:325)
at org.testng.internal.invokers.TestInvoker.runConfigMethods(TestInvoker.java:810)
at org.testng.internal.invokers.TestInvoker.runAfterConfigurations(TestInvoker.java:779)
at org.testng.internal.invokers.TestInvoker.invokeMethod(TestInvoker.java:755)
at org.testng.internal.invokers.TestInvoker.invokeTestMethod(TestInvoker.java:227)
at org.testng.internal.invokers.MethodRunner.runInSequence(MethodRunner.java:50)
at org.testng.internal.invokers.TestInvoker$MethodInvocationAgent.invoke(TestInvoker.java:957)
at org.testng.internal.invokers.TestInvoker.invokeTestMethods(TestInvoker.java:200)
at org.testng.internal.invokers.TestMethodWorker.invokeTestMethods(TestMethodWorker.java:148)
at org.testng.internal.invokers.TestMethodWorker.run(TestMethodWorker.java:128)
at java.base/java.util.ArrayList.forEach(ArrayList.java:1511)
at org.testng.TestRunner.privateRun(TestRunner.java:848)
at org.testng.TestRunner.run(TestRunner.java:621)
at org.testng.SuiteRunner.runTest(SuiteRunner.java:443)
at org.testng.SuiteRunner$SuiteWorker.run(SuiteRunner.java:481)
at org.testng.internal.thread.ThreadUtil.lambda$execute$0(ThreadUtil.java:58)
at java.base/java.util.concurrent.FutureTask.run(FutureTask.java:264)
at java.base/java.util.concurrent.ThreadPoolExecutor.runWorker(ThreadPoolExecutor.java:1136)
at java.base/java.util.concurrent.ThreadPoolExecutor$Worker.run(ThreadPoolExecutor.java:635)
at java.base/java.lang.Thread.run(Thread.java:840)
]]>
    </error>
  </testcase> <!-- tear_down -->
  <testcase classname="mobile.tests.Meditations.Meditations_Test" name="Verify_that_the_user_tap_on_the_Explore_Meditations_button_Mind_005" time="0.000">
    <skipped/>
  </testcase> <!-- Verify_that_the_user_tap_on_the_Explore_Meditations_button_Mind_005 -->
  <testcase classname="mobile.tests.Meditations.Meditations_Test" name="Verify_that_the_user_tap_on_the_Marathi_language_tab_Mind_018" time="0.000">
    <skipped/>
  </testcase> <!-- Verify_that_the_user_tap_on_the_Marathi_language_tab_Mind_018 -->
  <testcase classname="mobile.tests.Meditations.Meditations_Test" name="Verify_that_the_user_play_the_trending_Meditation_series_Mind_028" time="0.000">
    <skipped/>
  </testcase> <!-- Verify_that_the_user_play_the_trending_Meditation_series_Mind_028 -->
  <testcase classname="mobile.tests.Meditations.Meditations_Test" name="Verify_that_the_user_tap_on_the_i_icon_of_any_technique_of_Meditation_Finder_Find_your_style_Mind_004" time="0.000">
    <skipped/>
  </testcase> <!-- Verify_that_the_user_tap_on_the_i_icon_of_any_technique_of_Meditation_Finder_Find_your_style_Mind_004 -->
  <testcase classname="mobile.tests.Meditations.Meditations_Test" name="Verify_that_the_user_apply_the_filter_by_Quick_Picks_and_Sort_by_Newest_on_Mindfulness_screen_Mind_009" time="0.000">
    <skipped/>
  </testcase> <!-- Verify_that_the_user_apply_the_filter_by_Quick_Picks_and_Sort_by_Newest_on_Mindfulness_screen_Mind_009 -->
  <testcase classname="mobile.tests.Meditations.Meditations_Test" name="Verify_that_the_user_apply_the_filter_by_Meditation_Series_and_Sort_by_Unplayed_on_Mindfulness_screen_Mind_007" time="0.001">
    <skipped/>
  </testcase> <!-- Verify_that_the_user_apply_the_filter_by_Meditation_Series_and_Sort_by_Unplayed_on_Mindfulness_screen_Mind_007 -->
  <testcase classname="mobile.tests.Meditations.Meditations_Test" name="Verify_that_the_user_edit_the_What_type_of_meditations_are_you_looking_for_Mind_029" time="0.000">
    <skipped/>
  </testcase> <!-- Verify_that_the_user_edit_the_What_type_of_meditations_are_you_looking_for_Mind_029 -->
  <testcase classname="mobile.tests.Meditations.Meditations_Test" name="Verify_that_the_user_set_a_Playback_Speed_for_the_Digi_Mala_Mind_025" time="0.000">
    <skipped/>
  </testcase> <!-- Verify_that_the_user_set_a_Playback_Speed_for_the_Digi_Mala_Mind_025 -->
  <testcase classname="mobile.tests.Meditations.Meditations_Test" name="Verify_that_the_user_Reset_the_Filter_and_sort_Mind_015" time="0.010">
    <error message="Cannot invoke &quot;org.openqa.selenium.WebDriver.manage()&quot; because &quot;this.driver&quot; is null" type="java.lang.NullPointerException">
      <![CDATA[java.lang.NullPointerException: Cannot invoke "org.openqa.selenium.WebDriver.manage()" because "this.driver" is null
at mobile.tests.Meditations.Meditations_Test.Verify_that_the_user_Reset_the_Filter_and_sort_Mind_015(Meditations_Test.java:387)
at java.base/jdk.internal.reflect.NativeMethodAccessorImpl.invoke0(Native Method)
at java.base/jdk.internal.reflect.NativeMethodAccessorImpl.invoke(NativeMethodAccessorImpl.java:77)
at java.base/jdk.internal.reflect.DelegatingMethodAccessorImpl.invoke(DelegatingMethodAccessorImpl.java:43)
at java.base/java.lang.reflect.Method.invoke(Method.java:568)
at org.testng.internal.invokers.MethodInvocationHelper.invokeMethod(MethodInvocationHelper.java:139)
at org.testng.internal.invokers.TestInvoker.invokeMethod(TestInvoker.java:664)
at org.testng.internal.invokers.TestInvoker.invokeTestMethod(TestInvoker.java:227)
at org.testng.internal.invokers.MethodRunner.runInSequence(MethodRunner.java:50)
at org.testng.internal.invokers.TestInvoker$MethodInvocationAgent.invoke(TestInvoker.java:957)
at org.testng.internal.invokers.TestInvoker.invokeTestMethods(TestInvoker.java:200)
at org.testng.internal.invokers.TestMethodWorker.invokeTestMethods(TestMethodWorker.java:148)
at org.testng.internal.invokers.TestMethodWorker.run(TestMethodWorker.java:128)
at java.base/java.util.ArrayList.forEach(ArrayList.java:1511)
at org.testng.TestRunner.privateRun(TestRunner.java:848)
at org.testng.TestRunner.run(TestRunner.java:621)
at org.testng.SuiteRunner.runTest(SuiteRunner.java:443)
at org.testng.SuiteRunner$SuiteWorker.run(SuiteRunner.java:481)
at org.testng.internal.thread.ThreadUtil.lambda$execute$0(ThreadUtil.java:58)
at java.base/java.util.concurrent.FutureTask.run(FutureTask.java:264)
at java.base/java.util.concurrent.ThreadPoolExecutor.runWorker(ThreadPoolExecutor.java:1136)
at java.base/java.util.concurrent.ThreadPoolExecutor$Worker.run(ThreadPoolExecutor.java:635)
at java.base/java.lang.Thread.run(Thread.java:840)
]]>
    </error>
  </testcase> <!-- Verify_that_the_user_Reset_the_Filter_and_sort_Mind_015 -->
  <testcase classname="mobile.tests.Meditations.Meditations_Test" name="Verify_that_the_user_share_a_Breakdown_at_work_Find_out_here_Mind_027" time="0.000">
    <skipped/>
  </testcase> <!-- Verify_that_the_user_share_a_Breakdown_at_work_Find_out_here_Mind_027 -->
  <testcase classname="mobile.tests.Meditations.Meditations_Test" name="Verify_that_the_user_tap_on_the_Gujarati_language_tab_Mind_019" time="0.000">
    <skipped/>
  </testcase> <!-- Verify_that_the_user_tap_on_the_Gujarati_language_tab_Mind_019 -->
  <testcase classname="mobile.tests.Meditations.Meditations_Test" name="Verify_that_the_user_user_tap_on_the_any_technique_of_Meditation_Finder_Find_your_style_Mind_003" time="0.000">
    <skipped/>
  </testcase> <!-- Verify_that_the_user_user_tap_on_the_any_technique_of_Meditation_Finder_Find_your_style_Mind_003 -->
  <testcase classname="mobile.tests.Meditations.Meditations_Test" name="Verify_that_the_user_apply_the_filter_by_Both_Default_and_Sort_by_Previously_Played_on_Mindfulness_screen_Mind_014" time="0.000">
    <skipped/>
  </testcase> <!-- Verify_that_the_user_apply_the_filter_by_Both_Default_and_Sort_by_Previously_Played_on_Mindfulness_screen_Mind_014 -->
  <testcase classname="mobile.tests.Meditations.Meditations_Test" name="Verify_that_the_user_apply_the_filter_by_Both_Default_and_Sort_by_Unplayed_on_Mindfulness_screen_Mind_013" time="0.001">
    <skipped/>
  </testcase> <!-- Verify_that_the_user_apply_the_filter_by_Both_Default_and_Sort_by_Unplayed_on_Mindfulness_screen_Mind_013 -->
  <testcase classname="mobile.tests.Meditations.Meditations_Test" name="Verify_that_the_user_apply_the_filter_by_Quick_Picks_and_Sort_by_Unplayed_on_Mindfulness_screen_Mind_010" time="0.000">
    <skipped/>
  </testcase> <!-- Verify_that_the_user_apply_the_filter_by_Quick_Picks_and_Sort_by_Unplayed_on_Mindfulness_screen_Mind_010 -->
</testsuite> <!-- mobile.tests.Meditations.Meditations_Test -->
