<?xml version="1.0" encoding="UTF-8"?>
<!-- Generated by org.testng.reporters.JUnitReportReporter -->
<testsuite hostname="DESKTOP-LSM8SKP" failures="0" tests="42" name="mobile.tests.Sleep_Playlist.Sleep_Playlist_Test" time="20.800" errors="2" timestamp="2024-11-18T17:35:06 IST" skipped="40">
  <testcase classname="mobile.tests.Sleep_Playlist.Sleep_Playlist_Test" name="To_verify_when_the_user_try_to_tap_on_the_Save_button_after_removing_the_playlist_SLP_PL_038" time="20.794">
    <skipped/>
  </testcase> <!-- To_verify_when_the_user_try_to_tap_on_the_Save_button_after_removing_the_playlist_SLP_PL_038 -->
  <testcase classname="mobile.tests.Sleep_Playlist.Sleep_Playlist_Test" name="To_verify_when_the_user_taps_on_the_Add_music_plus_button_on_the_any_music_track_from_the_expanded_music_list_SLP_PL_015" time="0.000">
    <skipped/>
  </testcase> <!-- To_verify_when_the_user_taps_on_the_Add_music_plus_button_on_the_any_music_track_from_the_expanded_music_list_SLP_PL_015 -->
  <testcase classname="mobile.tests.Sleep_Playlist.Sleep_Playlist_Test" name="To_verify_when_the_user_taps_on_the_Close_icon_on_the_bottom_sheet_SLP_PL_026" time="0.000">
    <skipped/>
  </testcase> <!-- To_verify_when_the_user_taps_on_the_Close_icon_on_the_bottom_sheet_SLP_PL_026 -->
  <testcase classname="mobile.tests.Sleep_Playlist.Sleep_Playlist_Test" name="To_verify_when_the_user_taps_on_the_plus_Add_to_this_Playlist_option_on_the_bottom_sheet_SLP_PL_027" time="0.000">
    <skipped/>
  </testcase> <!-- To_verify_when_the_user_taps_on_the_plus_Add_to_this_Playlist_option_on_the_bottom_sheet_SLP_PL_027 -->
  <testcase classname="mobile.tests.Sleep_Playlist.Sleep_Playlist_Test" name="To_verify_when_the_user_try_to_taping_on_the_Go_To_Playlist_button_without_selecting_any_music_track_SLP_PL_019" time="0.000">
    <skipped/>
  </testcase> <!-- To_verify_when_the_user_try_to_taping_on_the_Go_To_Playlist_button_without_selecting_any_music_track_SLP_PL_019 -->
  <testcase classname="mobile.tests.Sleep_Playlist.Sleep_Playlist_Test" name="To_verify_when_the_user_enters_the_any_keyword_in_search_field_of_the_Add_item_to_playlist_screen_SLP_PL_009" time="0.000">
    <skipped/>
  </testcase> <!-- To_verify_when_the_user_enters_the_any_keyword_in_search_field_of_the_Add_item_to_playlist_screen_SLP_PL_009 -->
  <testcase classname="mobile.tests.Sleep_Playlist.Sleep_Playlist_Test" name="To_verify_the_UI_of_theCreate_Playlist_screen_SLP_PL_003" time="0.000">
    <skipped/>
  </testcase> <!-- To_verify_the_UI_of_theCreate_Playlist_screen_SLP_PL_003 -->
  <testcase classname="mobile.tests.Sleep_Playlist.Sleep_Playlist_Test" name="To_verify_when_the_user_taps_on_the_Create_Playlist_button_on_the_Your_Playlist_section_SLP_PL_002" time="0.000">
    <skipped/>
  </testcase> <!-- To_verify_when_the_user_taps_on_the_Create_Playlist_button_on_the_Your_Playlist_section_SLP_PL_002 -->
  <testcase classname="mobile.tests.Sleep_Playlist.Sleep_Playlist_Test" name="To_verify_the_UI_of_the_delete_playlist_confirmation_popup_SLP_PL_029" time="0.000">
    <skipped/>
  </testcase> <!-- To_verify_the_UI_of_the_delete_playlist_confirmation_popup_SLP_PL_029 -->
  <testcase classname="mobile.tests.Sleep_Playlist.Sleep_Playlist_Test" name="To_verify_when_the_use_taps_on_the_Playlist_Name_filed_SLP_PL_004" time="0.000">
    <skipped/>
  </testcase> <!-- To_verify_when_the_use_taps_on_the_Playlist_Name_filed_SLP_PL_004 -->
  <testcase classname="mobile.tests.Sleep_Playlist.Sleep_Playlist_Test" name="To_verify_that_the_user_is_able_to_add_the_any_currently_played_track_after_creating_new_playlist_SLP_PL_050" time="0.003">
    <error message="Cannot invoke &quot;org.openqa.selenium.WebDriver.manage()&quot; because &quot;this.driver&quot; is null" type="java.lang.NullPointerException">
      <![CDATA[java.lang.NullPointerException: Cannot invoke "org.openqa.selenium.WebDriver.manage()" because "this.driver" is null
at mobile.tests.Sleep_Playlist.Sleep_Playlist_Test.To_verify_that_the_user_is_able_to_add_the_any_currently_played_track_after_creating_new_playlist_SLP_PL_050(Sleep_Playlist_Test.java:1356)
at java.base/jdk.internal.reflect.NativeMethodAccessorImpl.invoke0(Native Method)
at java.base/jdk.internal.reflect.NativeMethodAccessorImpl.invoke(NativeMethodAccessorImpl.java:77)
at java.base/jdk.internal.reflect.DelegatingMethodAccessorImpl.invoke(DelegatingMethodAccessorImpl.java:43)
at java.base/java.lang.reflect.Method.invoke(Method.java:568)
at org.testng.internal.invokers.MethodInvocationHelper.invokeMethod(MethodInvocationHelper.java:139)
at org.testng.internal.invokers.TestInvoker.invokeMethod(TestInvoker.java:664)
at org.testng.internal.invokers.TestInvoker.invokeTestMethod(TestInvoker.java:227)
at org.testng.internal.invokers.MethodRunner.runInSequence(MethodRunner.java:50)
at org.testng.internal.invokers.TestInvoker$MethodInvocationAgent.invoke(TestInvoker.java:957)
at org.testng.internal.invokers.TestInvoker.invokeTestMethods(TestInvoker.java:200)
at org.testng.internal.invokers.TestMethodWorker.invokeTestMethods(TestMethodWorker.java:148)
at org.testng.internal.invokers.TestMethodWorker.run(TestMethodWorker.java:128)
at java.base/java.util.ArrayList.forEach(ArrayList.java:1511)
at org.testng.TestRunner.privateRun(TestRunner.java:848)
at org.testng.TestRunner.run(TestRunner.java:621)
at org.testng.SuiteRunner.runTest(SuiteRunner.java:443)
at org.testng.SuiteRunner$SuiteWorker.run(SuiteRunner.java:481)
at org.testng.internal.thread.ThreadUtil.lambda$execute$0(ThreadUtil.java:58)
at java.base/java.util.concurrent.FutureTask.run(FutureTask.java:264)
at java.base/java.util.concurrent.ThreadPoolExecutor.runWorker(ThreadPoolExecutor.java:1136)
at java.base/java.util.concurrent.ThreadPoolExecutor$Worker.run(ThreadPoolExecutor.java:635)
at java.base/java.lang.Thread.run(Thread.java:840)
]]>
    </error>
  </testcase> <!-- To_verify_that_the_user_is_able_to_add_the_any_currently_played_track_after_creating_new_playlist_SLP_PL_050 -->
  <testcase classname="mobile.tests.Sleep_Playlist.Sleep_Playlist_Test" name="To_verify_when_the_user_taps_on_the_Remove_Filters_button_in_the_expanded_music_track_list_SLP_PL_017" time="0.000">
    <skipped/>
  </testcase> <!-- To_verify_when_the_user_taps_on_the_Remove_Filters_button_in_the_expanded_music_track_list_SLP_PL_017 -->
  <testcase classname="mobile.tests.Sleep_Playlist.Sleep_Playlist_Test" name="To_verify_when_the_user_taps_on_the_x_Remove_icon_on_the_any_available_track_in_the_playlist_SLP_PL_036" time="0.000">
    <skipped/>
  </testcase> <!-- To_verify_when_the_user_taps_on_the_x_Remove_icon_on_the_any_available_track_in_the_playlist_SLP_PL_036 -->
  <testcase classname="mobile.tests.Sleep_Playlist.Sleep_Playlist_Test" name="To_verify_when_user_try_to_taps_on_the_Create_Button_on_the_Create_Playlist_screen_without_entering_any_data_in_the_Playlist_Name_field_SLP_PL_006" time="0.000">
    <skipped/>
  </testcase> <!-- To_verify_when_user_try_to_taps_on_the_Create_Button_on_the_Create_Playlist_screen_without_entering_any_data_in_the_Playlist_Name_field_SLP_PL_006 -->
  <testcase classname="mobile.tests.Sleep_Playlist.Sleep_Playlist_Test" name="To_verify_when_the_user_tap_on_the_Save_button_after_removing_the_tracks_in_the_playlist_SLP_PL_040" time="0.000">
    <skipped/>
  </testcase> <!-- To_verify_when_the_user_tap_on_the_Save_button_after_removing_the_tracks_in_the_playlist_SLP_PL_040 -->
  <testcase classname="mobile.tests.Sleep_Playlist.Sleep_Playlist_Test" name="To_verify_when_the_user_taps_on_the_any_language_filter_below_the_search_field_SLP_PL_010_and_SLP_PL_011" time="0.000">
    <skipped/>
  </testcase> <!-- To_verify_when_the_user_taps_on_the_any_language_filter_below_the_search_field_SLP_PL_010_and_SLP_PL_011 -->
  <testcase classname="mobile.tests.Sleep_Playlist.Sleep_Playlist_Test" name="To_verify_when_the_user_taps_on_the_More_Vert_icon_beside_the_playlist_name_SLP_PL_023" time="0.000">
    <skipped/>
  </testcase> <!-- To_verify_when_the_user_taps_on_the_More_Vert_icon_beside_the_playlist_name_SLP_PL_023 -->
  <testcase classname="mobile.tests.Sleep_Playlist.Sleep_Playlist_Test" name="To_verify_when_the_user_taps_on_the_Yes_delete_playlist_button_on_the_delete_playlist_confirmation_popup_SLP_PL_031" time="0.000">
    <skipped/>
  </testcase> <!-- To_verify_when_the_user_taps_on_the_Yes_delete_playlist_button_on_the_delete_playlist_confirmation_popup_SLP_PL_031 -->
  <testcase classname="mobile.tests.Sleep_Playlist.Sleep_Playlist_Test" name="To_verify_when_the_user_taps_swaps_left_from_the_categories_Screen_SLP_PL_018" time="0.000">
    <skipped/>
  </testcase> <!-- To_verify_when_the_user_taps_swaps_left_from_the_categories_Screen_SLP_PL_018 -->
  <testcase classname="mobile.tests.Sleep_Playlist.Sleep_Playlist_Test" name="To_verify_when_the_user_taps_on_the_Close_icon_on_the_bottom_sheet_SLP_PL_043" time="0.000">
    <skipped/>
  </testcase> <!-- To_verify_when_the_user_taps_on_the_Close_icon_on_the_bottom_sheet_SLP_PL_043 -->
  <testcase classname="mobile.tests.Sleep_Playlist.Sleep_Playlist_Test" name="To_verify_when_the_user_taps_on_the_More_Vert_icon_on_the_any_added_track_from_the_playlist_SLP_PL_042" time="0.000">
    <skipped/>
  </testcase> <!-- To_verify_when_the_user_taps_on_the_More_Vert_icon_on_the_any_added_track_from_the_playlist_SLP_PL_042 -->
  <testcase classname="mobile.tests.Sleep_Playlist.Sleep_Playlist_Test" name="To_verify_when_the_user_taps_on_the_Play_button_SLP_PL_024" time="0.000">
    <skipped/>
  </testcase> <!-- To_verify_when_the_user_taps_on_the_Play_button_SLP_PL_024 -->
  <testcase classname="mobile.tests.Sleep_Playlist.Sleep_Playlist_Test" name="To_verify_when_the_user_taps_on_the_Cancel_button_SLP_PL_005" time="0.000">
    <skipped/>
  </testcase> <!-- To_verify_when_the_user_taps_on_the_Cancel_button_SLP_PL_005 -->
  <testcase classname="mobile.tests.Sleep_Playlist.Sleep_Playlist_Test" name="To_verify_when_user_try_to_taps_on_the_Create_Button_on_the_Create_Playlist_screen_after_entering_any_data_in_the_Playlist_Name_field_SLP_PL_007" time="0.000">
    <skipped/>
  </testcase> <!-- To_verify_when_user_try_to_taps_on_the_Create_Button_on_the_Create_Playlist_screen_after_entering_any_data_in_the_Playlist_Name_field_SLP_PL_007 -->
  <testcase classname="mobile.tests.Sleep_Playlist.Sleep_Playlist_Test" name="To_verify_when_the_user_taps_on_the_Schedule_a_reminder_option_on_the_bottom_sheet_SLP_PL_045" time="0.000">
    <skipped/>
  </testcase> <!-- To_verify_when_the_user_taps_on_the_Schedule_a_reminder_option_on_the_bottom_sheet_SLP_PL_045 -->
  <testcase classname="mobile.tests.Sleep_Playlist.Sleep_Playlist_Test" name="To_verify_the_UI_of_the_Add_Items_to_playlist_screen_SLP_PL_008" time="0.000">
    <skipped/>
  </testcase> <!-- To_verify_the_UI_of_the_Add_Items_to_playlist_screen_SLP_PL_008 -->
  <testcase classname="mobile.tests.Sleep_Playlist.Sleep_Playlist_Test" name="To_verify_when_the_user_taps_on_the_No_button_on_the_delete_playlist_confirmation_popup_SLP_PL_030" time="0.000">
    <skipped/>
  </testcase> <!-- To_verify_when_the_user_taps_on_the_No_button_on_the_delete_playlist_confirmation_popup_SLP_PL_030 -->
  <testcase classname="mobile.tests.Sleep_Playlist.Sleep_Playlist_Test" name="To_verify_when_the_user_try_to_tap_on_the_Save_button_without_applying_any_changes_in_the_created_playlist_SLP_PL_034" time="0.000">
    <skipped/>
  </testcase> <!-- To_verify_when_the_user_try_to_tap_on_the_Save_button_without_applying_any_changes_in_the_created_playlist_SLP_PL_034 -->
  <testcase classname="mobile.tests.Sleep_Playlist.Sleep_Playlist_Test" name="To_verify_when_the_user_taps_on_the_Rate_this_meditation_option_on_the_bottom_sheet_SLP_PL_047" time="0.000">
    <skipped/>
  </testcase> <!-- To_verify_when_the_user_taps_on_the_Rate_this_meditation_option_on_the_bottom_sheet_SLP_PL_047 -->
  <testcase classname="mobile.tests.Sleep_Playlist.Sleep_Playlist_Test" name="tear_down" time="0.003">
    <error message="Cannot invoke &quot;org.openqa.selenium.WebDriver.quit()&quot; because &quot;this.driver&quot; is null" type="java.lang.NullPointerException">
      <![CDATA[java.lang.NullPointerException: Cannot invoke "org.openqa.selenium.WebDriver.quit()" because "this.driver" is null
at io.unity.framework.init.base.tear_down(base.java:383)
at java.base/jdk.internal.reflect.NativeMethodAccessorImpl.invoke0(Native Method)
at java.base/jdk.internal.reflect.NativeMethodAccessorImpl.invoke(NativeMethodAccessorImpl.java:77)
at java.base/jdk.internal.reflect.DelegatingMethodAccessorImpl.invoke(DelegatingMethodAccessorImpl.java:43)
at java.base/java.lang.reflect.Method.invoke(Method.java:568)
at org.testng.internal.invokers.MethodInvocationHelper.invokeMethod(MethodInvocationHelper.java:139)
at org.testng.internal.invokers.MethodInvocationHelper.invokeMethodConsideringTimeout(MethodInvocationHelper.java:69)
at org.testng.internal.invokers.ConfigInvoker.invokeConfigurationMethod(ConfigInvoker.java:390)
at org.testng.internal.invokers.ConfigInvoker.invokeConfigurations(ConfigInvoker.java:325)
at org.testng.internal.invokers.TestInvoker.runConfigMethods(TestInvoker.java:810)
at org.testng.internal.invokers.TestInvoker.runAfterConfigurations(TestInvoker.java:779)
at org.testng.internal.invokers.TestInvoker.invokeMethod(TestInvoker.java:755)
at org.testng.internal.invokers.TestInvoker.invokeTestMethod(TestInvoker.java:227)
at org.testng.internal.invokers.MethodRunner.runInSequence(MethodRunner.java:50)
at org.testng.internal.invokers.TestInvoker$MethodInvocationAgent.invoke(TestInvoker.java:957)
at org.testng.internal.invokers.TestInvoker.invokeTestMethods(TestInvoker.java:200)
at org.testng.internal.invokers.TestMethodWorker.invokeTestMethods(TestMethodWorker.java:148)
at org.testng.internal.invokers.TestMethodWorker.run(TestMethodWorker.java:128)
at java.base/java.util.ArrayList.forEach(ArrayList.java:1511)
at org.testng.TestRunner.privateRun(TestRunner.java:848)
at org.testng.TestRunner.run(TestRunner.java:621)
at org.testng.SuiteRunner.runTest(SuiteRunner.java:443)
at org.testng.SuiteRunner$SuiteWorker.run(SuiteRunner.java:481)
at org.testng.internal.thread.ThreadUtil.lambda$execute$0(ThreadUtil.java:58)
at java.base/java.util.concurrent.FutureTask.run(FutureTask.java:264)
at java.base/java.util.concurrent.ThreadPoolExecutor.runWorker(ThreadPoolExecutor.java:1136)
at java.base/java.util.concurrent.ThreadPoolExecutor$Worker.run(ThreadPoolExecutor.java:635)
at java.base/java.lang.Thread.run(Thread.java:840)
]]>
    </error>
  </testcase> <!-- tear_down -->
  <testcase classname="mobile.tests.Sleep_Playlist.Sleep_Playlist_Test" name="To_verify_when_the_user_taps_on_the_Selected_icon_on_the_selected_music_track_from_the_expanded_music_list_SLP_PL_016" time="0.000">
    <skipped/>
  </testcase> <!-- To_verify_when_the_user_taps_on_the_Selected_icon_on_the_selected_music_track_from_the_expanded_music_list_SLP_PL_016 -->
  <testcase classname="mobile.tests.Sleep_Playlist.Sleep_Playlist_Test" name="To_verify_when_user_try_to_add_more_than_50_tracks_in_the_any_created_playlist_SLP_PL_014" time="0.000">
    <skipped/>
  </testcase> <!-- To_verify_when_user_try_to_add_more_than_50_tracks_in_the_any_created_playlist_SLP_PL_014 -->
  <testcase classname="mobile.tests.Sleep_Playlist.Sleep_Playlist_Test" name="To_verify_when_the_user_taps_on_the_Delete_playlist_option_on_the_bottom_sheet_SLP_PL_028" time="0.000">
    <skipped/>
  </testcase> <!-- To_verify_when_the_user_taps_on_the_Delete_playlist_option_on_the_bottom_sheet_SLP_PL_028 -->
  <testcase classname="mobile.tests.Sleep_Playlist.Sleep_Playlist_Test" name="To_verify_when_the_user_taps_on_the_Add_Items_button_SLP_PL_048" time="0.000">
    <skipped/>
  </testcase> <!-- To_verify_when_the_user_taps_on_the_Add_Items_button_SLP_PL_048 -->
  <testcase classname="mobile.tests.Sleep_Playlist.Sleep_Playlist_Test" name="To_verify_when_the_user_taps_on_the_Back_button_SLP_PL_022" time="0.000">
    <skipped/>
  </testcase> <!-- To_verify_when_the_user_taps_on_the_Back_button_SLP_PL_022 -->
  <testcase classname="mobile.tests.Sleep_Playlist.Sleep_Playlist_Test" name="To_verify_when_the_user_try_to_taping_on_the_Go_To_Playlist_button_after_selecting_music_track_SLP_PL_020" time="0.000">
    <skipped/>
  </testcase> <!-- To_verify_when_the_user_try_to_taping_on_the_Go_To_Playlist_button_after_selecting_music_track_SLP_PL_020 -->
  <testcase classname="mobile.tests.Sleep_Playlist.Sleep_Playlist_Test" name="To_verify_when_the_user_taps_on_the_Edit_Playlist_option_option_on_the_bottom_sheet_SLP_PL_032" time="0.000">
    <skipped/>
  </testcase> <!-- To_verify_when_the_user_taps_on_the_Edit_Playlist_option_option_on_the_bottom_sheet_SLP_PL_032 -->
  <testcase classname="mobile.tests.Sleep_Playlist.Sleep_Playlist_Test" name="To_verify_when_the_user_taps_on_the_More_Vert_icon_on_the_any_added_track_from_the_playlist_SLP_PL_025" time="0.000">
    <skipped/>
  </testcase> <!-- To_verify_when_the_user_taps_on_the_More_Vert_icon_on_the_any_added_track_from_the_playlist_SLP_PL_025 -->
  <testcase classname="mobile.tests.Sleep_Playlist.Sleep_Playlist_Test" name="To_verify_when_the_user_taps_on_the_Sleep_menu_on_th_bottom_menu_bar_SLP_PL_001" time="0.000">
    <skipped/>
  </testcase> <!-- To_verify_when_the_user_taps_on_the_Sleep_menu_on_th_bottom_menu_bar_SLP_PL_001 -->
  <testcase classname="mobile.tests.Sleep_Playlist.Sleep_Playlist_Test" name="To_verify_when_the_user_taps_on_the_Add_to_favorites_option_on_the_bottom_sheet_SLP_PL_044" time="0.000">
    <skipped/>
  </testcase> <!-- To_verify_when_the_user_taps_on_the_Add_to_favorites_option_on_the_bottom_sheet_SLP_PL_044 -->
  <testcase classname="mobile.tests.Sleep_Playlist.Sleep_Playlist_Test" name="To_verify_when_the_user_taps_on_the_Collapse_icon_on_the_any_category_from_the_list_SLP_PL_012" time="0.000">
    <skipped/>
  </testcase> <!-- To_verify_when_the_user_taps_on_the_Collapse_icon_on_the_any_category_from_the_list_SLP_PL_012 -->
  <testcase classname="mobile.tests.Sleep_Playlist.Sleep_Playlist_Test" name="To_verify_that_the_user_is_able_to_update_the_playlist_name_SLP_PL_035" time="0.000">
    <skipped/>
  </testcase> <!-- To_verify_that_the_user_is_able_to_update_the_playlist_name_SLP_PL_035 -->
</testsuite> <!-- mobile.tests.Sleep_Playlist.Sleep_Playlist_Test -->
